2024-01-22 00:02:46,312 [INFO] Activator:176 - 


2024-01-22 00:02:46,315 [INFO] Activator:177 - !SESSION log4j initialized
2024-01-22 00:02:49,521 [ERROR] LogOutputStream:75 - [STDERR_REDIRECT] 
2024-01-22 00:02:50,397 [INFO] LogOutputStream:77 - [STDOUT_REDIRECT] 
2024-01-22 00:02:51,591 [INFO] LogOutputStream:77 - [STDOUT_REDIRECT] 
2024-01-22 00:02:52,258 [INFO] ApplicationProperties:184 - Using Application install path: /Applications/STM32CubeIDE.app/Contents/Eclipse/plugins/com.st.stm32cube.common.mx_6.10.0.202311202037
2024-01-22 00:02:52,274 [INFO] DbMcusXml:78 - Set database path to: /Applications/STM32CubeIDE.app/Contents/Eclipse/plugins/com.st.stm32cube.common.mx_6.10.0.202311202037//db//mcu/
2024-01-22 00:02:52,274 [INFO] ApiDb:274 - Set plugin database path to: /Applications/STM32CubeIDE.app/Contents/Eclipse/plugins/com.st.stm32cube.common.mx_6.10.0.202311202037//db//plugins/boardmanager/
2024-01-22 00:02:52,275 [WARN] ApiDb:259 - Overriding images path with different value:  => /Applications/STM32CubeIDE.app/Contents/Eclipse/plugins/com.st.stm32cube.common.mx_6.10.0.202311202037//db//plugins/mcufinder/images/
2024-01-22 00:02:52,281 [INFO] ApiDb:250 - Set database path to: /Users/welcome/.stmcufinder/plugins/mcufinder//mcu/
2024-01-22 00:02:52,282 [INFO] DbMcusAds:125 - Set database path to: /Users/welcome/.stmcufinder/plugins/mcufinder//mcu/
2024-01-22 00:02:52,284 [INFO] CrossReferenceDbSqlite:203 - Set database path to: /Users/welcome/.stmcufinder/plugins/mcufinder//mcu/cs/
2024-01-22 00:02:52,394 [INFO] RulesReader:64 - Compatibility file has been processed (297 Rules)
2024-01-22 00:02:52,455 [INFO] DbMcusXml:78 - Set database path to: /Applications/STM32CubeIDE.app/Contents/Eclipse/plugins/com.st.stm32cube.common.mx_6.10.0.202311202037//db//mcu/
2024-01-22 00:02:52,455 [INFO] ApiDb:274 - Set plugin database path to: /Applications/STM32CubeIDE.app/Contents/Eclipse/plugins/com.st.stm32cube.common.mx_6.10.0.202311202037//db//plugins/boardmanager/
2024-01-22 00:02:52,455 [INFO] ApiDb:261 - Set plugin images path to: /Applications/STM32CubeIDE.app/Contents/Eclipse/plugins/com.st.stm32cube.common.mx_6.10.0.202311202037//db//plugins/mcufinder/images/
2024-01-22 00:02:52,455 [WARN] DbFile:41 - Overriding database path with different value: /Users/welcome/.stmcufinder/plugins/mcufinder/ => /Users/welcome/.stmcufinder/plugins/mcufinder
2024-01-22 00:02:52,455 [INFO] ApiDb:250 - Set database path to: /Users/welcome/.stmcufinder/plugins/mcufinder//mcu/
2024-01-22 00:02:52,456 [WARN] DbFile:41 - Overriding database path with different value: /Users/welcome/.stmcufinder/plugins/mcufinder/ => /Users/welcome/.stmcufinder/plugins/mcufinder
2024-01-22 00:02:52,456 [INFO] DbMcusAds:125 - Set database path to: /Users/welcome/.stmcufinder/plugins/mcufinder//mcu/
2024-01-22 00:02:52,456 [WARN] DbFile:41 - Overriding database path with different value: /Users/welcome/.stmcufinder/plugins/mcufinder/ => /Users/welcome/.stmcufinder/plugins/mcufinder
2024-01-22 00:02:52,456 [WARN] DbFile:41 - Overriding database path with different value: /Users/welcome/.stmcufinder/plugins/mcufinder/ => /Users/welcome/.stmcufinder/plugins/mcufinder
2024-01-22 00:02:52,456 [INFO] CrossReferenceDbSqlite:203 - Set database path to: /Users/welcome/.stmcufinder/plugins/mcufinder//mcu/cs/
2024-01-22 00:02:52,515 [INFO] MainPanel:264 - HeapMemory: 268435456
2024-01-22 00:02:52,575 [INFO] DbMcusXml:78 - Set database path to: /Applications/STM32CubeIDE.app/Contents/Eclipse/plugins/com.st.stm32cube.common.mx_6.10.0.202311202037//db//mcu/
2024-01-22 00:02:52,575 [INFO] ApiDb:274 - Set plugin database path to: /Applications/STM32CubeIDE.app/Contents/Eclipse/plugins/com.st.stm32cube.common.mx_6.10.0.202311202037//db//plugins/boardmanager/
2024-01-22 00:02:52,575 [INFO] ApiDb:261 - Set plugin images path to: /Applications/STM32CubeIDE.app/Contents/Eclipse/plugins/com.st.stm32cube.common.mx_6.10.0.202311202037//db//plugins/mcufinder/images/
2024-01-22 00:02:52,575 [WARN] DbFile:41 - Overriding database path with different value: /Users/welcome/.stmcufinder/plugins/mcufinder/ => /Users/welcome/.stmcufinder/plugins/mcufinder
2024-01-22 00:02:52,576 [INFO] ApiDb:250 - Set database path to: /Users/welcome/.stmcufinder/plugins/mcufinder//mcu/
2024-01-22 00:02:52,576 [WARN] DbFile:41 - Overriding database path with different value: /Users/welcome/.stmcufinder/plugins/mcufinder/ => /Users/welcome/.stmcufinder/plugins/mcufinder
2024-01-22 00:02:52,576 [INFO] DbMcusAds:125 - Set database path to: /Users/welcome/.stmcufinder/plugins/mcufinder//mcu/
2024-01-22 00:02:52,576 [WARN] DbFile:41 - Overriding database path with different value: /Users/welcome/.stmcufinder/plugins/mcufinder/ => /Users/welcome/.stmcufinder/plugins/mcufinder
2024-01-22 00:02:52,576 [WARN] DbFile:41 - Overriding database path with different value: /Users/welcome/.stmcufinder/plugins/mcufinder/ => /Users/welcome/.stmcufinder/plugins/mcufinder
2024-01-22 00:02:52,576 [INFO] CrossReferenceDbSqlite:203 - Set database path to: /Users/welcome/.stmcufinder/plugins/mcufinder//mcu/cs/
2024-01-22 00:02:52,590 [INFO] ApplicationProperties:184 - Using Application install path: /Applications/STM32CubeIDE.app/Contents/Eclipse/plugins/com.st.stm32cube.common.mx_6.10.0.202311202037
2024-01-22 00:02:52,592 [INFO] PluginManage:196 - Search for loadable plugins [exclusion list=, ]
2024-01-22 00:02:52,593 [INFO] PluginManage:310 - Check plugin analytics
2024-01-22 00:02:52,768 [INFO] AnalyticsPlugin:253 - Accepted Software Licenses: 
2024-01-22 00:02:52,769 [INFO] AnalyticsPlugin:255 - Accepted CMSIS Pack Licenses: 
2024-01-22 00:02:52,769 [INFO] AnalyticsPlugin:257 - Accepted Firmware Licenses: FW.F4.1.27.0
2024-01-22 00:02:52,772 [INFO] PluginManage:359 - Loaded plugin analytics (category:tool,tabindex:-1)
2024-01-22 00:02:52,772 [INFO] PluginManage:310 - Check plugin cadmodel
2024-01-22 00:02:52,992 [INFO] CADModel:105 - Init CAD model plugin
2024-01-22 00:02:52,992 [INFO] PluginManage:359 - Loaded plugin cadmodel (category:power,tabindex:5)
2024-01-22 00:02:52,992 [INFO] PluginManage:310 - Check plugin clock
2024-01-22 00:02:53,002 [INFO] PluginManage:359 - Loaded plugin clock (category:base,tabindex:2)
2024-01-22 00:02:53,002 [INFO] PluginManage:310 - Check plugin ddr
2024-01-22 00:02:53,004 [INFO] PluginManage:359 - Loaded plugin ddr (category:tool,tabindex:6)
2024-01-22 00:02:53,004 [INFO] PluginManage:310 - Check plugin filemanager
2024-01-22 00:02:53,120 [INFO] PluginManage:359 - Loaded plugin filemanager (category:base,tabindex:10)
2024-01-22 00:02:53,121 [INFO] PluginManage:310 - Check plugin ipmanager
2024-01-22 00:02:53,127 [INFO] PluginManage:359 - Loaded plugin ipmanager (category:base,tabindex:5)
2024-01-22 00:02:53,127 [INFO] PluginManage:310 - Check plugin lpbam
2024-01-22 00:02:53,135 [INFO] PluginManage:359 - Loaded plugin lpbam (category:base,tabindex:0)
2024-01-22 00:02:53,135 [INFO] PluginManage:310 - Check plugin memorymap
2024-01-22 00:02:53,147 [INFO] PluginManage:359 - Loaded plugin memorymap (category:base,tabindex:4)
2024-01-22 00:02:53,147 [INFO] PluginManage:310 - Check plugin pinoutandconfiguration
2024-01-22 00:02:53,153 [INFO] PluginManage:359 - Loaded plugin pinoutandconfiguration (category:base,tabindex:1)
2024-01-22 00:02:53,154 [INFO] PluginManage:310 - Check plugin pinoutconfig
2024-01-22 00:02:53,228 [WARN] SupportedApi:132 - Cannot load RTOS API schema: s4s-elt-must-match.1: The content of 'definitions' must match (annotation?, (simpleType | complexType)?, (unique | key | keyref)*)). A problem was found starting at: attribute.
2024-01-22 00:02:53,337 [INFO] PluginManage:359 - Loaded plugin pinoutconfig (category:base,tabindex:0)
2024-01-22 00:02:53,338 [INFO] PluginManage:310 - Check plugin power
2024-01-22 00:02:53,346 [INFO] PluginManage:359 - Loaded plugin power (category:power,tabindex:4)
2024-01-22 00:02:53,346 [INFO] PluginManage:310 - Check plugin projectmanager
2024-01-22 00:02:53,360 [INFO] PluginManage:359 - Loaded plugin projectmanager (category:projectmanager,tabindex:3)
2024-01-22 00:02:53,360 [INFO] PluginManage:310 - Check plugin thirdparty
2024-01-22 00:02:53,462 [INFO] PluginManage:359 - Loaded plugin thirdparty (category:base,tabindex:-1)
2024-01-22 00:02:53,461 [WARN] IntegrityCheckThread:84 - waiting for thirdparty lock release [integrity check]
2024-01-22 00:02:53,462 [INFO] PluginManage:310 - Check plugin tools
2024-01-22 00:02:53,462 [INFO] IntegrityCheckThread:86 - entering critical section [integrity check]
2024-01-22 00:02:53,462 [INFO] ThirdPartyUpdaterWithRetryManager:70 - Updater plugin not ready yet. [1/15]
2024-01-22 00:02:53,463 [INFO] PluginManage:359 - Loaded plugin tools (category:base,tabindex:7)
2024-01-22 00:02:53,464 [INFO] PluginManage:310 - Check plugin tutovideos
2024-01-22 00:02:53,628 [INFO] PluginManage:359 - Loaded plugin tutovideos (category:base,tabindex:-1)
2024-01-22 00:02:53,628 [INFO] PluginManage:310 - Check plugin updater
2024-01-22 00:02:53,638 [INFO] PluginManage:359 - Loaded plugin updater (category:base,tabindex:12)
2024-01-22 00:02:53,638 [INFO] PluginManage:310 - Check plugin userauth
2024-01-22 00:02:53,643 [INFO] UserAuth:114 - Init User Auth plugin
2024-01-22 00:02:53,643 [INFO] PluginManage:359 - Loaded plugin userauth (category:base,tabindex:14)
2024-01-22 00:02:53,644 [INFO] PluginManage:283 - PluginManage : Loaded plugins [17]
2024-01-22 00:02:53,787 [INFO] PinOutPanel:1499 - setPackage(No Configuration,No Configuration)
2024-01-22 00:02:53,846 [INFO] CADModel:165 - CPN selected for project level
2024-01-22 00:02:53,846 [INFO] CADModel:114 - Register for checkConnection events
2024-01-22 00:02:53,858 [INFO] IPUIPlugin:80 - create IPUIPlugin
2024-01-22 00:02:53,858 [INFO] PluginManager:220 - loadIPPluginJar : add mdma
2024-01-22 00:02:53,865 [INFO] IPUIPlugin:80 - create IPUIPlugin
2024-01-22 00:02:53,866 [INFO] PluginManager:220 - loadIPPluginJar : add freertos
2024-01-22 00:02:53,870 [INFO] IPUIPlugin:80 - create IPUIPlugin
2024-01-22 00:02:53,870 [INFO] PluginManager:220 - loadIPPluginJar : add gic
2024-01-22 00:02:53,878 [INFO] IPUIPlugin:80 - create IPUIPlugin
2024-01-22 00:02:53,879 [INFO] PluginManager:220 - loadIPPluginJar : add adc
2024-01-22 00:02:53,880 [INFO] IPUIPlugin:80 - create IPUIPlugin
2024-01-22 00:02:53,881 [INFO] PluginManager:220 - loadIPPluginJar : add gtzc
2024-01-22 00:02:53,881 [INFO] IPUIPlugin:80 - create IPUIPlugin
2024-01-22 00:02:53,881 [INFO] PluginManager:220 - loadIPPluginJar : add quadspi
2024-01-22 00:02:53,883 [INFO] IPUIPlugin:80 - create IPUIPlugin
2024-01-22 00:02:53,883 [INFO] PluginManager:220 - loadIPPluginJar : add aes
2024-01-22 00:02:53,885 [INFO] IPUIPlugin:80 - create IPUIPlugin
2024-01-22 00:02:53,886 [INFO] PluginManager:220 - loadIPPluginJar : add pdm2pcm
2024-01-22 00:02:53,887 [INFO] IPUIPlugin:80 - create IPUIPlugin
2024-01-22 00:02:53,887 [INFO] PluginManager:220 - loadIPPluginJar : add hash
2024-01-22 00:02:53,888 [INFO] IPUIPlugin:80 - create IPUIPlugin
2024-01-22 00:02:53,888 [INFO] PluginManager:220 - loadIPPluginJar : add tim
2024-01-22 00:02:53,889 [INFO] IPUIPlugin:80 - create IPUIPlugin
2024-01-22 00:02:53,889 [INFO] PluginManager:220 - loadIPPluginJar : add tsc
2024-01-22 00:02:53,890 [INFO] IPUIPlugin:80 - create IPUIPlugin
2024-01-22 00:02:53,890 [INFO] PluginManager:220 - loadIPPluginJar : add ts
2024-01-22 00:02:53,892 [INFO] IPUIPlugin:80 - create IPUIPlugin
2024-01-22 00:02:53,892 [INFO] PluginManager:220 - loadIPPluginJar : add can
2024-01-22 00:02:53,894 [INFO] IPUIPlugin:80 - create IPUIPlugin
2024-01-22 00:02:53,894 [INFO] PluginManager:220 - loadIPPluginJar : add dma3
2024-01-22 00:02:53,895 [INFO] IPUIPlugin:80 - create IPUIPlugin
2024-01-22 00:02:53,896 [INFO] PluginManager:220 - loadIPPluginJar : add dfsdm
2024-01-22 00:02:53,897 [INFO] IPUIPlugin:80 - create IPUIPlugin
2024-01-22 00:02:53,897 [INFO] PluginManager:220 - loadIPPluginJar : add spi
2024-01-22 00:02:53,899 [INFO] IPUIPlugin:80 - create IPUIPlugin
2024-01-22 00:02:53,899 [INFO] PluginManager:220 - loadIPPluginJar : add gfxmmu
2024-01-22 00:02:53,899 [INFO] IPUIPlugin:80 - create IPUIPlugin
2024-01-22 00:02:53,899 [INFO] PluginManager:220 - loadIPPluginJar : add genericplugin
2024-01-22 00:02:53,900 [INFO] IPUIPlugin:80 - create IPUIPlugin
2024-01-22 00:02:53,901 [INFO] PluginManager:220 - loadIPPluginJar : add cryp
2024-01-22 00:02:53,904 [INFO] IPUIPlugin:80 - create IPUIPlugin
2024-01-22 00:02:53,904 [INFO] PluginManager:220 - loadIPPluginJar : add gpio
2024-01-22 00:02:53,905 [INFO] IPUIPlugin:80 - create IPUIPlugin
2024-01-22 00:02:53,905 [INFO] PluginManager:220 - loadIPPluginJar : add comp
2024-01-22 00:02:53,906 [INFO] IPUIPlugin:80 - create IPUIPlugin
2024-01-22 00:02:53,906 [INFO] PluginManager:220 - loadIPPluginJar : add tracer_emb
2024-01-22 00:02:53,909 [INFO] IPUIPlugin:80 - create IPUIPlugin
2024-01-22 00:02:53,909 [INFO] PluginManager:220 - loadIPPluginJar : add openamp
2024-01-22 00:02:53,912 [INFO] IPUIPlugin:80 - create IPUIPlugin
2024-01-22 00:02:53,913 [INFO] PluginManager:220 - loadIPPluginJar : add stm32_wpan
2024-01-22 00:02:53,917 [INFO] IPUIPlugin:80 - create IPUIPlugin
2024-01-22 00:02:53,918 [INFO] PluginManager:220 - loadIPPluginJar : add plateformsettings
2024-01-22 00:02:53,922 [INFO] IPUIPlugin:80 - create IPUIPlugin
2024-01-22 00:02:53,923 [INFO] PluginManager:220 - loadIPPluginJar : add ipddr
2024-01-22 00:02:53,925 [INFO] IPUIPlugin:80 - create IPUIPlugin
2024-01-22 00:02:53,925 [INFO] PluginManager:220 - loadIPPluginJar : add usart
2024-01-22 00:02:53,926 [INFO] IPUIPlugin:80 - create IPUIPlugin
2024-01-22 00:02:53,926 [INFO] PluginManager:220 - loadIPPluginJar : add ltdc
2024-01-22 00:02:53,928 [INFO] IPUIPlugin:80 - create IPUIPlugin
2024-01-22 00:02:53,929 [INFO] PluginManager:220 - loadIPPluginJar : add nvic
2024-01-22 00:02:53,929 [INFO] IPUIPlugin:80 - create IPUIPlugin
2024-01-22 00:02:53,929 [INFO] PluginManager:220 - loadIPPluginJar : add fatfs
2024-01-22 00:02:53,935 [INFO] IPUIPlugin:80 - create IPUIPlugin
2024-01-22 00:02:53,935 [INFO] PluginManager:220 - loadIPPluginJar : add linkedlist
2024-01-22 00:02:53,938 [INFO] IPUIPlugin:80 - create IPUIPlugin
2024-01-22 00:02:53,938 [INFO] PluginManager:220 - loadIPPluginJar : add dma
2024-01-22 00:02:53,941 [INFO] IPUIPlugin:80 - create IPUIPlugin
2024-01-22 00:02:53,941 [INFO] PluginManager:220 - loadIPPluginJar : add fmc
2024-01-22 00:02:53,943 [INFO] IPUIPlugin:80 - create IPUIPlugin
2024-01-22 00:02:53,943 [INFO] PluginManager:220 - loadIPPluginJar : add i2s
2024-01-22 00:02:53,944 [INFO] IPUIPlugin:80 - create IPUIPlugin
2024-01-22 00:02:53,944 [INFO] PluginManager:220 - loadIPPluginJar : add ucpd
2024-01-22 00:02:53,945 [INFO] IPUIPlugin:80 - create IPUIPlugin
2024-01-22 00:02:53,945 [INFO] PluginManager:220 - loadIPPluginJar : add lorawan
2024-01-22 00:02:53,947 [INFO] IPUIPlugin:80 - create IPUIPlugin
2024-01-22 00:02:53,947 [INFO] PluginManager:220 - loadIPPluginJar : add opamp
2024-01-22 00:02:53,948 [INFO] IPUIPlugin:80 - create IPUIPlugin
2024-01-22 00:02:53,948 [INFO] PluginManager:220 - loadIPPluginJar : add i3c
2024-01-22 00:02:53,950 [INFO] IPUIPlugin:80 - create IPUIPlugin
2024-01-22 00:02:53,950 [INFO] PluginManager:220 - loadIPPluginJar : add touchsensing
2024-01-22 00:02:53,952 [INFO] IPUIPlugin:80 - create IPUIPlugin
2024-01-22 00:02:53,952 [INFO] PluginManager:220 - loadIPPluginJar : add i2c
2024-01-22 00:02:53,954 [INFO] IPUIPlugin:80 - create IPUIPlugin
2024-01-22 00:02:53,955 [INFO] PluginManager:220 - loadIPPluginJar : add resmgrutility
2024-01-22 00:02:53,957 [INFO] IPUIPlugin:80 - create IPUIPlugin
2024-01-22 00:02:53,957 [INFO] PluginManager:220 - loadIPPluginJar : add sai
2024-01-22 00:02:53,959 [INFO] IPUIPlugin:80 - create IPUIPlugin
2024-01-22 00:02:53,959 [INFO] PluginManager:220 - loadIPPluginJar : add usbx
2024-01-22 00:02:54,059 [INFO] CADModel:165 - CPN selected for project level
2024-01-22 00:02:54,060 [INFO] CADModel:114 - Register for checkConnection events
2024-01-22 00:02:54,060 [FATAL] Updater:308 - Updater called before beeing initialized
2024-01-22 00:02:54,060 [ERROR] CADModel:125 - Updater not yet initialized, retry later 
2024-01-22 00:02:54,191 [INFO] CADModel:165 - CPN selected for project level
2024-01-22 00:02:54,191 [INFO] CADModel:114 - Register for checkConnection events
2024-01-22 00:02:54,191 [FATAL] Updater:308 - Updater called before beeing initialized
2024-01-22 00:02:54,191 [ERROR] CADModel:125 - Updater not yet initialized, retry later 
2024-01-22 00:02:54,194 [FATAL] Updater:308 - Updater called before beeing initialized
2024-01-22 00:02:54,262 [FATAL] Updater:308 - Updater called before beeing initialized
2024-01-22 00:02:54,267 [INFO] DbMcusAds:53 - JSON generation date=Wed Nov 29 18:52:27 SGT 2023 (1701255147200)
2024-01-22 00:02:54,267 [FATAL] Updater:308 - Updater called before beeing initialized
2024-01-22 00:02:54,314 [WARN] DetailPanel:346 - Failed to get advertising image, set to default
2024-01-22 00:02:54,384 [FATAL] Updater:308 - Updater called before beeing initialized
2024-01-22 00:02:54,385 [FATAL] Updater:308 - Updater called before beeing initialized
2024-01-22 00:02:54,385 [FATAL] Updater:308 - Updater called before beeing initialized
2024-01-22 00:02:54,386 [WARN] DetailPanel:346 - Failed to get advertising image, set to default
2024-01-22 00:02:54,386 [FATAL] Updater:308 - Updater called before beeing initialized
2024-01-22 00:02:54,413 [ERROR] Updater:1120 - MainUpdater not yet initialized. External WinMGr cannot be set.
2024-01-22 00:02:54,433 [INFO] Updater:1056 - Updater Version found : 6.10.0
2024-01-22 00:02:54,452 [INFO] ApplicationProperties:184 - Using Application install path: /Applications/STM32CubeIDE.app/Contents/Eclipse/plugins/com.st.stm32cube.common.mx_6.10.0.202311202037
2024-01-22 00:02:54,724 [INFO] MainUpdater:2873 - connection check result : 10
2024-01-22 00:02:54,724 [INFO] MainUpdater:290 - Updater Check For Update Now.
2024-01-22 00:02:54,724 [INFO] MicroXplorer:498 - Change Database Version : DB.6.0.100
2024-01-22 00:02:54,729 [INFO] McuFinderGlobals:63 - Set McuFinder mode to 2 (CubeIDE integrated)
2024-01-22 00:02:54,823 [INFO] UserAuth:404 - Internet connection configuration mode: 1
2024-01-22 00:02:54,836 [INFO] JxBrowserEngine:152 - Initiate JxBrowser Engine with user profile folder
2024-01-22 00:02:54,914 [INFO] CheckServerUpdateThread:120 - End of CheckServer Thread
2024-01-22 00:02:55,728 [INFO] WebApp:161 - Instantiating new browser for Auth
2024-01-22 00:02:56,207 [INFO] WebApp:780 - Register for checkConnection events
2024-01-22 00:02:56,212 [INFO] WebApp:414 - Apply proxy settings
2024-01-22 00:02:56,235 [INFO] WebApp:459 - Chromium authenticates against Manually configured proxy
2024-01-22 00:02:56,258 [INFO] WebApp:467 - Username used for proxy authentication: 
2024-01-22 00:02:56,462 [INFO] WebApp:192 - Starting web application
2024-01-22 00:02:56,477 [INFO] WebApp:544 - Web application path used /Applications/STM32CubeIDE.app/Contents/Eclipse/plugins/com.st.stm32cube.common.mx_6.10.0.202311202037/db/plugins/mcufinder/reactClient1/index.html
2024-01-22 00:02:56,736 [WARN] PackLoader:240 - Cannot read IP mode file for STMicroelectronics.X-CUBE-SMBUS.2.1.0
2024-01-22 00:02:56,742 [WARN] PackLoader:240 - Cannot read IP mode file for STMicroelectronics.X-CUBE-TOUCHGFX.4.23.0
2024-01-22 00:02:56,770 [WARN] PackLoader:240 - Cannot read IP mode file for STMicroelectronics.X-CUBE-AZRTOS-F7.1.1.0
2024-01-22 00:02:56,782 [WARN] PackLoader:240 - Cannot read IP mode file for STMicroelectronics.FP-SNS-MOTENV1.4.3.2
2024-01-22 00:02:56,792 [WARN] PackLoader:240 - Cannot read IP mode file for STMicroelectronics.X-CUBE-BLE1.6.2.4
2024-01-22 00:02:56,798 [WARN] PackLoader:240 - Cannot read IP mode file for STMicroelectronics.X-CUBE-BLE1.6.2.1
2024-01-22 00:02:56,802 [WARN] PackLoader:240 - Cannot read IP mode file for STMicroelectronics.X-CUBE-BLE2.3.2.1
2024-01-22 00:02:56,807 [WARN] PackLoader:240 - Cannot read IP mode file for STMicroelectronics.FP-SNS-FLIGHT1.5.0.2
2024-01-22 00:02:56,814 [WARN] PackLoader:240 - Cannot read IP mode file for STMicroelectronics.X-CUBE-DISPLAY.3.0.0
2024-01-22 00:02:56,825 [WARN] PackLoader:240 - Cannot read IP mode file for STMicroelectronics.X-CUBE-BLE1.7.0.0
2024-01-22 00:02:56,836 [WARN] PackLoader:240 - Cannot read IP mode file for STMicroelectronics.X-CUBE-SUBG2.4.2.0
2024-01-22 00:02:56,860 [WARN] PackLoader:240 - Cannot read IP mode file for STMicroelectronics.X-CUBE-AZRTOS-H7.1.0.0
2024-01-22 00:02:56,870 [WARN] PackLoader:240 - Cannot read IP mode file for STMicroelectronics.FP-SNS-SMARTAG2.1.2.0
2024-01-22 00:02:56,880 [INFO] LogOutputStream:77 - [STDOUT_REDIRECT] 1 : Invalid condition id : UX_CORESTACK_Condition cause : null
2024-01-22 00:02:56,880 [INFO] LogOutputStream:77 - [STDOUT_REDIRECT] 1 : Invalid condition id : UX_CORESTACK_Condition cause : null
2024-01-22 00:02:56,880 [INFO] LogOutputStream:77 - [STDOUT_REDIRECT] 1 : Invalid condition id : UX_CORESTACK_Condition cause : null
2024-01-22 00:02:56,881 [INFO] LogOutputStream:77 - [STDOUT_REDIRECT] 1 : Invalid condition id : UX_CORESTACK_Condition cause : null
2024-01-22 00:02:56,881 [INFO] LogOutputStream:77 - [STDOUT_REDIRECT] 1 : Invalid condition id : UX_CORESTACK_Condition cause : null
2024-01-22 00:02:56,884 [WARN] PackLoader:240 - Cannot read IP mode file for STMicroelectronics.X-CUBE-AZRTOS-WL.2.0.0
2024-01-22 00:02:56,891 [WARN] PackLoader:240 - Cannot read IP mode file for STMicroelectronics.X-CUBE-ALGOBUILD.1.2.1
2024-01-22 00:02:56,898 [WARN] PackLoader:240 - Cannot read IP mode file for WES.I-CUBE-Cesium.1.3.0
2024-01-22 00:02:56,903 [WARN] PackLoader:240 - Cannot read IP mode file for STMicroelectronics.X-CUBE-DISPLAY.2.2.0
2024-01-22 00:02:56,913 [WARN] PackLoader:240 - Cannot read IP mode file for STMicroelectronics.X-CUBE-TOF1.3.2.0
2024-01-22 00:02:56,921 [WARN] PackLoader:240 - Cannot read IP mode file for STMicroelectronics.X-CUBE-TOUCHGFX.4.21.1
2024-01-22 00:02:56,924 [WARN] PackLoader:240 - Cannot read IP mode file for STMicroelectronics.X-CUBE-TOUCHGFX.4.21.0
2024-01-22 00:02:56,960 [WARN] PackLoader:240 - Cannot read IP mode file for STMicroelectronics.X-CUBE-MEMS1.9.4.0
2024-01-22 00:02:57,072 [WARN] PackLoader:240 - Cannot read IP mode file for STMicroelectronics.X-CUBE-AI.7.3.0
2024-01-22 00:02:57,090 [WARN] PackLoader:240 - Cannot read IP mode file for STMicroelectronics.X-CUBE-AZRTOS-G0.1.1.0
2024-01-22 00:02:57,096 [WARN] PackLoader:240 - Cannot read IP mode file for STMicroelectronics.X-CUBE-NFC4.3.0.0
2024-01-22 00:02:57,124 [WARN] PackLoader:240 - Cannot read IP mode file for SEGGER.I-CUBE-embOS.1.2.0
2024-01-22 00:02:57,158 [WARN] PackLoader:240 - Cannot read IP mode file for STMicroelectronics.X-CUBE-TOUCHGFX.4.17.0
2024-01-22 00:02:57,167 [WARN] PackLoader:240 - Cannot read IP mode file for STMicroelectronics.X-CUBE-BLEMGR.3.0.0
2024-01-22 00:02:57,176 [WARN] PackLoader:240 - Cannot read IP mode file for STMicroelectronics.X-CUBE-BLEMGR.1.3.0
2024-01-22 00:02:57,212 [WARN] PackLoader:240 - Cannot read IP mode file for STMicroelectronics.X-CUBE-MEMS1.9.5.0
2024-01-22 00:02:57,408 [WARN] PackLoader:240 - Cannot read IP mode file for STMicroelectronics.X-CUBE-AZRTOS-F4.1.1.0
2024-01-22 00:02:57,429 [WARN] PackLoader:240 - Cannot read IP mode file for STMicroelectronics.X-CUBE-AZRTOS-L5.2.0.0
2024-01-22 00:02:57,436 [WARN] PackLoader:240 - Cannot read IP mode file for STMicroelectronics.X-CUBE-EEPRMA1.4.2.0
2024-01-22 00:02:57,441 [WARN] PackLoader:240 - Cannot read IP mode file for ITTIA_DB.I-CUBE-ITTIADB.8.8.0
2024-01-22 00:02:57,447 [WARN] PackLoader:240 - Cannot read IP mode file for emotas.I-CUBE-CANOPEN.1.1.3
2024-01-22 00:02:57,451 [WARN] PackLoader:240 - Cannot read IP mode file for STMicroelectronics.X-CUBE-NFC4.2.0.5
2024-01-22 00:02:57,457 [WARN] PackLoader:240 - Cannot read IP mode file for STMicroelectronics.X-CUBE-NFC4.2.0.3
2024-01-22 00:02:57,463 [WARN] PackLoader:240 - Cannot read IP mode file for wolfSSL.I-CUBE-wolfSSL.4.8.0
2024-01-22 00:02:57,469 [WARN] PackLoader:240 - Cannot read IP mode file for STMicroelectronics.X-CUBE-SFXS2LP1.3.1.0
2024-01-22 00:02:57,480 [WARN] PackLoader:240 - Cannot read IP mode file for STMicroelectronics.X-CUBE-NFC7.1.0.1
2024-01-22 00:02:57,485 [WARN] PackLoader:240 - Cannot read IP mode file for STMicroelectronics.X-CUBE-NFC7.1.0.0
2024-01-22 00:02:57,493 [WARN] PackLoader:240 - Cannot read IP mode file for STMicroelectronics.X-CUBE-NFC6.3.0.0
2024-01-22 00:02:57,499 [WARN] PackLoader:240 - Cannot read IP mode file for STMicroelectronics.X-CUBE-EEPRMA1.4.1.0
2024-01-22 00:02:57,503 [WARN] PackLoader:240 - Cannot read IP mode file for STMicroelectronics.X-CUBE-DISPLAY.1.0.0
2024-01-22 00:02:57,506 [WARN] PackLoader:240 - Cannot read IP mode file for STMicroelectronics.X-CUBE-AI.8.1.0
2024-01-22 00:02:57,521 [WARN] ConditionMgr:438 - getConditionDescription Invalid condition id : LAN8742 Phy interface Condition cause : null
2024-01-22 00:02:57,522 [WARN] PackLoader:240 - Cannot read IP mode file for STMicroelectronics.X-CUBE-AZRTOS-L4.2.0.0
2024-01-22 00:02:57,523 [WARN] ConditionMgr:1039 - genDependencies : Invalid condition id : LAN8742 Phy interface Condition cause : null
2024-01-22 00:02:57,523 [WARN] ConditionMgr:1039 - genDependencies : Invalid condition id : LAN8742 Phy interface Condition cause : null
2024-01-22 00:02:57,524 [WARN] ConditionMgr:1039 - genDependencies : Invalid condition id : LAN8742 Phy interface Condition cause : null
2024-01-22 00:02:57,543 [WARN] PackLoader:240 - Cannot read IP mode file for STMicroelectronics.X-CUBE-AZRTOS-H7.3.0.0
2024-01-22 00:02:57,550 [WARN] PackLoader:240 - Cannot read IP mode file for STMicroelectronics.X-CUBE-ISPU.1.1.0
2024-01-22 00:02:57,556 [WARN] PackLoader:240 - Cannot read IP mode file for RoweBots.I-CUBE-UNISONRTOS.5.5.0-4
2024-01-22 00:02:57,561 [WARN] PackLoader:240 - Cannot read IP mode file for STMicroelectronics.X-CUBE-AI.8.0.0
2024-01-22 00:02:57,571 [WARN] ConditionMgr:438 - getConditionDescription Invalid condition id : UX DEVICE CLASS RTOS Condition cause : null
2024-01-22 00:02:57,572 [WARN] ConditionMgr:438 - getConditionDescription Invalid condition id : UX DEVICE CLASS RTOS Condition cause : null
2024-01-22 00:02:57,573 [WARN] PackLoader:240 - Cannot read IP mode file for STMicroelectronics.X-CUBE-AZRTOS-WB.2.0.0
2024-01-22 00:02:57,574 [WARN] ConditionMgr:1039 - genDependencies : Invalid condition id : UX DEVICE CLASS RTOS Condition cause : null
2024-01-22 00:02:57,575 [WARN] ConditionMgr:1039 - genDependencies : Invalid condition id : UX DEVICE CLASS RTOS Condition cause : null
2024-01-22 00:02:57,575 [WARN] ConditionMgr:1039 - genDependencies : Invalid condition id : UX DEVICE CLASS RTOS Condition cause : null
2024-01-22 00:02:57,575 [WARN] ConditionMgr:1039 - genDependencies : Invalid condition id : UX DEVICE CLASS RTOS Condition cause : null
2024-01-22 00:02:57,575 [WARN] ConditionMgr:1039 - genDependencies : Invalid condition id : UX DEVICE CLASS RTOS Condition cause : null
2024-01-22 00:02:57,607 [WARN] PackLoader:240 - Cannot read IP mode file for STMicroelectronics.X-CUBE-MEMS1.9.0.0
2024-01-22 00:02:57,714 [WARN] PackLoader:240 - Cannot read IP mode file for STMicroelectronics.X-CUBE-AZRTOS-L5.1.1.0
2024-01-22 00:02:57,730 [WARN] PackLoader:240 - Cannot read IP mode file for STMicroelectronics.X-CUBE-AZRTOS-G4.2.0.0
2024-01-22 00:02:57,734 [WARN] PackLoader:240 - Cannot read IP mode file for STMicroelectronics.FP-ATR-ASTRA1.1.1.1
2024-01-22 00:02:57,746 [WARN] PackLoader:240 - Cannot read IP mode file for Infineon.AIROC-Wi-Fi-Bluetooth-STM32.1.5.1
2024-01-22 00:02:57,754 [WARN] PackLoader:240 - Cannot read IP mode file for STMicroelectronics.FP-SNS-MOTENVWB1.1.3.1
2024-01-22 00:02:57,767 [WARN] PackLoader:240 - Cannot read IP mode file for STMicroelectronics.X-CUBE-AZRTOS-G4.1.0.0
2024-01-22 00:02:57,780 [WARN] PackLoader:240 - Cannot read IP mode file for STMicroelectronics.X-CUBE-AZRTOS-L4.1.0.0
2024-01-22 00:02:57,785 [WARN] PackLoader:240 - Cannot read IP mode file for STMicroelectronics.X-CUBE-ISPU.2.0.0
2024-01-22 00:02:57,813 [WARN] PackLoader:240 - Cannot read IP mode file for STMicroelectronics.X-CUBE-MEMS1.10.0.0
2024-01-22 00:02:57,920 [WARN] PackLoader:240 - Cannot read IP mode file for STMicroelectronics.X-CUBE-FREERTOS.1.1.0
2024-01-22 00:02:57,933 [WARN] PackLoader:240 - Cannot read IP mode file for STMicroelectronics.X-CUBE-AZRTOS-WL.1.0.0
2024-01-22 00:02:57,938 [WARN] PackLoader:240 - Cannot read IP mode file for STMicroelectronics.X-CUBE-TOF1.1.0.0
2024-01-22 00:02:57,943 [WARN] PackLoader:240 - Cannot read IP mode file for STMicroelectronics.X-CUBE-ALS.1.0.0
2024-01-22 00:02:57,948 [WARN] PackLoader:240 - Cannot read IP mode file for portGmbH.I-Cube-SoM-uGOAL.1.1.0
2024-01-22 00:02:57,950 [WARN] PackLoader:240 - Cannot read IP mode file for STMicroelectronics.X-CUBE-AI.7.0.0
2024-01-22 00:02:57,959 [WARN] PackLoader:240 - Cannot read IP mode file for STMicroelectronics.X-CUBE-AZRTOS-WB.1.1.0
2024-01-22 00:02:57,963 [WARN] PackLoader:240 - Cannot read IP mode file for STMicroelectronics.X-CUBE-EEPRMA1.3.1.0
2024-01-22 00:02:57,968 [WARN] PackLoader:240 - Cannot read IP mode file for STMicroelectronics.X-CUBE-GNSS1.5.2.0
2024-01-22 00:02:57,971 [WARN] PackLoader:240 - Cannot read IP mode file for STMicroelectronics.FP-ATR-ASTRA1.2.0.0
2024-01-22 00:02:57,980 [WARN] PackLoader:240 - Cannot read IP mode file for STMicroelectronics.X-CUBE-TOF1.3.4.0
2024-01-22 00:02:58,003 [WARN] PackLoader:240 - Cannot read IP mode file for STMicroelectronics.X-CUBE-AZRTOS-H7.3.2.0
2024-01-22 00:02:58,006 [INFO] ThirdParty:978 - Integrity check success = true
2024-01-22 00:02:58,006 [INFO] IntegrityCheckThread:100 - exiting critical section [integrity check]
2024-01-22 00:02:58,006 [INFO] IntegrityCheckThread:103 - End integrity checks thread
2024-01-22 00:02:58,743 [ERROR] LogOutputStream:75 - [STDERR_REDIRECT] [Fatal Error] :2:10: DOCTYPE is disallowed when the feature "http://apache.org/xml/features/disallow-doctype-decl" set to true.
2024-01-22 00:02:58,754 [ERROR] LogOutputStream:75 - [STDERR_REDIRECT] 
2024-01-22 00:03:12,413 [ERROR] LogOutputStream:75 - [STDERR_REDIRECT] SLF4J: Failed to load class "org.slf4j.impl.StaticLoggerBinder".
2024-01-22 00:03:12,413 [ERROR] LogOutputStream:75 - [STDERR_REDIRECT] SLF4J: Defaulting to no-operation (NOP) logger implementation
2024-01-22 00:03:12,413 [ERROR] LogOutputStream:75 - [STDERR_REDIRECT] SLF4J: See http://www.slf4j.org/codes.html#StaticLoggerBinder for further details.
2024-01-22 02:04:49,239 [ERROR] LogOutputStream:75 - [STDERR_REDIRECT] 
2024-01-22 02:05:13,558 [INFO] Activator:176 - 


2024-01-22 02:05:13,559 [INFO] Activator:177 - !SESSION log4j initialized
2024-01-22 02:05:16,641 [ERROR] LogOutputStream:75 - [STDERR_REDIRECT] 
2024-01-22 02:05:17,125 [INFO] LogOutputStream:77 - [STDOUT_REDIRECT] 
2024-01-22 02:05:18,316 [INFO] LogOutputStream:77 - [STDOUT_REDIRECT] 
2024-01-22 02:05:19,531 [INFO] ApplicationProperties:184 - Using Application install path: /Applications/STM32CubeIDE.app/Contents/Eclipse/plugins/com.st.stm32cube.common.mx_6.10.0.202311202037
2024-01-22 02:05:19,545 [INFO] DbMcusXml:78 - Set database path to: /Applications/STM32CubeIDE.app/Contents/Eclipse/plugins/com.st.stm32cube.common.mx_6.10.0.202311202037//db//mcu/
2024-01-22 02:05:19,545 [INFO] ApiDb:274 - Set plugin database path to: /Applications/STM32CubeIDE.app/Contents/Eclipse/plugins/com.st.stm32cube.common.mx_6.10.0.202311202037//db//plugins/boardmanager/
2024-01-22 02:05:19,545 [WARN] ApiDb:259 - Overriding images path with different value:  => /Applications/STM32CubeIDE.app/Contents/Eclipse/plugins/com.st.stm32cube.common.mx_6.10.0.202311202037//db//plugins/mcufinder/images/
2024-01-22 02:05:19,549 [INFO] ApiDb:250 - Set database path to: /Users/welcome/.stmcufinder/plugins/mcufinder//mcu/
2024-01-22 02:05:19,549 [INFO] DbMcusAds:125 - Set database path to: /Users/welcome/.stmcufinder/plugins/mcufinder//mcu/
2024-01-22 02:05:19,551 [INFO] CrossReferenceDbSqlite:203 - Set database path to: /Users/welcome/.stmcufinder/plugins/mcufinder//mcu/cs/
2024-01-22 02:05:19,642 [INFO] RulesReader:64 - Compatibility file has been processed (297 Rules)
2024-01-22 02:05:19,703 [INFO] DbMcusXml:78 - Set database path to: /Applications/STM32CubeIDE.app/Contents/Eclipse/plugins/com.st.stm32cube.common.mx_6.10.0.202311202037//db//mcu/
2024-01-22 02:05:19,703 [INFO] ApiDb:274 - Set plugin database path to: /Applications/STM32CubeIDE.app/Contents/Eclipse/plugins/com.st.stm32cube.common.mx_6.10.0.202311202037//db//plugins/boardmanager/
2024-01-22 02:05:19,704 [INFO] ApiDb:261 - Set plugin images path to: /Applications/STM32CubeIDE.app/Contents/Eclipse/plugins/com.st.stm32cube.common.mx_6.10.0.202311202037//db//plugins/mcufinder/images/
2024-01-22 02:05:19,704 [WARN] DbFile:41 - Overriding database path with different value: /Users/welcome/.stmcufinder/plugins/mcufinder/ => /Users/welcome/.stmcufinder/plugins/mcufinder
2024-01-22 02:05:19,704 [INFO] ApiDb:250 - Set database path to: /Users/welcome/.stmcufinder/plugins/mcufinder//mcu/
2024-01-22 02:05:19,704 [WARN] DbFile:41 - Overriding database path with different value: /Users/welcome/.stmcufinder/plugins/mcufinder/ => /Users/welcome/.stmcufinder/plugins/mcufinder
2024-01-22 02:05:19,704 [INFO] DbMcusAds:125 - Set database path to: /Users/welcome/.stmcufinder/plugins/mcufinder//mcu/
2024-01-22 02:05:19,704 [WARN] DbFile:41 - Overriding database path with different value: /Users/welcome/.stmcufinder/plugins/mcufinder/ => /Users/welcome/.stmcufinder/plugins/mcufinder
2024-01-22 02:05:19,704 [WARN] DbFile:41 - Overriding database path with different value: /Users/welcome/.stmcufinder/plugins/mcufinder/ => /Users/welcome/.stmcufinder/plugins/mcufinder
2024-01-22 02:05:19,704 [INFO] CrossReferenceDbSqlite:203 - Set database path to: /Users/welcome/.stmcufinder/plugins/mcufinder//mcu/cs/
2024-01-22 02:05:19,766 [INFO] MainPanel:264 - HeapMemory: 268435456
2024-01-22 02:05:19,835 [INFO] DbMcusXml:78 - Set database path to: /Applications/STM32CubeIDE.app/Contents/Eclipse/plugins/com.st.stm32cube.common.mx_6.10.0.202311202037//db//mcu/
2024-01-22 02:05:19,835 [INFO] ApiDb:274 - Set plugin database path to: /Applications/STM32CubeIDE.app/Contents/Eclipse/plugins/com.st.stm32cube.common.mx_6.10.0.202311202037//db//plugins/boardmanager/
2024-01-22 02:05:19,835 [INFO] ApiDb:261 - Set plugin images path to: /Applications/STM32CubeIDE.app/Contents/Eclipse/plugins/com.st.stm32cube.common.mx_6.10.0.202311202037//db//plugins/mcufinder/images/
2024-01-22 02:05:19,835 [WARN] DbFile:41 - Overriding database path with different value: /Users/welcome/.stmcufinder/plugins/mcufinder/ => /Users/welcome/.stmcufinder/plugins/mcufinder
2024-01-22 02:05:19,835 [INFO] ApiDb:250 - Set database path to: /Users/welcome/.stmcufinder/plugins/mcufinder//mcu/
2024-01-22 02:05:19,836 [WARN] DbFile:41 - Overriding database path with different value: /Users/welcome/.stmcufinder/plugins/mcufinder/ => /Users/welcome/.stmcufinder/plugins/mcufinder
2024-01-22 02:05:19,836 [INFO] DbMcusAds:125 - Set database path to: /Users/welcome/.stmcufinder/plugins/mcufinder//mcu/
2024-01-22 02:05:19,836 [WARN] DbFile:41 - Overriding database path with different value: /Users/welcome/.stmcufinder/plugins/mcufinder/ => /Users/welcome/.stmcufinder/plugins/mcufinder
2024-01-22 02:05:19,836 [WARN] DbFile:41 - Overriding database path with different value: /Users/welcome/.stmcufinder/plugins/mcufinder/ => /Users/welcome/.stmcufinder/plugins/mcufinder
2024-01-22 02:05:19,836 [INFO] CrossReferenceDbSqlite:203 - Set database path to: /Users/welcome/.stmcufinder/plugins/mcufinder//mcu/cs/
2024-01-22 02:05:19,849 [INFO] ApplicationProperties:184 - Using Application install path: /Applications/STM32CubeIDE.app/Contents/Eclipse/plugins/com.st.stm32cube.common.mx_6.10.0.202311202037
2024-01-22 02:05:19,851 [INFO] PluginManage:196 - Search for loadable plugins [exclusion list=, ]
2024-01-22 02:05:19,852 [INFO] PluginManage:310 - Check plugin analytics
2024-01-22 02:05:19,994 [INFO] AnalyticsPlugin:253 - Accepted Software Licenses: 
2024-01-22 02:05:19,995 [INFO] AnalyticsPlugin:255 - Accepted CMSIS Pack Licenses: 
2024-01-22 02:05:19,995 [INFO] AnalyticsPlugin:257 - Accepted Firmware Licenses: FW.F4.1.27.0
2024-01-22 02:05:19,997 [INFO] PluginManage:359 - Loaded plugin analytics (category:tool,tabindex:-1)
2024-01-22 02:05:19,997 [INFO] PluginManage:310 - Check plugin cadmodel
2024-01-22 02:05:20,171 [INFO] CADModel:105 - Init CAD model plugin
2024-01-22 02:05:20,172 [INFO] PluginManage:359 - Loaded plugin cadmodel (category:power,tabindex:5)
2024-01-22 02:05:20,172 [INFO] PluginManage:310 - Check plugin clock
2024-01-22 02:05:20,179 [INFO] PluginManage:359 - Loaded plugin clock (category:base,tabindex:2)
2024-01-22 02:05:20,179 [INFO] PluginManage:310 - Check plugin ddr
2024-01-22 02:05:20,181 [INFO] PluginManage:359 - Loaded plugin ddr (category:tool,tabindex:6)
2024-01-22 02:05:20,182 [INFO] PluginManage:310 - Check plugin filemanager
2024-01-22 02:05:20,286 [INFO] PluginManage:359 - Loaded plugin filemanager (category:base,tabindex:10)
2024-01-22 02:05:20,286 [INFO] PluginManage:310 - Check plugin ipmanager
2024-01-22 02:05:20,292 [INFO] PluginManage:359 - Loaded plugin ipmanager (category:base,tabindex:5)
2024-01-22 02:05:20,292 [INFO] PluginManage:310 - Check plugin lpbam
2024-01-22 02:05:20,299 [INFO] PluginManage:359 - Loaded plugin lpbam (category:base,tabindex:0)
2024-01-22 02:05:20,299 [INFO] PluginManage:310 - Check plugin memorymap
2024-01-22 02:05:20,309 [INFO] PluginManage:359 - Loaded plugin memorymap (category:base,tabindex:4)
2024-01-22 02:05:20,310 [INFO] PluginManage:310 - Check plugin pinoutandconfiguration
2024-01-22 02:05:20,315 [INFO] PluginManage:359 - Loaded plugin pinoutandconfiguration (category:base,tabindex:1)
2024-01-22 02:05:20,315 [INFO] PluginManage:310 - Check plugin pinoutconfig
2024-01-22 02:05:20,381 [WARN] SupportedApi:132 - Cannot load RTOS API schema: s4s-elt-must-match.1: The content of 'definitions' must match (annotation?, (simpleType | complexType)?, (unique | key | keyref)*)). A problem was found starting at: attribute.
2024-01-22 02:05:20,486 [INFO] PluginManage:359 - Loaded plugin pinoutconfig (category:base,tabindex:0)
2024-01-22 02:05:20,486 [INFO] PluginManage:310 - Check plugin power
2024-01-22 02:05:20,493 [INFO] PluginManage:359 - Loaded plugin power (category:power,tabindex:4)
2024-01-22 02:05:20,493 [INFO] PluginManage:310 - Check plugin projectmanager
2024-01-22 02:05:20,507 [INFO] PluginManage:359 - Loaded plugin projectmanager (category:projectmanager,tabindex:3)
2024-01-22 02:05:20,507 [INFO] PluginManage:310 - Check plugin thirdparty
2024-01-22 02:05:20,611 [WARN] IntegrityCheckThread:84 - waiting for thirdparty lock release [integrity check]
2024-01-22 02:05:20,612 [INFO] IntegrityCheckThread:86 - entering critical section [integrity check]
2024-01-22 02:05:20,612 [INFO] PluginManage:359 - Loaded plugin thirdparty (category:base,tabindex:-1)
2024-01-22 02:05:20,612 [INFO] PluginManage:310 - Check plugin tools
2024-01-22 02:05:20,612 [INFO] ThirdPartyUpdaterWithRetryManager:70 - Updater plugin not ready yet. [1/15]
2024-01-22 02:05:20,613 [INFO] PluginManage:359 - Loaded plugin tools (category:base,tabindex:7)
2024-01-22 02:05:20,613 [INFO] PluginManage:310 - Check plugin tutovideos
2024-01-22 02:05:20,748 [INFO] PluginManage:359 - Loaded plugin tutovideos (category:base,tabindex:-1)
2024-01-22 02:05:20,748 [INFO] PluginManage:310 - Check plugin updater
2024-01-22 02:05:20,757 [INFO] PluginManage:359 - Loaded plugin updater (category:base,tabindex:12)
2024-01-22 02:05:20,757 [INFO] PluginManage:310 - Check plugin userauth
2024-01-22 02:05:20,762 [INFO] UserAuth:114 - Init User Auth plugin
2024-01-22 02:05:20,762 [INFO] PluginManage:359 - Loaded plugin userauth (category:base,tabindex:14)
2024-01-22 02:05:20,762 [INFO] PluginManage:283 - PluginManage : Loaded plugins [17]
2024-01-22 02:05:20,914 [INFO] PinOutPanel:1499 - setPackage(No Configuration,No Configuration)
2024-01-22 02:05:20,964 [INFO] CADModel:165 - CPN selected for project level
2024-01-22 02:05:20,965 [INFO] CADModel:114 - Register for checkConnection events
2024-01-22 02:05:20,974 [INFO] IPUIPlugin:80 - create IPUIPlugin
2024-01-22 02:05:20,975 [INFO] PluginManager:220 - loadIPPluginJar : add mdma
2024-01-22 02:05:20,981 [INFO] IPUIPlugin:80 - create IPUIPlugin
2024-01-22 02:05:20,982 [INFO] PluginManager:220 - loadIPPluginJar : add freertos
2024-01-22 02:05:20,985 [INFO] IPUIPlugin:80 - create IPUIPlugin
2024-01-22 02:05:20,985 [INFO] PluginManager:220 - loadIPPluginJar : add gic
2024-01-22 02:05:20,993 [INFO] IPUIPlugin:80 - create IPUIPlugin
2024-01-22 02:05:20,993 [INFO] PluginManager:220 - loadIPPluginJar : add adc
2024-01-22 02:05:20,995 [INFO] IPUIPlugin:80 - create IPUIPlugin
2024-01-22 02:05:20,995 [INFO] PluginManager:220 - loadIPPluginJar : add gtzc
2024-01-22 02:05:20,996 [INFO] IPUIPlugin:80 - create IPUIPlugin
2024-01-22 02:05:20,996 [INFO] PluginManager:220 - loadIPPluginJar : add quadspi
2024-01-22 02:05:20,998 [INFO] IPUIPlugin:80 - create IPUIPlugin
2024-01-22 02:05:20,998 [INFO] PluginManager:220 - loadIPPluginJar : add aes
2024-01-22 02:05:21,000 [INFO] IPUIPlugin:80 - create IPUIPlugin
2024-01-22 02:05:21,000 [INFO] PluginManager:220 - loadIPPluginJar : add pdm2pcm
2024-01-22 02:05:21,001 [INFO] IPUIPlugin:80 - create IPUIPlugin
2024-01-22 02:05:21,001 [INFO] PluginManager:220 - loadIPPluginJar : add hash
2024-01-22 02:05:21,002 [INFO] IPUIPlugin:80 - create IPUIPlugin
2024-01-22 02:05:21,002 [INFO] PluginManager:220 - loadIPPluginJar : add tim
2024-01-22 02:05:21,003 [INFO] IPUIPlugin:80 - create IPUIPlugin
2024-01-22 02:05:21,003 [INFO] PluginManager:220 - loadIPPluginJar : add tsc
2024-01-22 02:05:21,004 [INFO] IPUIPlugin:80 - create IPUIPlugin
2024-01-22 02:05:21,004 [INFO] PluginManager:220 - loadIPPluginJar : add ts
2024-01-22 02:05:21,007 [INFO] IPUIPlugin:80 - create IPUIPlugin
2024-01-22 02:05:21,007 [INFO] PluginManager:220 - loadIPPluginJar : add can
2024-01-22 02:05:21,009 [INFO] IPUIPlugin:80 - create IPUIPlugin
2024-01-22 02:05:21,009 [INFO] PluginManager:220 - loadIPPluginJar : add dma3
2024-01-22 02:05:21,010 [INFO] IPUIPlugin:80 - create IPUIPlugin
2024-01-22 02:05:21,010 [INFO] PluginManager:220 - loadIPPluginJar : add dfsdm
2024-01-22 02:05:21,012 [INFO] IPUIPlugin:80 - create IPUIPlugin
2024-01-22 02:05:21,012 [INFO] PluginManager:220 - loadIPPluginJar : add spi
2024-01-22 02:05:21,013 [INFO] IPUIPlugin:80 - create IPUIPlugin
2024-01-22 02:05:21,013 [INFO] PluginManager:220 - loadIPPluginJar : add gfxmmu
2024-01-22 02:05:21,014 [INFO] IPUIPlugin:80 - create IPUIPlugin
2024-01-22 02:05:21,014 [INFO] PluginManager:220 - loadIPPluginJar : add genericplugin
2024-01-22 02:05:21,015 [INFO] IPUIPlugin:80 - create IPUIPlugin
2024-01-22 02:05:21,015 [INFO] PluginManager:220 - loadIPPluginJar : add cryp
2024-01-22 02:05:21,019 [INFO] IPUIPlugin:80 - create IPUIPlugin
2024-01-22 02:05:21,019 [INFO] PluginManager:220 - loadIPPluginJar : add gpio
2024-01-22 02:05:21,019 [INFO] IPUIPlugin:80 - create IPUIPlugin
2024-01-22 02:05:21,020 [INFO] PluginManager:220 - loadIPPluginJar : add comp
2024-01-22 02:05:21,021 [INFO] IPUIPlugin:80 - create IPUIPlugin
2024-01-22 02:05:21,021 [INFO] PluginManager:220 - loadIPPluginJar : add tracer_emb
2024-01-22 02:05:21,023 [INFO] IPUIPlugin:80 - create IPUIPlugin
2024-01-22 02:05:21,024 [INFO] PluginManager:220 - loadIPPluginJar : add openamp
2024-01-22 02:05:21,027 [INFO] IPUIPlugin:80 - create IPUIPlugin
2024-01-22 02:05:21,027 [INFO] PluginManager:220 - loadIPPluginJar : add stm32_wpan
2024-01-22 02:05:21,031 [INFO] IPUIPlugin:80 - create IPUIPlugin
2024-01-22 02:05:21,033 [INFO] PluginManager:220 - loadIPPluginJar : add plateformsettings
2024-01-22 02:05:21,038 [INFO] IPUIPlugin:80 - create IPUIPlugin
2024-01-22 02:05:21,038 [INFO] PluginManager:220 - loadIPPluginJar : add ipddr
2024-01-22 02:05:21,040 [INFO] IPUIPlugin:80 - create IPUIPlugin
2024-01-22 02:05:21,040 [INFO] PluginManager:220 - loadIPPluginJar : add usart
2024-01-22 02:05:21,041 [INFO] IPUIPlugin:80 - create IPUIPlugin
2024-01-22 02:05:21,041 [INFO] PluginManager:220 - loadIPPluginJar : add ltdc
2024-01-22 02:05:21,044 [INFO] IPUIPlugin:80 - create IPUIPlugin
2024-01-22 02:05:21,044 [INFO] PluginManager:220 - loadIPPluginJar : add nvic
2024-01-22 02:05:21,045 [INFO] IPUIPlugin:80 - create IPUIPlugin
2024-01-22 02:05:21,045 [INFO] PluginManager:220 - loadIPPluginJar : add fatfs
2024-01-22 02:05:21,050 [INFO] IPUIPlugin:80 - create IPUIPlugin
2024-01-22 02:05:21,050 [INFO] PluginManager:220 - loadIPPluginJar : add linkedlist
2024-01-22 02:05:21,053 [INFO] IPUIPlugin:80 - create IPUIPlugin
2024-01-22 02:05:21,053 [INFO] PluginManager:220 - loadIPPluginJar : add dma
2024-01-22 02:05:21,056 [INFO] IPUIPlugin:80 - create IPUIPlugin
2024-01-22 02:05:21,056 [INFO] PluginManager:220 - loadIPPluginJar : add fmc
2024-01-22 02:05:21,057 [INFO] IPUIPlugin:80 - create IPUIPlugin
2024-01-22 02:05:21,058 [INFO] PluginManager:220 - loadIPPluginJar : add i2s
2024-01-22 02:05:21,058 [INFO] IPUIPlugin:80 - create IPUIPlugin
2024-01-22 02:05:21,058 [INFO] PluginManager:220 - loadIPPluginJar : add ucpd
2024-01-22 02:05:21,060 [INFO] IPUIPlugin:80 - create IPUIPlugin
2024-01-22 02:05:21,060 [INFO] PluginManager:220 - loadIPPluginJar : add lorawan
2024-01-22 02:05:21,061 [INFO] IPUIPlugin:80 - create IPUIPlugin
2024-01-22 02:05:21,061 [INFO] PluginManager:220 - loadIPPluginJar : add opamp
2024-01-22 02:05:21,063 [INFO] IPUIPlugin:80 - create IPUIPlugin
2024-01-22 02:05:21,063 [INFO] PluginManager:220 - loadIPPluginJar : add i3c
2024-01-22 02:05:21,065 [INFO] IPUIPlugin:80 - create IPUIPlugin
2024-01-22 02:05:21,065 [INFO] PluginManager:220 - loadIPPluginJar : add touchsensing
2024-01-22 02:05:21,066 [INFO] IPUIPlugin:80 - create IPUIPlugin
2024-01-22 02:05:21,066 [INFO] PluginManager:220 - loadIPPluginJar : add i2c
2024-01-22 02:05:21,069 [INFO] IPUIPlugin:80 - create IPUIPlugin
2024-01-22 02:05:21,069 [INFO] PluginManager:220 - loadIPPluginJar : add resmgrutility
2024-01-22 02:05:21,071 [INFO] IPUIPlugin:80 - create IPUIPlugin
2024-01-22 02:05:21,071 [INFO] PluginManager:220 - loadIPPluginJar : add sai
2024-01-22 02:05:21,073 [INFO] IPUIPlugin:80 - create IPUIPlugin
2024-01-22 02:05:21,073 [INFO] PluginManager:220 - loadIPPluginJar : add usbx
2024-01-22 02:05:21,172 [INFO] CADModel:165 - CPN selected for project level
2024-01-22 02:05:21,172 [INFO] CADModel:114 - Register for checkConnection events
2024-01-22 02:05:21,172 [FATAL] Updater:308 - Updater called before beeing initialized
2024-01-22 02:05:21,172 [ERROR] CADModel:125 - Updater not yet initialized, retry later 
2024-01-22 02:05:21,293 [INFO] CADModel:165 - CPN selected for project level
2024-01-22 02:05:21,293 [INFO] CADModel:114 - Register for checkConnection events
2024-01-22 02:05:21,293 [FATAL] Updater:308 - Updater called before beeing initialized
2024-01-22 02:05:21,293 [ERROR] CADModel:125 - Updater not yet initialized, retry later 
2024-01-22 02:05:21,297 [FATAL] Updater:308 - Updater called before beeing initialized
2024-01-22 02:05:21,369 [FATAL] Updater:308 - Updater called before beeing initialized
2024-01-22 02:05:21,374 [INFO] DbMcusAds:53 - JSON generation date=Wed Nov 29 18:52:27 SGT 2023 (1701255147200)
2024-01-22 02:05:21,374 [FATAL] Updater:308 - Updater called before beeing initialized
2024-01-22 02:05:21,423 [WARN] DetailPanel:346 - Failed to get advertising image, set to default
2024-01-22 02:05:21,510 [FATAL] Updater:308 - Updater called before beeing initialized
2024-01-22 02:05:21,511 [FATAL] Updater:308 - Updater called before beeing initialized
2024-01-22 02:05:21,511 [FATAL] Updater:308 - Updater called before beeing initialized
2024-01-22 02:05:21,511 [WARN] DetailPanel:346 - Failed to get advertising image, set to default
2024-01-22 02:05:21,512 [FATAL] Updater:308 - Updater called before beeing initialized
2024-01-22 02:05:21,536 [ERROR] Updater:1120 - MainUpdater not yet initialized. External WinMGr cannot be set.
2024-01-22 02:05:21,553 [INFO] Updater:1056 - Updater Version found : 6.10.0
2024-01-22 02:05:21,569 [INFO] ApplicationProperties:184 - Using Application install path: /Applications/STM32CubeIDE.app/Contents/Eclipse/plugins/com.st.stm32cube.common.mx_6.10.0.202311202037
2024-01-22 02:05:21,833 [INFO] MainUpdater:2873 - connection check result : 10
2024-01-22 02:05:21,833 [INFO] MainUpdater:290 - Updater Check For Update Now.
2024-01-22 02:05:21,833 [INFO] MicroXplorer:498 - Change Database Version : DB.6.0.100
2024-01-22 02:05:21,837 [INFO] McuFinderGlobals:63 - Set McuFinder mode to 2 (CubeIDE integrated)
2024-01-22 02:05:21,843 [INFO] UserAuth:404 - Internet connection configuration mode: 1
2024-01-22 02:05:21,857 [INFO] JxBrowserEngine:152 - Initiate JxBrowser Engine with user profile folder
2024-01-22 02:05:22,006 [INFO] CheckServerUpdateThread:120 - End of CheckServer Thread
2024-01-22 02:05:22,732 [INFO] WebApp:161 - Instantiating new browser for Auth
2024-01-22 02:05:23,231 [INFO] WebApp:780 - Register for checkConnection events
2024-01-22 02:05:23,262 [INFO] WebApp:414 - Apply proxy settings
2024-01-22 02:05:23,284 [INFO] WebApp:459 - Chromium authenticates against Manually configured proxy
2024-01-22 02:05:23,322 [INFO] WebApp:467 - Username used for proxy authentication: 
2024-01-22 02:05:23,499 [INFO] WebApp:192 - Starting web application
2024-01-22 02:05:23,501 [INFO] WebApp:544 - Web application path used /Applications/STM32CubeIDE.app/Contents/Eclipse/plugins/com.st.stm32cube.common.mx_6.10.0.202311202037/db/plugins/mcufinder/reactClient1/index.html
2024-01-22 02:05:23,802 [WARN] PackLoader:240 - Cannot read IP mode file for STMicroelectronics.X-CUBE-SMBUS.2.1.0
2024-01-22 02:05:23,807 [WARN] PackLoader:240 - Cannot read IP mode file for STMicroelectronics.X-CUBE-TOUCHGFX.4.23.0
2024-01-22 02:05:23,833 [WARN] PackLoader:240 - Cannot read IP mode file for STMicroelectronics.X-CUBE-AZRTOS-F7.1.1.0
2024-01-22 02:05:23,844 [WARN] PackLoader:240 - Cannot read IP mode file for STMicroelectronics.FP-SNS-MOTENV1.4.3.2
2024-01-22 02:05:23,854 [WARN] PackLoader:240 - Cannot read IP mode file for STMicroelectronics.X-CUBE-BLE1.6.2.4
2024-01-22 02:05:23,859 [WARN] PackLoader:240 - Cannot read IP mode file for STMicroelectronics.X-CUBE-BLE1.6.2.1
2024-01-22 02:05:23,864 [WARN] PackLoader:240 - Cannot read IP mode file for STMicroelectronics.X-CUBE-BLE2.3.2.1
2024-01-22 02:05:23,868 [WARN] PackLoader:240 - Cannot read IP mode file for STMicroelectronics.FP-SNS-FLIGHT1.5.0.2
2024-01-22 02:05:23,876 [WARN] PackLoader:240 - Cannot read IP mode file for STMicroelectronics.X-CUBE-DISPLAY.3.0.0
2024-01-22 02:05:23,886 [WARN] PackLoader:240 - Cannot read IP mode file for STMicroelectronics.X-CUBE-BLE1.7.0.0
2024-01-22 02:05:23,898 [WARN] PackLoader:240 - Cannot read IP mode file for STMicroelectronics.X-CUBE-SUBG2.4.2.0
2024-01-22 02:05:23,927 [WARN] PackLoader:240 - Cannot read IP mode file for STMicroelectronics.X-CUBE-AZRTOS-H7.1.0.0
2024-01-22 02:05:23,938 [WARN] PackLoader:240 - Cannot read IP mode file for STMicroelectronics.FP-SNS-SMARTAG2.1.2.0
2024-01-22 02:05:23,948 [INFO] LogOutputStream:77 - [STDOUT_REDIRECT] 1 : Invalid condition id : UX_CORESTACK_Condition cause : null
2024-01-22 02:05:23,949 [INFO] LogOutputStream:77 - [STDOUT_REDIRECT] 1 : Invalid condition id : UX_CORESTACK_Condition cause : null
2024-01-22 02:05:23,949 [INFO] LogOutputStream:77 - [STDOUT_REDIRECT] 1 : Invalid condition id : UX_CORESTACK_Condition cause : null
2024-01-22 02:05:23,949 [INFO] LogOutputStream:77 - [STDOUT_REDIRECT] 1 : Invalid condition id : UX_CORESTACK_Condition cause : null
2024-01-22 02:05:23,950 [INFO] LogOutputStream:77 - [STDOUT_REDIRECT] 1 : Invalid condition id : UX_CORESTACK_Condition cause : null
2024-01-22 02:05:23,953 [WARN] PackLoader:240 - Cannot read IP mode file for STMicroelectronics.X-CUBE-AZRTOS-WL.2.0.0
2024-01-22 02:05:23,960 [WARN] PackLoader:240 - Cannot read IP mode file for STMicroelectronics.X-CUBE-ALGOBUILD.1.2.1
2024-01-22 02:05:23,968 [WARN] PackLoader:240 - Cannot read IP mode file for WES.I-CUBE-Cesium.1.3.0
2024-01-22 02:05:23,972 [WARN] PackLoader:240 - Cannot read IP mode file for STMicroelectronics.X-CUBE-DISPLAY.2.2.0
2024-01-22 02:05:23,985 [WARN] PackLoader:240 - Cannot read IP mode file for STMicroelectronics.X-CUBE-TOF1.3.2.0
2024-01-22 02:05:24,005 [WARN] PackLoader:240 - Cannot read IP mode file for STMicroelectronics.X-CUBE-TOUCHGFX.4.21.1
2024-01-22 02:05:24,008 [WARN] PackLoader:240 - Cannot read IP mode file for STMicroelectronics.X-CUBE-TOUCHGFX.4.21.0
2024-01-22 02:05:24,057 [WARN] PackLoader:240 - Cannot read IP mode file for STMicroelectronics.X-CUBE-MEMS1.9.4.0
2024-01-22 02:05:24,201 [WARN] PackLoader:240 - Cannot read IP mode file for STMicroelectronics.X-CUBE-AI.7.3.0
2024-01-22 02:05:24,214 [WARN] PackLoader:240 - Cannot read IP mode file for STMicroelectronics.X-CUBE-AZRTOS-G0.1.1.0
2024-01-22 02:05:24,220 [WARN] PackLoader:240 - Cannot read IP mode file for STMicroelectronics.X-CUBE-NFC4.3.0.0
2024-01-22 02:05:24,246 [WARN] PackLoader:240 - Cannot read IP mode file for SEGGER.I-CUBE-embOS.1.2.0
2024-01-22 02:05:24,275 [WARN] PackLoader:240 - Cannot read IP mode file for STMicroelectronics.X-CUBE-TOUCHGFX.4.17.0
2024-01-22 02:05:24,285 [WARN] PackLoader:240 - Cannot read IP mode file for STMicroelectronics.X-CUBE-BLEMGR.3.0.0
2024-01-22 02:05:24,295 [WARN] PackLoader:240 - Cannot read IP mode file for STMicroelectronics.X-CUBE-BLEMGR.1.3.0
2024-01-22 02:05:24,343 [WARN] PackLoader:240 - Cannot read IP mode file for STMicroelectronics.X-CUBE-MEMS1.9.5.0
2024-01-22 02:05:24,537 [WARN] PackLoader:240 - Cannot read IP mode file for STMicroelectronics.X-CUBE-AZRTOS-F4.1.1.0
2024-01-22 02:05:24,556 [WARN] PackLoader:240 - Cannot read IP mode file for STMicroelectronics.X-CUBE-AZRTOS-L5.2.0.0
2024-01-22 02:05:24,563 [WARN] PackLoader:240 - Cannot read IP mode file for STMicroelectronics.X-CUBE-EEPRMA1.4.2.0
2024-01-22 02:05:24,569 [WARN] PackLoader:240 - Cannot read IP mode file for ITTIA_DB.I-CUBE-ITTIADB.8.8.0
2024-01-22 02:05:24,574 [WARN] PackLoader:240 - Cannot read IP mode file for emotas.I-CUBE-CANOPEN.1.1.3
2024-01-22 02:05:24,579 [WARN] PackLoader:240 - Cannot read IP mode file for STMicroelectronics.X-CUBE-NFC4.2.0.5
2024-01-22 02:05:24,585 [WARN] PackLoader:240 - Cannot read IP mode file for STMicroelectronics.X-CUBE-NFC4.2.0.3
2024-01-22 02:05:24,589 [WARN] PackLoader:240 - Cannot read IP mode file for wolfSSL.I-CUBE-wolfSSL.4.8.0
2024-01-22 02:05:24,596 [WARN] PackLoader:240 - Cannot read IP mode file for STMicroelectronics.X-CUBE-SFXS2LP1.3.1.0
2024-01-22 02:05:24,603 [WARN] PackLoader:240 - Cannot read IP mode file for STMicroelectronics.X-CUBE-NFC7.1.0.1
2024-01-22 02:05:24,608 [WARN] PackLoader:240 - Cannot read IP mode file for STMicroelectronics.X-CUBE-NFC7.1.0.0
2024-01-22 02:05:24,616 [WARN] PackLoader:240 - Cannot read IP mode file for STMicroelectronics.X-CUBE-NFC6.3.0.0
2024-01-22 02:05:24,623 [WARN] PackLoader:240 - Cannot read IP mode file for STMicroelectronics.X-CUBE-EEPRMA1.4.1.0
2024-01-22 02:05:24,626 [WARN] PackLoader:240 - Cannot read IP mode file for STMicroelectronics.X-CUBE-DISPLAY.1.0.0
2024-01-22 02:05:24,629 [WARN] PackLoader:240 - Cannot read IP mode file for STMicroelectronics.X-CUBE-AI.8.1.0
2024-01-22 02:05:24,647 [WARN] ConditionMgr:438 - getConditionDescription Invalid condition id : LAN8742 Phy interface Condition cause : null
2024-01-22 02:05:24,648 [WARN] PackLoader:240 - Cannot read IP mode file for STMicroelectronics.X-CUBE-AZRTOS-L4.2.0.0
2024-01-22 02:05:24,650 [WARN] ConditionMgr:1039 - genDependencies : Invalid condition id : LAN8742 Phy interface Condition cause : null
2024-01-22 02:05:24,650 [WARN] ConditionMgr:1039 - genDependencies : Invalid condition id : LAN8742 Phy interface Condition cause : null
2024-01-22 02:05:24,651 [WARN] ConditionMgr:1039 - genDependencies : Invalid condition id : LAN8742 Phy interface Condition cause : null
2024-01-22 02:05:24,670 [WARN] PackLoader:240 - Cannot read IP mode file for STMicroelectronics.X-CUBE-AZRTOS-H7.3.0.0
2024-01-22 02:05:24,676 [WARN] PackLoader:240 - Cannot read IP mode file for STMicroelectronics.X-CUBE-ISPU.1.1.0
2024-01-22 02:05:24,682 [WARN] PackLoader:240 - Cannot read IP mode file for RoweBots.I-CUBE-UNISONRTOS.5.5.0-4
2024-01-22 02:05:24,687 [WARN] PackLoader:240 - Cannot read IP mode file for STMicroelectronics.X-CUBE-AI.8.0.0
2024-01-22 02:05:24,697 [WARN] ConditionMgr:438 - getConditionDescription Invalid condition id : UX DEVICE CLASS RTOS Condition cause : null
2024-01-22 02:05:24,697 [WARN] ConditionMgr:438 - getConditionDescription Invalid condition id : UX DEVICE CLASS RTOS Condition cause : null
2024-01-22 02:05:24,699 [WARN] PackLoader:240 - Cannot read IP mode file for STMicroelectronics.X-CUBE-AZRTOS-WB.2.0.0
2024-01-22 02:05:24,700 [WARN] ConditionMgr:1039 - genDependencies : Invalid condition id : UX DEVICE CLASS RTOS Condition cause : null
2024-01-22 02:05:24,700 [WARN] ConditionMgr:1039 - genDependencies : Invalid condition id : UX DEVICE CLASS RTOS Condition cause : null
2024-01-22 02:05:24,701 [WARN] ConditionMgr:1039 - genDependencies : Invalid condition id : UX DEVICE CLASS RTOS Condition cause : null
2024-01-22 02:05:24,701 [WARN] ConditionMgr:1039 - genDependencies : Invalid condition id : UX DEVICE CLASS RTOS Condition cause : null
2024-01-22 02:05:24,701 [WARN] ConditionMgr:1039 - genDependencies : Invalid condition id : UX DEVICE CLASS RTOS Condition cause : null
2024-01-22 02:05:24,728 [WARN] PackLoader:240 - Cannot read IP mode file for STMicroelectronics.X-CUBE-MEMS1.9.0.0
2024-01-22 02:05:24,879 [WARN] PackLoader:240 - Cannot read IP mode file for STMicroelectronics.X-CUBE-AZRTOS-L5.1.1.0
2024-01-22 02:05:24,899 [WARN] PackLoader:240 - Cannot read IP mode file for STMicroelectronics.X-CUBE-AZRTOS-G4.2.0.0
2024-01-22 02:05:24,905 [WARN] PackLoader:240 - Cannot read IP mode file for STMicroelectronics.FP-ATR-ASTRA1.1.1.1
2024-01-22 02:05:24,918 [WARN] PackLoader:240 - Cannot read IP mode file for Infineon.AIROC-Wi-Fi-Bluetooth-STM32.1.5.1
2024-01-22 02:05:24,926 [WARN] PackLoader:240 - Cannot read IP mode file for STMicroelectronics.FP-SNS-MOTENVWB1.1.3.1
2024-01-22 02:05:24,941 [WARN] PackLoader:240 - Cannot read IP mode file for STMicroelectronics.X-CUBE-AZRTOS-G4.1.0.0
2024-01-22 02:05:24,961 [WARN] PackLoader:240 - Cannot read IP mode file for STMicroelectronics.X-CUBE-AZRTOS-L4.1.0.0
2024-01-22 02:05:24,969 [WARN] PackLoader:240 - Cannot read IP mode file for STMicroelectronics.X-CUBE-ISPU.2.0.0
2024-01-22 02:05:25,012 [WARN] PackLoader:240 - Cannot read IP mode file for STMicroelectronics.X-CUBE-MEMS1.10.0.0
2024-01-22 02:05:25,131 [WARN] PackLoader:240 - Cannot read IP mode file for STMicroelectronics.X-CUBE-FREERTOS.1.1.0
2024-01-22 02:05:25,142 [WARN] PackLoader:240 - Cannot read IP mode file for STMicroelectronics.X-CUBE-AZRTOS-WL.1.0.0
2024-01-22 02:05:25,147 [WARN] PackLoader:240 - Cannot read IP mode file for STMicroelectronics.X-CUBE-TOF1.1.0.0
2024-01-22 02:05:25,151 [WARN] PackLoader:240 - Cannot read IP mode file for STMicroelectronics.X-CUBE-ALS.1.0.0
2024-01-22 02:05:25,158 [WARN] PackLoader:240 - Cannot read IP mode file for portGmbH.I-Cube-SoM-uGOAL.1.1.0
2024-01-22 02:05:25,161 [WARN] PackLoader:240 - Cannot read IP mode file for STMicroelectronics.X-CUBE-AI.7.0.0
2024-01-22 02:05:25,173 [WARN] PackLoader:240 - Cannot read IP mode file for STMicroelectronics.X-CUBE-AZRTOS-WB.1.1.0
2024-01-22 02:05:25,177 [WARN] PackLoader:240 - Cannot read IP mode file for STMicroelectronics.X-CUBE-EEPRMA1.3.1.0
2024-01-22 02:05:25,183 [WARN] PackLoader:240 - Cannot read IP mode file for STMicroelectronics.X-CUBE-GNSS1.5.2.0
2024-01-22 02:05:25,188 [WARN] PackLoader:240 - Cannot read IP mode file for STMicroelectronics.FP-ATR-ASTRA1.2.0.0
2024-01-22 02:05:25,198 [WARN] PackLoader:240 - Cannot read IP mode file for STMicroelectronics.X-CUBE-TOF1.3.4.0
2024-01-22 02:05:25,233 [WARN] PackLoader:240 - Cannot read IP mode file for STMicroelectronics.X-CUBE-AZRTOS-H7.3.2.0
2024-01-22 02:05:25,236 [INFO] ThirdParty:978 - Integrity check success = true
2024-01-22 02:05:25,236 [INFO] IntegrityCheckThread:100 - exiting critical section [integrity check]
2024-01-22 02:05:25,236 [INFO] IntegrityCheckThread:103 - End integrity checks thread
2024-01-22 02:05:25,578 [ERROR] LogOutputStream:75 - [STDERR_REDIRECT] [Fatal Error] :2:10: DOCTYPE is disallowed when the feature "http://apache.org/xml/features/disallow-doctype-decl" set to true.
2024-01-22 02:05:25,579 [ERROR] LogOutputStream:75 - [STDERR_REDIRECT] 
2024-01-22 02:05:39,870 [ERROR] LogOutputStream:75 - [STDERR_REDIRECT] SLF4J: Failed to load class "org.slf4j.impl.StaticLoggerBinder".
2024-01-22 02:05:39,871 [ERROR] LogOutputStream:75 - [STDERR_REDIRECT] SLF4J: Defaulting to no-operation (NOP) logger implementation
2024-01-22 02:05:39,871 [ERROR] LogOutputStream:75 - [STDERR_REDIRECT] SLF4J: See http://www.slf4j.org/codes.html#StaticLoggerBinder for further details.
2024-01-22 02:14:56,804 [ERROR] LogOutputStream:75 - [STDERR_REDIRECT] 
2024-01-22 02:28:27,027 [INFO] Activator:176 - 


2024-01-22 02:28:27,030 [INFO] Activator:177 - !SESSION log4j initialized
2024-01-22 02:28:30,209 [ERROR] LogOutputStream:75 - [STDERR_REDIRECT] 
2024-01-22 02:28:30,716 [INFO] LogOutputStream:77 - [STDOUT_REDIRECT] 
2024-01-22 02:28:31,951 [INFO] LogOutputStream:77 - [STDOUT_REDIRECT] 
2024-01-22 02:28:32,562 [INFO] ApplicationProperties:184 - Using Application install path: /Applications/STM32CubeIDE.app/Contents/Eclipse/plugins/com.st.stm32cube.common.mx_6.10.0.202311202037
2024-01-22 02:28:32,576 [INFO] DbMcusXml:78 - Set database path to: /Applications/STM32CubeIDE.app/Contents/Eclipse/plugins/com.st.stm32cube.common.mx_6.10.0.202311202037//db//mcu/
2024-01-22 02:28:32,576 [INFO] ApiDb:274 - Set plugin database path to: /Applications/STM32CubeIDE.app/Contents/Eclipse/plugins/com.st.stm32cube.common.mx_6.10.0.202311202037//db//plugins/boardmanager/
2024-01-22 02:28:32,576 [WARN] ApiDb:259 - Overriding images path with different value:  => /Applications/STM32CubeIDE.app/Contents/Eclipse/plugins/com.st.stm32cube.common.mx_6.10.0.202311202037//db//plugins/mcufinder/images/
2024-01-22 02:28:32,581 [INFO] ApiDb:250 - Set database path to: /Users/welcome/.stmcufinder/plugins/mcufinder//mcu/
2024-01-22 02:28:32,582 [INFO] DbMcusAds:125 - Set database path to: /Users/welcome/.stmcufinder/plugins/mcufinder//mcu/
2024-01-22 02:28:32,583 [INFO] CrossReferenceDbSqlite:203 - Set database path to: /Users/welcome/.stmcufinder/plugins/mcufinder//mcu/cs/
2024-01-22 02:28:32,669 [INFO] RulesReader:64 - Compatibility file has been processed (297 Rules)
2024-01-22 02:28:32,715 [INFO] DbMcusXml:78 - Set database path to: /Applications/STM32CubeIDE.app/Contents/Eclipse/plugins/com.st.stm32cube.common.mx_6.10.0.202311202037//db//mcu/
2024-01-22 02:28:32,715 [INFO] ApiDb:274 - Set plugin database path to: /Applications/STM32CubeIDE.app/Contents/Eclipse/plugins/com.st.stm32cube.common.mx_6.10.0.202311202037//db//plugins/boardmanager/
2024-01-22 02:28:32,716 [INFO] ApiDb:261 - Set plugin images path to: /Applications/STM32CubeIDE.app/Contents/Eclipse/plugins/com.st.stm32cube.common.mx_6.10.0.202311202037//db//plugins/mcufinder/images/
2024-01-22 02:28:32,716 [WARN] DbFile:41 - Overriding database path with different value: /Users/welcome/.stmcufinder/plugins/mcufinder/ => /Users/welcome/.stmcufinder/plugins/mcufinder
2024-01-22 02:28:32,716 [INFO] ApiDb:250 - Set database path to: /Users/welcome/.stmcufinder/plugins/mcufinder//mcu/
2024-01-22 02:28:32,716 [WARN] DbFile:41 - Overriding database path with different value: /Users/welcome/.stmcufinder/plugins/mcufinder/ => /Users/welcome/.stmcufinder/plugins/mcufinder
2024-01-22 02:28:32,716 [INFO] DbMcusAds:125 - Set database path to: /Users/welcome/.stmcufinder/plugins/mcufinder//mcu/
2024-01-22 02:28:32,716 [WARN] DbFile:41 - Overriding database path with different value: /Users/welcome/.stmcufinder/plugins/mcufinder/ => /Users/welcome/.stmcufinder/plugins/mcufinder
2024-01-22 02:28:32,716 [WARN] DbFile:41 - Overriding database path with different value: /Users/welcome/.stmcufinder/plugins/mcufinder/ => /Users/welcome/.stmcufinder/plugins/mcufinder
2024-01-22 02:28:32,717 [INFO] CrossReferenceDbSqlite:203 - Set database path to: /Users/welcome/.stmcufinder/plugins/mcufinder//mcu/cs/
2024-01-22 02:28:32,766 [INFO] MainPanel:264 - HeapMemory: 268435456
2024-01-22 02:28:32,817 [INFO] DbMcusXml:78 - Set database path to: /Applications/STM32CubeIDE.app/Contents/Eclipse/plugins/com.st.stm32cube.common.mx_6.10.0.202311202037//db//mcu/
2024-01-22 02:28:32,817 [INFO] ApiDb:274 - Set plugin database path to: /Applications/STM32CubeIDE.app/Contents/Eclipse/plugins/com.st.stm32cube.common.mx_6.10.0.202311202037//db//plugins/boardmanager/
2024-01-22 02:28:32,817 [INFO] ApiDb:261 - Set plugin images path to: /Applications/STM32CubeIDE.app/Contents/Eclipse/plugins/com.st.stm32cube.common.mx_6.10.0.202311202037//db//plugins/mcufinder/images/
2024-01-22 02:28:32,818 [WARN] DbFile:41 - Overriding database path with different value: /Users/welcome/.stmcufinder/plugins/mcufinder/ => /Users/welcome/.stmcufinder/plugins/mcufinder
2024-01-22 02:28:32,818 [INFO] ApiDb:250 - Set database path to: /Users/welcome/.stmcufinder/plugins/mcufinder//mcu/
2024-01-22 02:28:32,818 [WARN] DbFile:41 - Overriding database path with different value: /Users/welcome/.stmcufinder/plugins/mcufinder/ => /Users/welcome/.stmcufinder/plugins/mcufinder
2024-01-22 02:28:32,818 [INFO] DbMcusAds:125 - Set database path to: /Users/welcome/.stmcufinder/plugins/mcufinder//mcu/
2024-01-22 02:28:32,818 [WARN] DbFile:41 - Overriding database path with different value: /Users/welcome/.stmcufinder/plugins/mcufinder/ => /Users/welcome/.stmcufinder/plugins/mcufinder
2024-01-22 02:28:32,818 [WARN] DbFile:41 - Overriding database path with different value: /Users/welcome/.stmcufinder/plugins/mcufinder/ => /Users/welcome/.stmcufinder/plugins/mcufinder
2024-01-22 02:28:32,818 [INFO] CrossReferenceDbSqlite:203 - Set database path to: /Users/welcome/.stmcufinder/plugins/mcufinder//mcu/cs/
2024-01-22 02:28:32,829 [INFO] ApplicationProperties:184 - Using Application install path: /Applications/STM32CubeIDE.app/Contents/Eclipse/plugins/com.st.stm32cube.common.mx_6.10.0.202311202037
2024-01-22 02:28:32,830 [INFO] PluginManage:196 - Search for loadable plugins [exclusion list=, ]
2024-01-22 02:28:32,832 [INFO] PluginManage:310 - Check plugin analytics
2024-01-22 02:28:32,963 [INFO] AnalyticsPlugin:253 - Accepted Software Licenses: 
2024-01-22 02:28:32,963 [INFO] AnalyticsPlugin:255 - Accepted CMSIS Pack Licenses: 
2024-01-22 02:28:32,963 [INFO] AnalyticsPlugin:257 - Accepted Firmware Licenses: FW.F4.1.27.0
2024-01-22 02:28:32,966 [INFO] PluginManage:359 - Loaded plugin analytics (category:tool,tabindex:-1)
2024-01-22 02:28:32,967 [INFO] PluginManage:310 - Check plugin cadmodel
2024-01-22 02:28:33,143 [INFO] CADModel:105 - Init CAD model plugin
2024-01-22 02:28:33,144 [INFO] PluginManage:359 - Loaded plugin cadmodel (category:power,tabindex:5)
2024-01-22 02:28:33,144 [INFO] PluginManage:310 - Check plugin clock
2024-01-22 02:28:33,149 [INFO] PluginManage:359 - Loaded plugin clock (category:base,tabindex:2)
2024-01-22 02:28:33,149 [INFO] PluginManage:310 - Check plugin ddr
2024-01-22 02:28:33,151 [INFO] PluginManage:359 - Loaded plugin ddr (category:tool,tabindex:6)
2024-01-22 02:28:33,151 [INFO] PluginManage:310 - Check plugin filemanager
2024-01-22 02:28:33,245 [INFO] PluginManage:359 - Loaded plugin filemanager (category:base,tabindex:10)
2024-01-22 02:28:33,245 [INFO] PluginManage:310 - Check plugin ipmanager
2024-01-22 02:28:33,250 [INFO] PluginManage:359 - Loaded plugin ipmanager (category:base,tabindex:5)
2024-01-22 02:28:33,250 [INFO] PluginManage:310 - Check plugin lpbam
2024-01-22 02:28:33,256 [INFO] PluginManage:359 - Loaded plugin lpbam (category:base,tabindex:0)
2024-01-22 02:28:33,256 [INFO] PluginManage:310 - Check plugin memorymap
2024-01-22 02:28:33,263 [INFO] PluginManage:359 - Loaded plugin memorymap (category:base,tabindex:4)
2024-01-22 02:28:33,264 [INFO] PluginManage:310 - Check plugin pinoutandconfiguration
2024-01-22 02:28:33,268 [INFO] PluginManage:359 - Loaded plugin pinoutandconfiguration (category:base,tabindex:1)
2024-01-22 02:28:33,268 [INFO] PluginManage:310 - Check plugin pinoutconfig
2024-01-22 02:28:33,332 [WARN] SupportedApi:132 - Cannot load RTOS API schema: s4s-elt-must-match.1: The content of 'definitions' must match (annotation?, (simpleType | complexType)?, (unique | key | keyref)*)). A problem was found starting at: attribute.
2024-01-22 02:28:33,431 [INFO] PluginManage:359 - Loaded plugin pinoutconfig (category:base,tabindex:0)
2024-01-22 02:28:33,431 [INFO] PluginManage:310 - Check plugin power
2024-01-22 02:28:33,436 [INFO] PluginManage:359 - Loaded plugin power (category:power,tabindex:4)
2024-01-22 02:28:33,436 [INFO] PluginManage:310 - Check plugin projectmanager
2024-01-22 02:28:33,448 [INFO] PluginManage:359 - Loaded plugin projectmanager (category:projectmanager,tabindex:3)
2024-01-22 02:28:33,448 [INFO] PluginManage:310 - Check plugin thirdparty
2024-01-22 02:28:33,537 [INFO] PluginManage:359 - Loaded plugin thirdparty (category:base,tabindex:-1)
2024-01-22 02:28:33,537 [WARN] IntegrityCheckThread:84 - waiting for thirdparty lock release [integrity check]
2024-01-22 02:28:33,537 [INFO] PluginManage:310 - Check plugin tools
2024-01-22 02:28:33,537 [INFO] IntegrityCheckThread:86 - entering critical section [integrity check]
2024-01-22 02:28:33,537 [INFO] ThirdPartyUpdaterWithRetryManager:70 - Updater plugin not ready yet. [1/15]
2024-01-22 02:28:33,539 [INFO] PluginManage:359 - Loaded plugin tools (category:base,tabindex:7)
2024-01-22 02:28:33,539 [INFO] PluginManage:310 - Check plugin tutovideos
2024-01-22 02:28:33,661 [INFO] PluginManage:359 - Loaded plugin tutovideos (category:base,tabindex:-1)
2024-01-22 02:28:33,661 [INFO] PluginManage:310 - Check plugin updater
2024-01-22 02:28:33,668 [INFO] PluginManage:359 - Loaded plugin updater (category:base,tabindex:12)
2024-01-22 02:28:33,668 [INFO] PluginManage:310 - Check plugin userauth
2024-01-22 02:28:33,672 [INFO] UserAuth:114 - Init User Auth plugin
2024-01-22 02:28:33,672 [INFO] PluginManage:359 - Loaded plugin userauth (category:base,tabindex:14)
2024-01-22 02:28:33,672 [INFO] PluginManage:283 - PluginManage : Loaded plugins [17]
2024-01-22 02:28:33,808 [INFO] PinOutPanel:1499 - setPackage(No Configuration,No Configuration)
2024-01-22 02:28:33,853 [INFO] CADModel:165 - CPN selected for project level
2024-01-22 02:28:33,853 [INFO] CADModel:114 - Register for checkConnection events
2024-01-22 02:28:33,861 [INFO] IPUIPlugin:80 - create IPUIPlugin
2024-01-22 02:28:33,861 [INFO] PluginManager:220 - loadIPPluginJar : add mdma
2024-01-22 02:28:33,865 [INFO] IPUIPlugin:80 - create IPUIPlugin
2024-01-22 02:28:33,865 [INFO] PluginManager:220 - loadIPPluginJar : add freertos
2024-01-22 02:28:33,868 [INFO] IPUIPlugin:80 - create IPUIPlugin
2024-01-22 02:28:33,868 [INFO] PluginManager:220 - loadIPPluginJar : add gic
2024-01-22 02:28:33,874 [INFO] IPUIPlugin:80 - create IPUIPlugin
2024-01-22 02:28:33,874 [INFO] PluginManager:220 - loadIPPluginJar : add adc
2024-01-22 02:28:33,875 [INFO] IPUIPlugin:80 - create IPUIPlugin
2024-01-22 02:28:33,875 [INFO] PluginManager:220 - loadIPPluginJar : add gtzc
2024-01-22 02:28:33,876 [INFO] IPUIPlugin:80 - create IPUIPlugin
2024-01-22 02:28:33,876 [INFO] PluginManager:220 - loadIPPluginJar : add quadspi
2024-01-22 02:28:33,877 [INFO] IPUIPlugin:80 - create IPUIPlugin
2024-01-22 02:28:33,878 [INFO] PluginManager:220 - loadIPPluginJar : add aes
2024-01-22 02:28:33,879 [INFO] IPUIPlugin:80 - create IPUIPlugin
2024-01-22 02:28:33,879 [INFO] PluginManager:220 - loadIPPluginJar : add pdm2pcm
2024-01-22 02:28:33,880 [INFO] IPUIPlugin:80 - create IPUIPlugin
2024-01-22 02:28:33,881 [INFO] PluginManager:220 - loadIPPluginJar : add hash
2024-01-22 02:28:33,881 [INFO] IPUIPlugin:80 - create IPUIPlugin
2024-01-22 02:28:33,881 [INFO] PluginManager:220 - loadIPPluginJar : add tim
2024-01-22 02:28:33,882 [INFO] IPUIPlugin:80 - create IPUIPlugin
2024-01-22 02:28:33,882 [INFO] PluginManager:220 - loadIPPluginJar : add tsc
2024-01-22 02:28:33,883 [INFO] IPUIPlugin:80 - create IPUIPlugin
2024-01-22 02:28:33,883 [INFO] PluginManager:220 - loadIPPluginJar : add ts
2024-01-22 02:28:33,885 [INFO] IPUIPlugin:80 - create IPUIPlugin
2024-01-22 02:28:33,885 [INFO] PluginManager:220 - loadIPPluginJar : add can
2024-01-22 02:28:33,886 [INFO] IPUIPlugin:80 - create IPUIPlugin
2024-01-22 02:28:33,887 [INFO] PluginManager:220 - loadIPPluginJar : add dma3
2024-01-22 02:28:33,888 [INFO] IPUIPlugin:80 - create IPUIPlugin
2024-01-22 02:28:33,888 [INFO] PluginManager:220 - loadIPPluginJar : add dfsdm
2024-01-22 02:28:33,890 [INFO] IPUIPlugin:80 - create IPUIPlugin
2024-01-22 02:28:33,890 [INFO] PluginManager:220 - loadIPPluginJar : add spi
2024-01-22 02:28:33,891 [INFO] IPUIPlugin:80 - create IPUIPlugin
2024-01-22 02:28:33,891 [INFO] PluginManager:220 - loadIPPluginJar : add gfxmmu
2024-01-22 02:28:33,892 [INFO] IPUIPlugin:80 - create IPUIPlugin
2024-01-22 02:28:33,892 [INFO] PluginManager:220 - loadIPPluginJar : add genericplugin
2024-01-22 02:28:33,893 [INFO] IPUIPlugin:80 - create IPUIPlugin
2024-01-22 02:28:33,893 [INFO] PluginManager:220 - loadIPPluginJar : add cryp
2024-01-22 02:28:33,895 [INFO] IPUIPlugin:80 - create IPUIPlugin
2024-01-22 02:28:33,895 [INFO] PluginManager:220 - loadIPPluginJar : add gpio
2024-01-22 02:28:33,896 [INFO] IPUIPlugin:80 - create IPUIPlugin
2024-01-22 02:28:33,897 [INFO] PluginManager:220 - loadIPPluginJar : add comp
2024-01-22 02:28:33,898 [INFO] IPUIPlugin:80 - create IPUIPlugin
2024-01-22 02:28:33,898 [INFO] PluginManager:220 - loadIPPluginJar : add tracer_emb
2024-01-22 02:28:33,899 [INFO] IPUIPlugin:80 - create IPUIPlugin
2024-01-22 02:28:33,900 [INFO] PluginManager:220 - loadIPPluginJar : add openamp
2024-01-22 02:28:33,903 [INFO] IPUIPlugin:80 - create IPUIPlugin
2024-01-22 02:28:33,903 [INFO] PluginManager:220 - loadIPPluginJar : add stm32_wpan
2024-01-22 02:28:33,908 [INFO] IPUIPlugin:80 - create IPUIPlugin
2024-01-22 02:28:33,910 [INFO] PluginManager:220 - loadIPPluginJar : add plateformsettings
2024-01-22 02:28:33,913 [INFO] IPUIPlugin:80 - create IPUIPlugin
2024-01-22 02:28:33,913 [INFO] PluginManager:220 - loadIPPluginJar : add ipddr
2024-01-22 02:28:33,914 [INFO] IPUIPlugin:80 - create IPUIPlugin
2024-01-22 02:28:33,915 [INFO] PluginManager:220 - loadIPPluginJar : add usart
2024-01-22 02:28:33,915 [INFO] IPUIPlugin:80 - create IPUIPlugin
2024-01-22 02:28:33,915 [INFO] PluginManager:220 - loadIPPluginJar : add ltdc
2024-01-22 02:28:33,918 [INFO] IPUIPlugin:80 - create IPUIPlugin
2024-01-22 02:28:33,918 [INFO] PluginManager:220 - loadIPPluginJar : add nvic
2024-01-22 02:28:33,919 [INFO] IPUIPlugin:80 - create IPUIPlugin
2024-01-22 02:28:33,919 [INFO] PluginManager:220 - loadIPPluginJar : add fatfs
2024-01-22 02:28:33,925 [INFO] IPUIPlugin:80 - create IPUIPlugin
2024-01-22 02:28:33,925 [INFO] PluginManager:220 - loadIPPluginJar : add linkedlist
2024-01-22 02:28:33,929 [INFO] IPUIPlugin:80 - create IPUIPlugin
2024-01-22 02:28:33,929 [INFO] PluginManager:220 - loadIPPluginJar : add dma
2024-01-22 02:28:33,931 [INFO] IPUIPlugin:80 - create IPUIPlugin
2024-01-22 02:28:33,931 [INFO] PluginManager:220 - loadIPPluginJar : add fmc
2024-01-22 02:28:33,932 [INFO] IPUIPlugin:80 - create IPUIPlugin
2024-01-22 02:28:33,932 [INFO] PluginManager:220 - loadIPPluginJar : add i2s
2024-01-22 02:28:33,933 [INFO] IPUIPlugin:80 - create IPUIPlugin
2024-01-22 02:28:33,933 [INFO] PluginManager:220 - loadIPPluginJar : add ucpd
2024-01-22 02:28:33,935 [INFO] IPUIPlugin:80 - create IPUIPlugin
2024-01-22 02:28:33,935 [INFO] PluginManager:220 - loadIPPluginJar : add lorawan
2024-01-22 02:28:33,936 [INFO] IPUIPlugin:80 - create IPUIPlugin
2024-01-22 02:28:33,936 [INFO] PluginManager:220 - loadIPPluginJar : add opamp
2024-01-22 02:28:33,938 [INFO] IPUIPlugin:80 - create IPUIPlugin
2024-01-22 02:28:33,938 [INFO] PluginManager:220 - loadIPPluginJar : add i3c
2024-01-22 02:28:33,939 [INFO] IPUIPlugin:80 - create IPUIPlugin
2024-01-22 02:28:33,939 [INFO] PluginManager:220 - loadIPPluginJar : add touchsensing
2024-01-22 02:28:33,941 [INFO] IPUIPlugin:80 - create IPUIPlugin
2024-01-22 02:28:33,941 [INFO] PluginManager:220 - loadIPPluginJar : add i2c
2024-01-22 02:28:33,942 [INFO] IPUIPlugin:80 - create IPUIPlugin
2024-01-22 02:28:33,943 [INFO] PluginManager:220 - loadIPPluginJar : add resmgrutility
2024-01-22 02:28:33,944 [INFO] IPUIPlugin:80 - create IPUIPlugin
2024-01-22 02:28:33,944 [INFO] PluginManager:220 - loadIPPluginJar : add sai
2024-01-22 02:28:33,946 [INFO] IPUIPlugin:80 - create IPUIPlugin
2024-01-22 02:28:33,946 [INFO] PluginManager:220 - loadIPPluginJar : add usbx
2024-01-22 02:28:34,040 [INFO] CADModel:165 - CPN selected for project level
2024-01-22 02:28:34,040 [INFO] CADModel:114 - Register for checkConnection events
2024-01-22 02:28:34,040 [FATAL] Updater:308 - Updater called before beeing initialized
2024-01-22 02:28:34,040 [ERROR] CADModel:125 - Updater not yet initialized, retry later 
2024-01-22 02:28:34,152 [INFO] CADModel:165 - CPN selected for project level
2024-01-22 02:28:34,152 [INFO] CADModel:114 - Register for checkConnection events
2024-01-22 02:28:34,152 [FATAL] Updater:308 - Updater called before beeing initialized
2024-01-22 02:28:34,152 [ERROR] CADModel:125 - Updater not yet initialized, retry later 
2024-01-22 02:28:34,155 [FATAL] Updater:308 - Updater called before beeing initialized
2024-01-22 02:28:34,222 [FATAL] Updater:308 - Updater called before beeing initialized
2024-01-22 02:28:34,225 [INFO] DbMcusAds:53 - JSON generation date=Wed Nov 29 18:52:27 SGT 2023 (1701255147200)
2024-01-22 02:28:34,225 [FATAL] Updater:308 - Updater called before beeing initialized
2024-01-22 02:28:34,267 [WARN] DetailPanel:346 - Failed to get advertising image, set to default
2024-01-22 02:28:34,349 [FATAL] Updater:308 - Updater called before beeing initialized
2024-01-22 02:28:34,350 [FATAL] Updater:308 - Updater called before beeing initialized
2024-01-22 02:28:34,350 [FATAL] Updater:308 - Updater called before beeing initialized
2024-01-22 02:28:34,350 [WARN] DetailPanel:346 - Failed to get advertising image, set to default
2024-01-22 02:28:34,351 [FATAL] Updater:308 - Updater called before beeing initialized
2024-01-22 02:28:34,384 [ERROR] Updater:1120 - MainUpdater not yet initialized. External WinMGr cannot be set.
2024-01-22 02:28:34,396 [INFO] Updater:1056 - Updater Version found : 6.10.0
2024-01-22 02:28:34,409 [INFO] ApplicationProperties:184 - Using Application install path: /Applications/STM32CubeIDE.app/Contents/Eclipse/plugins/com.st.stm32cube.common.mx_6.10.0.202311202037
2024-01-22 02:28:35,098 [INFO] MainUpdater:2873 - connection check result : 10
2024-01-22 02:28:35,099 [INFO] MainUpdater:290 - Updater Check For Update Now.
2024-01-22 02:28:35,099 [INFO] MicroXplorer:498 - Change Database Version : DB.6.0.100
2024-01-22 02:28:35,103 [INFO] McuFinderGlobals:63 - Set McuFinder mode to 2 (CubeIDE integrated)
2024-01-22 02:28:35,108 [INFO] UserAuth:404 - Internet connection configuration mode: 1
2024-01-22 02:28:35,116 [INFO] JxBrowserEngine:152 - Initiate JxBrowser Engine with user profile folder
2024-01-22 02:28:35,275 [INFO] CheckServerUpdateThread:120 - End of CheckServer Thread
2024-01-22 02:28:36,102 [INFO] WebApp:161 - Instantiating new browser for Auth
2024-01-22 02:28:36,638 [INFO] WebApp:780 - Register for checkConnection events
2024-01-22 02:28:36,657 [INFO] WebApp:414 - Apply proxy settings
2024-01-22 02:28:36,697 [INFO] WebApp:459 - Chromium authenticates against Manually configured proxy
2024-01-22 02:28:36,716 [INFO] WebApp:467 - Username used for proxy authentication: 
2024-01-22 02:28:36,864 [INFO] WebApp:192 - Starting web application
2024-01-22 02:28:36,870 [INFO] WebApp:544 - Web application path used /Applications/STM32CubeIDE.app/Contents/Eclipse/plugins/com.st.stm32cube.common.mx_6.10.0.202311202037/db/plugins/mcufinder/reactClient1/index.html
2024-01-22 02:28:37,312 [WARN] PackLoader:240 - Cannot read IP mode file for STMicroelectronics.X-CUBE-SMBUS.2.1.0
2024-01-22 02:28:37,316 [WARN] PackLoader:240 - Cannot read IP mode file for STMicroelectronics.X-CUBE-TOUCHGFX.4.23.0
2024-01-22 02:28:37,343 [WARN] PackLoader:240 - Cannot read IP mode file for STMicroelectronics.X-CUBE-AZRTOS-F7.1.1.0
2024-01-22 02:28:37,354 [WARN] PackLoader:240 - Cannot read IP mode file for STMicroelectronics.FP-SNS-MOTENV1.4.3.2
2024-01-22 02:28:37,363 [WARN] PackLoader:240 - Cannot read IP mode file for STMicroelectronics.X-CUBE-BLE1.6.2.4
2024-01-22 02:28:37,368 [WARN] PackLoader:240 - Cannot read IP mode file for STMicroelectronics.X-CUBE-BLE1.6.2.1
2024-01-22 02:28:37,374 [WARN] PackLoader:240 - Cannot read IP mode file for STMicroelectronics.X-CUBE-BLE2.3.2.1
2024-01-22 02:28:37,379 [WARN] PackLoader:240 - Cannot read IP mode file for STMicroelectronics.FP-SNS-FLIGHT1.5.0.2
2024-01-22 02:28:37,387 [WARN] PackLoader:240 - Cannot read IP mode file for STMicroelectronics.X-CUBE-DISPLAY.3.0.0
2024-01-22 02:28:37,398 [WARN] PackLoader:240 - Cannot read IP mode file for STMicroelectronics.X-CUBE-BLE1.7.0.0
2024-01-22 02:28:37,409 [WARN] PackLoader:240 - Cannot read IP mode file for STMicroelectronics.X-CUBE-SUBG2.4.2.0
2024-01-22 02:28:37,438 [WARN] PackLoader:240 - Cannot read IP mode file for STMicroelectronics.X-CUBE-AZRTOS-H7.1.0.0
2024-01-22 02:28:37,447 [WARN] PackLoader:240 - Cannot read IP mode file for STMicroelectronics.FP-SNS-SMARTAG2.1.2.0
2024-01-22 02:28:37,456 [INFO] LogOutputStream:77 - [STDOUT_REDIRECT] 1 : Invalid condition id : UX_CORESTACK_Condition cause : null
2024-01-22 02:28:37,457 [INFO] LogOutputStream:77 - [STDOUT_REDIRECT] 1 : Invalid condition id : UX_CORESTACK_Condition cause : null
2024-01-22 02:28:37,457 [INFO] LogOutputStream:77 - [STDOUT_REDIRECT] 1 : Invalid condition id : UX_CORESTACK_Condition cause : null
2024-01-22 02:28:37,458 [INFO] LogOutputStream:77 - [STDOUT_REDIRECT] 1 : Invalid condition id : UX_CORESTACK_Condition cause : null
2024-01-22 02:28:37,458 [INFO] LogOutputStream:77 - [STDOUT_REDIRECT] 1 : Invalid condition id : UX_CORESTACK_Condition cause : null
2024-01-22 02:28:37,463 [WARN] PackLoader:240 - Cannot read IP mode file for STMicroelectronics.X-CUBE-AZRTOS-WL.2.0.0
2024-01-22 02:28:37,470 [WARN] PackLoader:240 - Cannot read IP mode file for STMicroelectronics.X-CUBE-ALGOBUILD.1.2.1
2024-01-22 02:28:37,477 [WARN] PackLoader:240 - Cannot read IP mode file for WES.I-CUBE-Cesium.1.3.0
2024-01-22 02:28:37,482 [WARN] PackLoader:240 - Cannot read IP mode file for STMicroelectronics.X-CUBE-DISPLAY.2.2.0
2024-01-22 02:28:37,504 [WARN] PackLoader:240 - Cannot read IP mode file for STMicroelectronics.X-CUBE-TOF1.3.2.0
2024-01-22 02:28:37,515 [WARN] PackLoader:240 - Cannot read IP mode file for STMicroelectronics.X-CUBE-TOUCHGFX.4.21.1
2024-01-22 02:28:37,518 [WARN] PackLoader:240 - Cannot read IP mode file for STMicroelectronics.X-CUBE-TOUCHGFX.4.21.0
2024-01-22 02:28:37,563 [WARN] PackLoader:240 - Cannot read IP mode file for STMicroelectronics.X-CUBE-MEMS1.9.4.0
2024-01-22 02:28:37,694 [WARN] PackLoader:240 - Cannot read IP mode file for STMicroelectronics.X-CUBE-AI.7.3.0
2024-01-22 02:28:37,707 [WARN] PackLoader:240 - Cannot read IP mode file for STMicroelectronics.X-CUBE-AZRTOS-G0.1.1.0
2024-01-22 02:28:37,712 [WARN] PackLoader:240 - Cannot read IP mode file for STMicroelectronics.X-CUBE-NFC4.3.0.0
2024-01-22 02:28:37,741 [WARN] PackLoader:240 - Cannot read IP mode file for SEGGER.I-CUBE-embOS.1.2.0
2024-01-22 02:28:37,786 [WARN] PackLoader:240 - Cannot read IP mode file for STMicroelectronics.X-CUBE-TOUCHGFX.4.17.0
2024-01-22 02:28:37,798 [WARN] PackLoader:240 - Cannot read IP mode file for STMicroelectronics.X-CUBE-BLEMGR.3.0.0
2024-01-22 02:28:37,810 [WARN] PackLoader:240 - Cannot read IP mode file for STMicroelectronics.X-CUBE-BLEMGR.1.3.0
2024-01-22 02:28:37,875 [WARN] PackLoader:240 - Cannot read IP mode file for STMicroelectronics.X-CUBE-MEMS1.9.5.0
2024-01-22 02:28:38,039 [WARN] PackLoader:240 - Cannot read IP mode file for STMicroelectronics.X-CUBE-AZRTOS-F4.1.1.0
2024-01-22 02:28:38,057 [WARN] PackLoader:240 - Cannot read IP mode file for STMicroelectronics.X-CUBE-AZRTOS-L5.2.0.0
2024-01-22 02:28:38,064 [WARN] PackLoader:240 - Cannot read IP mode file for STMicroelectronics.X-CUBE-EEPRMA1.4.2.0
2024-01-22 02:28:38,069 [WARN] PackLoader:240 - Cannot read IP mode file for ITTIA_DB.I-CUBE-ITTIADB.8.8.0
2024-01-22 02:28:38,074 [WARN] PackLoader:240 - Cannot read IP mode file for emotas.I-CUBE-CANOPEN.1.1.3
2024-01-22 02:28:38,078 [WARN] PackLoader:240 - Cannot read IP mode file for STMicroelectronics.X-CUBE-NFC4.2.0.5
2024-01-22 02:28:38,083 [WARN] PackLoader:240 - Cannot read IP mode file for STMicroelectronics.X-CUBE-NFC4.2.0.3
2024-01-22 02:28:38,088 [WARN] PackLoader:240 - Cannot read IP mode file for wolfSSL.I-CUBE-wolfSSL.4.8.0
2024-01-22 02:28:38,093 [WARN] PackLoader:240 - Cannot read IP mode file for STMicroelectronics.X-CUBE-SFXS2LP1.3.1.0
2024-01-22 02:28:38,099 [WARN] PackLoader:240 - Cannot read IP mode file for STMicroelectronics.X-CUBE-NFC7.1.0.1
2024-01-22 02:28:38,104 [WARN] PackLoader:240 - Cannot read IP mode file for STMicroelectronics.X-CUBE-NFC7.1.0.0
2024-01-22 02:28:38,110 [WARN] PackLoader:240 - Cannot read IP mode file for STMicroelectronics.X-CUBE-NFC6.3.0.0
2024-01-22 02:28:38,117 [WARN] PackLoader:240 - Cannot read IP mode file for STMicroelectronics.X-CUBE-EEPRMA1.4.1.0
2024-01-22 02:28:38,120 [WARN] PackLoader:240 - Cannot read IP mode file for STMicroelectronics.X-CUBE-DISPLAY.1.0.0
2024-01-22 02:28:38,123 [WARN] PackLoader:240 - Cannot read IP mode file for STMicroelectronics.X-CUBE-AI.8.1.0
2024-01-22 02:28:38,142 [WARN] ConditionMgr:438 - getConditionDescription Invalid condition id : LAN8742 Phy interface Condition cause : null
2024-01-22 02:28:38,142 [WARN] PackLoader:240 - Cannot read IP mode file for STMicroelectronics.X-CUBE-AZRTOS-L4.2.0.0
2024-01-22 02:28:38,144 [WARN] ConditionMgr:1039 - genDependencies : Invalid condition id : LAN8742 Phy interface Condition cause : null
2024-01-22 02:28:38,145 [WARN] ConditionMgr:1039 - genDependencies : Invalid condition id : LAN8742 Phy interface Condition cause : null
2024-01-22 02:28:38,146 [WARN] ConditionMgr:1039 - genDependencies : Invalid condition id : LAN8742 Phy interface Condition cause : null
2024-01-22 02:28:38,170 [WARN] PackLoader:240 - Cannot read IP mode file for STMicroelectronics.X-CUBE-AZRTOS-H7.3.0.0
2024-01-22 02:28:38,179 [WARN] PackLoader:240 - Cannot read IP mode file for STMicroelectronics.X-CUBE-ISPU.1.1.0
2024-01-22 02:28:38,185 [WARN] PackLoader:240 - Cannot read IP mode file for RoweBots.I-CUBE-UNISONRTOS.5.5.0-4
2024-01-22 02:28:38,188 [WARN] PackLoader:240 - Cannot read IP mode file for STMicroelectronics.X-CUBE-AI.8.0.0
2024-01-22 02:28:38,199 [WARN] ConditionMgr:438 - getConditionDescription Invalid condition id : UX DEVICE CLASS RTOS Condition cause : null
2024-01-22 02:28:38,200 [WARN] ConditionMgr:438 - getConditionDescription Invalid condition id : UX DEVICE CLASS RTOS Condition cause : null
2024-01-22 02:28:38,202 [WARN] PackLoader:240 - Cannot read IP mode file for STMicroelectronics.X-CUBE-AZRTOS-WB.2.0.0
2024-01-22 02:28:38,203 [WARN] ConditionMgr:1039 - genDependencies : Invalid condition id : UX DEVICE CLASS RTOS Condition cause : null
2024-01-22 02:28:38,203 [WARN] ConditionMgr:1039 - genDependencies : Invalid condition id : UX DEVICE CLASS RTOS Condition cause : null
2024-01-22 02:28:38,204 [WARN] ConditionMgr:1039 - genDependencies : Invalid condition id : UX DEVICE CLASS RTOS Condition cause : null
2024-01-22 02:28:38,204 [WARN] ConditionMgr:1039 - genDependencies : Invalid condition id : UX DEVICE CLASS RTOS Condition cause : null
2024-01-22 02:28:38,205 [WARN] ConditionMgr:1039 - genDependencies : Invalid condition id : UX DEVICE CLASS RTOS Condition cause : null
2024-01-22 02:28:38,239 [WARN] PackLoader:240 - Cannot read IP mode file for STMicroelectronics.X-CUBE-MEMS1.9.0.0
2024-01-22 02:28:38,340 [WARN] PackLoader:240 - Cannot read IP mode file for STMicroelectronics.X-CUBE-AZRTOS-L5.1.1.0
2024-01-22 02:28:38,352 [WARN] PackLoader:240 - Cannot read IP mode file for STMicroelectronics.X-CUBE-AZRTOS-G4.2.0.0
2024-01-22 02:28:38,356 [WARN] PackLoader:240 - Cannot read IP mode file for STMicroelectronics.FP-ATR-ASTRA1.1.1.1
2024-01-22 02:28:38,364 [WARN] PackLoader:240 - Cannot read IP mode file for Infineon.AIROC-Wi-Fi-Bluetooth-STM32.1.5.1
2024-01-22 02:28:38,371 [WARN] PackLoader:240 - Cannot read IP mode file for STMicroelectronics.FP-SNS-MOTENVWB1.1.3.1
2024-01-22 02:28:38,381 [WARN] PackLoader:240 - Cannot read IP mode file for STMicroelectronics.X-CUBE-AZRTOS-G4.1.0.0
2024-01-22 02:28:38,395 [WARN] PackLoader:240 - Cannot read IP mode file for STMicroelectronics.X-CUBE-AZRTOS-L4.1.0.0
2024-01-22 02:28:38,400 [WARN] PackLoader:240 - Cannot read IP mode file for STMicroelectronics.X-CUBE-ISPU.2.0.0
2024-01-22 02:28:38,429 [WARN] PackLoader:240 - Cannot read IP mode file for STMicroelectronics.X-CUBE-MEMS1.10.0.0
2024-01-22 02:28:38,525 [WARN] PackLoader:240 - Cannot read IP mode file for STMicroelectronics.X-CUBE-FREERTOS.1.1.0
2024-01-22 02:28:38,534 [WARN] PackLoader:240 - Cannot read IP mode file for STMicroelectronics.X-CUBE-AZRTOS-WL.1.0.0
2024-01-22 02:28:38,557 [WARN] PackLoader:240 - Cannot read IP mode file for STMicroelectronics.X-CUBE-TOF1.1.0.0
2024-01-22 02:28:38,559 [WARN] PackLoader:240 - Cannot read IP mode file for STMicroelectronics.X-CUBE-ALS.1.0.0
2024-01-22 02:28:38,563 [WARN] PackLoader:240 - Cannot read IP mode file for portGmbH.I-Cube-SoM-uGOAL.1.1.0
2024-01-22 02:28:38,565 [WARN] PackLoader:240 - Cannot read IP mode file for STMicroelectronics.X-CUBE-AI.7.0.0
2024-01-22 02:28:38,573 [WARN] PackLoader:240 - Cannot read IP mode file for STMicroelectronics.X-CUBE-AZRTOS-WB.1.1.0
2024-01-22 02:28:38,576 [WARN] PackLoader:240 - Cannot read IP mode file for STMicroelectronics.X-CUBE-EEPRMA1.3.1.0
2024-01-22 02:28:38,597 [WARN] PackLoader:240 - Cannot read IP mode file for STMicroelectronics.X-CUBE-GNSS1.5.2.0
2024-01-22 02:28:38,601 [WARN] PackLoader:240 - Cannot read IP mode file for STMicroelectronics.FP-ATR-ASTRA1.2.0.0
2024-01-22 02:28:38,608 [WARN] PackLoader:240 - Cannot read IP mode file for STMicroelectronics.X-CUBE-TOF1.3.4.0
2024-01-22 02:28:38,633 [WARN] PackLoader:240 - Cannot read IP mode file for STMicroelectronics.X-CUBE-AZRTOS-H7.3.2.0
2024-01-22 02:28:38,653 [INFO] ThirdParty:978 - Integrity check success = true
2024-01-22 02:28:38,653 [INFO] IntegrityCheckThread:100 - exiting critical section [integrity check]
2024-01-22 02:28:38,653 [INFO] IntegrityCheckThread:103 - End integrity checks thread
2024-01-22 02:28:39,553 [ERROR] LogOutputStream:75 - [STDERR_REDIRECT] [Fatal Error] :2:10: DOCTYPE is disallowed when the feature "http://apache.org/xml/features/disallow-doctype-decl" set to true.
2024-01-22 02:28:39,567 [ERROR] LogOutputStream:75 - [STDERR_REDIRECT] 
2024-01-22 02:28:52,885 [ERROR] LogOutputStream:75 - [STDERR_REDIRECT] SLF4J: Failed to load class "org.slf4j.impl.StaticLoggerBinder".
2024-01-22 02:28:52,885 [ERROR] LogOutputStream:75 - [STDERR_REDIRECT] SLF4J: Defaulting to no-operation (NOP) logger implementation
2024-01-22 02:28:52,885 [ERROR] LogOutputStream:75 - [STDERR_REDIRECT] SLF4J: See http://www.slf4j.org/codes.html#StaticLoggerBinder for further details.
2024-01-22 02:33:00,839 [ERROR] LogOutputStream:75 - [STDERR_REDIRECT] 
