2024-02-03 22:13:47,927 [ERROR] LogOutputStream:75 - [STDERR_REDIRECT] 
2024-02-03 22:14:47,722 [INFO] Activator:176 - 


2024-02-03 22:14:47,724 [INFO] Activator:177 - !SESSION log4j initialized
2024-02-03 22:14:50,864 [ERROR] LogOutputStream:75 - [STDERR_REDIRECT] 
2024-02-03 22:14:51,365 [INFO] LogOutputStream:77 - [STDOUT_REDIRECT] 
2024-02-03 22:14:52,575 [INFO] LogOutputStream:77 - [STDOUT_REDIRECT] 
2024-02-03 22:14:53,224 [INFO] ApplicationProperties:184 - Using Application install path: /Applications/STM32CubeIDE.app/Contents/Eclipse/plugins/com.st.stm32cube.common.mx_6.10.0.202311202037
2024-02-03 22:14:53,241 [INFO] DbMcusXml:78 - Set database path to: /Applications/STM32CubeIDE.app/Contents/Eclipse/plugins/com.st.stm32cube.common.mx_6.10.0.202311202037//db//mcu/
2024-02-03 22:14:53,241 [INFO] ApiDb:274 - Set plugin database path to: /Applications/STM32CubeIDE.app/Contents/Eclipse/plugins/com.st.stm32cube.common.mx_6.10.0.202311202037//db//plugins/boardmanager/
2024-02-03 22:14:53,242 [WARN] ApiDb:259 - Overriding images path with different value:  => /Applications/STM32CubeIDE.app/Contents/Eclipse/plugins/com.st.stm32cube.common.mx_6.10.0.202311202037//db//plugins/mcufinder/images/
2024-02-03 22:14:53,247 [INFO] ApiDb:250 - Set database path to: /Users/welcome/.stmcufinder/plugins/mcufinder//mcu/
2024-02-03 22:14:53,248 [INFO] DbMcusAds:125 - Set database path to: /Users/welcome/.stmcufinder/plugins/mcufinder//mcu/
2024-02-03 22:14:53,250 [INFO] CrossReferenceDbSqlite:203 - Set database path to: /Users/welcome/.stmcufinder/plugins/mcufinder//mcu/cs/
2024-02-03 22:14:53,349 [INFO] RulesReader:64 - Compatibility file has been processed (297 Rules)
2024-02-03 22:14:53,409 [INFO] DbMcusXml:78 - Set database path to: /Applications/STM32CubeIDE.app/Contents/Eclipse/plugins/com.st.stm32cube.common.mx_6.10.0.202311202037//db//mcu/
2024-02-03 22:14:53,409 [INFO] ApiDb:274 - Set plugin database path to: /Applications/STM32CubeIDE.app/Contents/Eclipse/plugins/com.st.stm32cube.common.mx_6.10.0.202311202037//db//plugins/boardmanager/
2024-02-03 22:14:53,409 [INFO] ApiDb:261 - Set plugin images path to: /Applications/STM32CubeIDE.app/Contents/Eclipse/plugins/com.st.stm32cube.common.mx_6.10.0.202311202037//db//plugins/mcufinder/images/
2024-02-03 22:14:53,410 [WARN] DbFile:41 - Overriding database path with different value: /Users/welcome/.stmcufinder/plugins/mcufinder/ => /Users/welcome/.stmcufinder/plugins/mcufinder
2024-02-03 22:14:53,410 [INFO] ApiDb:250 - Set database path to: /Users/welcome/.stmcufinder/plugins/mcufinder//mcu/
2024-02-03 22:14:53,410 [WARN] DbFile:41 - Overriding database path with different value: /Users/welcome/.stmcufinder/plugins/mcufinder/ => /Users/welcome/.stmcufinder/plugins/mcufinder
2024-02-03 22:14:53,410 [INFO] DbMcusAds:125 - Set database path to: /Users/welcome/.stmcufinder/plugins/mcufinder//mcu/
2024-02-03 22:14:53,410 [WARN] DbFile:41 - Overriding database path with different value: /Users/welcome/.stmcufinder/plugins/mcufinder/ => /Users/welcome/.stmcufinder/plugins/mcufinder
2024-02-03 22:14:53,410 [WARN] DbFile:41 - Overriding database path with different value: /Users/welcome/.stmcufinder/plugins/mcufinder/ => /Users/welcome/.stmcufinder/plugins/mcufinder
2024-02-03 22:14:53,410 [INFO] CrossReferenceDbSqlite:203 - Set database path to: /Users/welcome/.stmcufinder/plugins/mcufinder//mcu/cs/
2024-02-03 22:14:53,465 [INFO] MainPanel:264 - HeapMemory: 268435456
2024-02-03 22:14:53,517 [INFO] DbMcusXml:78 - Set database path to: /Applications/STM32CubeIDE.app/Contents/Eclipse/plugins/com.st.stm32cube.common.mx_6.10.0.202311202037//db//mcu/
2024-02-03 22:14:53,517 [INFO] ApiDb:274 - Set plugin database path to: /Applications/STM32CubeIDE.app/Contents/Eclipse/plugins/com.st.stm32cube.common.mx_6.10.0.202311202037//db//plugins/boardmanager/
2024-02-03 22:14:53,517 [INFO] ApiDb:261 - Set plugin images path to: /Applications/STM32CubeIDE.app/Contents/Eclipse/plugins/com.st.stm32cube.common.mx_6.10.0.202311202037//db//plugins/mcufinder/images/
2024-02-03 22:14:53,517 [WARN] DbFile:41 - Overriding database path with different value: /Users/welcome/.stmcufinder/plugins/mcufinder/ => /Users/welcome/.stmcufinder/plugins/mcufinder
2024-02-03 22:14:53,517 [INFO] ApiDb:250 - Set database path to: /Users/welcome/.stmcufinder/plugins/mcufinder//mcu/
2024-02-03 22:14:53,517 [WARN] DbFile:41 - Overriding database path with different value: /Users/welcome/.stmcufinder/plugins/mcufinder/ => /Users/welcome/.stmcufinder/plugins/mcufinder
2024-02-03 22:14:53,517 [INFO] DbMcusAds:125 - Set database path to: /Users/welcome/.stmcufinder/plugins/mcufinder//mcu/
2024-02-03 22:14:53,517 [WARN] DbFile:41 - Overriding database path with different value: /Users/welcome/.stmcufinder/plugins/mcufinder/ => /Users/welcome/.stmcufinder/plugins/mcufinder
2024-02-03 22:14:53,518 [WARN] DbFile:41 - Overriding database path with different value: /Users/welcome/.stmcufinder/plugins/mcufinder/ => /Users/welcome/.stmcufinder/plugins/mcufinder
2024-02-03 22:14:53,518 [INFO] CrossReferenceDbSqlite:203 - Set database path to: /Users/welcome/.stmcufinder/plugins/mcufinder//mcu/cs/
2024-02-03 22:14:53,531 [INFO] ApplicationProperties:184 - Using Application install path: /Applications/STM32CubeIDE.app/Contents/Eclipse/plugins/com.st.stm32cube.common.mx_6.10.0.202311202037
2024-02-03 22:14:53,532 [INFO] PluginManage:196 - Search for loadable plugins [exclusion list=, ]
2024-02-03 22:14:53,534 [INFO] PluginManage:310 - Check plugin analytics
2024-02-03 22:14:53,675 [INFO] AnalyticsPlugin:253 - Accepted Software Licenses: 
2024-02-03 22:14:53,676 [INFO] AnalyticsPlugin:255 - Accepted CMSIS Pack Licenses: 
2024-02-03 22:14:53,676 [INFO] AnalyticsPlugin:257 - Accepted Firmware Licenses: FW.F4.1.27.0
2024-02-03 22:14:53,678 [INFO] PluginManage:359 - Loaded plugin analytics (category:tool,tabindex:-1)
2024-02-03 22:14:53,678 [INFO] PluginManage:310 - Check plugin cadmodel
2024-02-03 22:14:53,849 [INFO] CADModel:105 - Init CAD model plugin
2024-02-03 22:14:53,849 [INFO] PluginManage:359 - Loaded plugin cadmodel (category:power,tabindex:5)
2024-02-03 22:14:53,849 [INFO] PluginManage:310 - Check plugin clock
2024-02-03 22:14:53,858 [INFO] PluginManage:359 - Loaded plugin clock (category:base,tabindex:2)
2024-02-03 22:14:53,858 [INFO] PluginManage:310 - Check plugin ddr
2024-02-03 22:14:53,860 [INFO] PluginManage:359 - Loaded plugin ddr (category:tool,tabindex:6)
2024-02-03 22:14:53,860 [INFO] PluginManage:310 - Check plugin filemanager
2024-02-03 22:14:53,969 [INFO] PluginManage:359 - Loaded plugin filemanager (category:base,tabindex:10)
2024-02-03 22:14:53,969 [INFO] PluginManage:310 - Check plugin ipmanager
2024-02-03 22:14:53,975 [INFO] PluginManage:359 - Loaded plugin ipmanager (category:base,tabindex:5)
2024-02-03 22:14:53,975 [INFO] PluginManage:310 - Check plugin lpbam
2024-02-03 22:14:53,982 [INFO] PluginManage:359 - Loaded plugin lpbam (category:base,tabindex:0)
2024-02-03 22:14:53,982 [INFO] PluginManage:310 - Check plugin memorymap
2024-02-03 22:14:53,993 [INFO] PluginManage:359 - Loaded plugin memorymap (category:base,tabindex:4)
2024-02-03 22:14:53,993 [INFO] PluginManage:310 - Check plugin pinoutandconfiguration
2024-02-03 22:14:53,998 [INFO] PluginManage:359 - Loaded plugin pinoutandconfiguration (category:base,tabindex:1)
2024-02-03 22:14:53,999 [INFO] PluginManage:310 - Check plugin pinoutconfig
2024-02-03 22:14:54,065 [WARN] SupportedApi:132 - Cannot load RTOS API schema: s4s-elt-must-match.1: The content of 'definitions' must match (annotation?, (simpleType | complexType)?, (unique | key | keyref)*)). A problem was found starting at: attribute.
2024-02-03 22:14:54,165 [INFO] PluginManage:359 - Loaded plugin pinoutconfig (category:base,tabindex:0)
2024-02-03 22:14:54,165 [INFO] PluginManage:310 - Check plugin power
2024-02-03 22:14:54,173 [INFO] PluginManage:359 - Loaded plugin power (category:power,tabindex:4)
2024-02-03 22:14:54,173 [INFO] PluginManage:310 - Check plugin projectmanager
2024-02-03 22:14:54,188 [INFO] PluginManage:359 - Loaded plugin projectmanager (category:projectmanager,tabindex:3)
2024-02-03 22:14:54,188 [INFO] PluginManage:310 - Check plugin thirdparty
2024-02-03 22:14:54,296 [INFO] PluginManage:359 - Loaded plugin thirdparty (category:base,tabindex:-1)
2024-02-03 22:14:54,296 [WARN] IntegrityCheckThread:84 - waiting for thirdparty lock release [integrity check]
2024-02-03 22:14:54,297 [INFO] PluginManage:310 - Check plugin tools
2024-02-03 22:14:54,297 [INFO] IntegrityCheckThread:86 - entering critical section [integrity check]
2024-02-03 22:14:54,297 [INFO] ThirdPartyUpdaterWithRetryManager:70 - Updater plugin not ready yet. [1/15]
2024-02-03 22:14:54,298 [INFO] PluginManage:359 - Loaded plugin tools (category:base,tabindex:7)
2024-02-03 22:14:54,299 [INFO] PluginManage:310 - Check plugin tutovideos
2024-02-03 22:14:54,455 [INFO] PluginManage:359 - Loaded plugin tutovideos (category:base,tabindex:-1)
2024-02-03 22:14:54,455 [INFO] PluginManage:310 - Check plugin updater
2024-02-03 22:14:54,465 [INFO] PluginManage:359 - Loaded plugin updater (category:base,tabindex:12)
2024-02-03 22:14:54,465 [INFO] PluginManage:310 - Check plugin userauth
2024-02-03 22:14:54,470 [INFO] UserAuth:114 - Init User Auth plugin
2024-02-03 22:14:54,470 [INFO] PluginManage:359 - Loaded plugin userauth (category:base,tabindex:14)
2024-02-03 22:14:54,470 [INFO] PluginManage:283 - PluginManage : Loaded plugins [17]
2024-02-03 22:14:54,613 [INFO] PinOutPanel:1499 - setPackage(No Configuration,No Configuration)
2024-02-03 22:14:54,663 [INFO] CADModel:165 - CPN selected for project level
2024-02-03 22:14:54,663 [INFO] CADModel:114 - Register for checkConnection events
2024-02-03 22:14:54,673 [INFO] IPUIPlugin:80 - create IPUIPlugin
2024-02-03 22:14:54,673 [INFO] PluginManager:220 - loadIPPluginJar : add mdma
2024-02-03 22:14:54,679 [INFO] IPUIPlugin:80 - create IPUIPlugin
2024-02-03 22:14:54,679 [INFO] PluginManager:220 - loadIPPluginJar : add freertos
2024-02-03 22:14:54,683 [INFO] IPUIPlugin:80 - create IPUIPlugin
2024-02-03 22:14:54,683 [INFO] PluginManager:220 - loadIPPluginJar : add gic
2024-02-03 22:14:54,690 [INFO] IPUIPlugin:80 - create IPUIPlugin
2024-02-03 22:14:54,691 [INFO] PluginManager:220 - loadIPPluginJar : add adc
2024-02-03 22:14:54,692 [INFO] IPUIPlugin:80 - create IPUIPlugin
2024-02-03 22:14:54,693 [INFO] PluginManager:220 - loadIPPluginJar : add gtzc
2024-02-03 22:14:54,693 [INFO] IPUIPlugin:80 - create IPUIPlugin
2024-02-03 22:14:54,693 [INFO] PluginManager:220 - loadIPPluginJar : add quadspi
2024-02-03 22:14:54,695 [INFO] IPUIPlugin:80 - create IPUIPlugin
2024-02-03 22:14:54,695 [INFO] PluginManager:220 - loadIPPluginJar : add aes
2024-02-03 22:14:54,697 [INFO] IPUIPlugin:80 - create IPUIPlugin
2024-02-03 22:14:54,697 [INFO] PluginManager:220 - loadIPPluginJar : add pdm2pcm
2024-02-03 22:14:54,698 [INFO] IPUIPlugin:80 - create IPUIPlugin
2024-02-03 22:14:54,698 [INFO] PluginManager:220 - loadIPPluginJar : add hash
2024-02-03 22:14:54,699 [INFO] IPUIPlugin:80 - create IPUIPlugin
2024-02-03 22:14:54,699 [INFO] PluginManager:220 - loadIPPluginJar : add tim
2024-02-03 22:14:54,700 [INFO] IPUIPlugin:80 - create IPUIPlugin
2024-02-03 22:14:54,700 [INFO] PluginManager:220 - loadIPPluginJar : add tsc
2024-02-03 22:14:54,701 [INFO] IPUIPlugin:80 - create IPUIPlugin
2024-02-03 22:14:54,701 [INFO] PluginManager:220 - loadIPPluginJar : add ts
2024-02-03 22:14:54,703 [INFO] IPUIPlugin:80 - create IPUIPlugin
2024-02-03 22:14:54,703 [INFO] PluginManager:220 - loadIPPluginJar : add can
2024-02-03 22:14:54,705 [INFO] IPUIPlugin:80 - create IPUIPlugin
2024-02-03 22:14:54,705 [INFO] PluginManager:220 - loadIPPluginJar : add dma3
2024-02-03 22:14:54,706 [INFO] IPUIPlugin:80 - create IPUIPlugin
2024-02-03 22:14:54,706 [INFO] PluginManager:220 - loadIPPluginJar : add dfsdm
2024-02-03 22:14:54,707 [INFO] IPUIPlugin:80 - create IPUIPlugin
2024-02-03 22:14:54,708 [INFO] PluginManager:220 - loadIPPluginJar : add spi
2024-02-03 22:14:54,709 [INFO] IPUIPlugin:80 - create IPUIPlugin
2024-02-03 22:14:54,709 [INFO] PluginManager:220 - loadIPPluginJar : add gfxmmu
2024-02-03 22:14:54,710 [INFO] IPUIPlugin:80 - create IPUIPlugin
2024-02-03 22:14:54,710 [INFO] PluginManager:220 - loadIPPluginJar : add genericplugin
2024-02-03 22:14:54,711 [INFO] IPUIPlugin:80 - create IPUIPlugin
2024-02-03 22:14:54,711 [INFO] PluginManager:220 - loadIPPluginJar : add cryp
2024-02-03 22:14:54,714 [INFO] IPUIPlugin:80 - create IPUIPlugin
2024-02-03 22:14:54,714 [INFO] PluginManager:220 - loadIPPluginJar : add gpio
2024-02-03 22:14:54,715 [INFO] IPUIPlugin:80 - create IPUIPlugin
2024-02-03 22:14:54,715 [INFO] PluginManager:220 - loadIPPluginJar : add comp
2024-02-03 22:14:54,716 [INFO] IPUIPlugin:80 - create IPUIPlugin
2024-02-03 22:14:54,716 [INFO] PluginManager:220 - loadIPPluginJar : add tracer_emb
2024-02-03 22:14:54,718 [INFO] IPUIPlugin:80 - create IPUIPlugin
2024-02-03 22:14:54,718 [INFO] PluginManager:220 - loadIPPluginJar : add openamp
2024-02-03 22:14:54,721 [INFO] IPUIPlugin:80 - create IPUIPlugin
2024-02-03 22:14:54,721 [INFO] PluginManager:220 - loadIPPluginJar : add stm32_wpan
2024-02-03 22:14:54,725 [INFO] IPUIPlugin:80 - create IPUIPlugin
2024-02-03 22:14:54,727 [INFO] PluginManager:220 - loadIPPluginJar : add plateformsettings
2024-02-03 22:14:54,730 [INFO] IPUIPlugin:80 - create IPUIPlugin
2024-02-03 22:14:54,730 [INFO] PluginManager:220 - loadIPPluginJar : add ipddr
2024-02-03 22:14:54,732 [INFO] IPUIPlugin:80 - create IPUIPlugin
2024-02-03 22:14:54,732 [INFO] PluginManager:220 - loadIPPluginJar : add usart
2024-02-03 22:14:54,733 [INFO] IPUIPlugin:80 - create IPUIPlugin
2024-02-03 22:14:54,733 [INFO] PluginManager:220 - loadIPPluginJar : add ltdc
2024-02-03 22:14:54,735 [INFO] IPUIPlugin:80 - create IPUIPlugin
2024-02-03 22:14:54,736 [INFO] PluginManager:220 - loadIPPluginJar : add nvic
2024-02-03 22:14:54,736 [INFO] IPUIPlugin:80 - create IPUIPlugin
2024-02-03 22:14:54,736 [INFO] PluginManager:220 - loadIPPluginJar : add fatfs
2024-02-03 22:14:54,741 [INFO] IPUIPlugin:80 - create IPUIPlugin
2024-02-03 22:14:54,741 [INFO] PluginManager:220 - loadIPPluginJar : add linkedlist
2024-02-03 22:14:54,745 [INFO] IPUIPlugin:80 - create IPUIPlugin
2024-02-03 22:14:54,745 [INFO] PluginManager:220 - loadIPPluginJar : add dma
2024-02-03 22:14:54,747 [INFO] IPUIPlugin:80 - create IPUIPlugin
2024-02-03 22:14:54,747 [INFO] PluginManager:220 - loadIPPluginJar : add fmc
2024-02-03 22:14:54,749 [INFO] IPUIPlugin:80 - create IPUIPlugin
2024-02-03 22:14:54,749 [INFO] PluginManager:220 - loadIPPluginJar : add i2s
2024-02-03 22:14:54,750 [INFO] IPUIPlugin:80 - create IPUIPlugin
2024-02-03 22:14:54,750 [INFO] PluginManager:220 - loadIPPluginJar : add ucpd
2024-02-03 22:14:54,751 [INFO] IPUIPlugin:80 - create IPUIPlugin
2024-02-03 22:14:54,751 [INFO] PluginManager:220 - loadIPPluginJar : add lorawan
2024-02-03 22:14:54,752 [INFO] IPUIPlugin:80 - create IPUIPlugin
2024-02-03 22:14:54,752 [INFO] PluginManager:220 - loadIPPluginJar : add opamp
2024-02-03 22:14:54,754 [INFO] IPUIPlugin:80 - create IPUIPlugin
2024-02-03 22:14:54,754 [INFO] PluginManager:220 - loadIPPluginJar : add i3c
2024-02-03 22:14:54,756 [INFO] IPUIPlugin:80 - create IPUIPlugin
2024-02-03 22:14:54,756 [INFO] PluginManager:220 - loadIPPluginJar : add touchsensing
2024-02-03 22:14:54,757 [INFO] IPUIPlugin:80 - create IPUIPlugin
2024-02-03 22:14:54,757 [INFO] PluginManager:220 - loadIPPluginJar : add i2c
2024-02-03 22:14:54,759 [INFO] IPUIPlugin:80 - create IPUIPlugin
2024-02-03 22:14:54,760 [INFO] PluginManager:220 - loadIPPluginJar : add resmgrutility
2024-02-03 22:14:54,761 [INFO] IPUIPlugin:80 - create IPUIPlugin
2024-02-03 22:14:54,761 [INFO] PluginManager:220 - loadIPPluginJar : add sai
2024-02-03 22:14:54,763 [INFO] IPUIPlugin:80 - create IPUIPlugin
2024-02-03 22:14:54,763 [INFO] PluginManager:220 - loadIPPluginJar : add usbx
2024-02-03 22:14:54,858 [INFO] CADModel:165 - CPN selected for project level
2024-02-03 22:14:54,858 [INFO] CADModel:114 - Register for checkConnection events
2024-02-03 22:14:54,859 [FATAL] Updater:308 - Updater called before beeing initialized
2024-02-03 22:14:54,859 [ERROR] CADModel:125 - Updater not yet initialized, retry later 
2024-02-03 22:14:54,980 [INFO] CADModel:165 - CPN selected for project level
2024-02-03 22:14:54,980 [INFO] CADModel:114 - Register for checkConnection events
2024-02-03 22:14:54,980 [FATAL] Updater:308 - Updater called before beeing initialized
2024-02-03 22:14:54,980 [ERROR] CADModel:125 - Updater not yet initialized, retry later 
2024-02-03 22:14:54,983 [FATAL] Updater:308 - Updater called before beeing initialized
2024-02-03 22:14:55,056 [FATAL] Updater:308 - Updater called before beeing initialized
2024-02-03 22:14:55,061 [INFO] DbMcusAds:53 - JSON generation date=Wed Nov 29 18:52:27 SGT 2023 (1701255147200)
2024-02-03 22:14:55,061 [FATAL] Updater:308 - Updater called before beeing initialized
2024-02-03 22:14:55,101 [WARN] DetailPanel:346 - Failed to get advertising image, set to default
2024-02-03 22:14:55,184 [FATAL] Updater:308 - Updater called before beeing initialized
2024-02-03 22:14:55,186 [FATAL] Updater:308 - Updater called before beeing initialized
2024-02-03 22:14:55,186 [FATAL] Updater:308 - Updater called before beeing initialized
2024-02-03 22:14:55,186 [WARN] DetailPanel:346 - Failed to get advertising image, set to default
2024-02-03 22:14:55,187 [FATAL] Updater:308 - Updater called before beeing initialized
2024-02-03 22:14:55,222 [ERROR] Updater:1120 - MainUpdater not yet initialized. External WinMGr cannot be set.
2024-02-03 22:14:55,240 [INFO] Updater:1056 - Updater Version found : 6.10.0
2024-02-03 22:14:55,257 [INFO] ApplicationProperties:184 - Using Application install path: /Applications/STM32CubeIDE.app/Contents/Eclipse/plugins/com.st.stm32cube.common.mx_6.10.0.202311202037
2024-02-03 22:14:56,198 [INFO] MainUpdater:2873 - connection check result : 10
2024-02-03 22:14:56,199 [INFO] MainUpdater:290 - Updater Check For Update Now.
2024-02-03 22:14:56,199 [INFO] MicroXplorer:498 - Change Database Version : DB.6.0.100
2024-02-03 22:14:56,203 [INFO] McuFinderGlobals:63 - Set McuFinder mode to 2 (CubeIDE integrated)
2024-02-03 22:14:56,208 [INFO] UserAuth:404 - Internet connection configuration mode: 1
2024-02-03 22:14:56,219 [INFO] JxBrowserEngine:152 - Initiate JxBrowser Engine with user profile folder
2024-02-03 22:14:56,374 [INFO] CheckServerUpdateThread:120 - End of CheckServer Thread
2024-02-03 22:14:57,093 [INFO] WebApp:161 - Instantiating new browser for Auth
2024-02-03 22:14:57,585 [INFO] WebApp:780 - Register for checkConnection events
2024-02-03 22:14:57,593 [INFO] WebApp:414 - Apply proxy settings
2024-02-03 22:14:57,615 [INFO] WebApp:459 - Chromium authenticates against Manually configured proxy
2024-02-03 22:14:57,637 [INFO] WebApp:467 - Username used for proxy authentication: 
2024-02-03 22:14:57,804 [INFO] WebApp:192 - Starting web application
2024-02-03 22:14:57,807 [INFO] WebApp:544 - Web application path used /Applications/STM32CubeIDE.app/Contents/Eclipse/plugins/com.st.stm32cube.common.mx_6.10.0.202311202037/db/plugins/mcufinder/reactClient1/index.html
2024-02-03 22:14:58,188 [WARN] PackLoader:240 - Cannot read IP mode file for STMicroelectronics.X-CUBE-SMBUS.2.1.0
2024-02-03 22:14:58,194 [WARN] PackLoader:240 - Cannot read IP mode file for STMicroelectronics.X-CUBE-TOUCHGFX.4.23.0
2024-02-03 22:14:58,220 [WARN] PackLoader:240 - Cannot read IP mode file for STMicroelectronics.X-CUBE-AZRTOS-F7.1.1.0
2024-02-03 22:14:58,230 [WARN] PackLoader:240 - Cannot read IP mode file for STMicroelectronics.FP-SNS-MOTENV1.4.3.2
2024-02-03 22:14:58,242 [WARN] PackLoader:240 - Cannot read IP mode file for STMicroelectronics.X-CUBE-BLE1.6.2.4
2024-02-03 22:14:58,248 [WARN] PackLoader:240 - Cannot read IP mode file for STMicroelectronics.X-CUBE-BLE1.6.2.1
2024-02-03 22:14:58,254 [WARN] PackLoader:240 - Cannot read IP mode file for STMicroelectronics.X-CUBE-BLE2.3.2.1
2024-02-03 22:14:58,259 [WARN] PackLoader:240 - Cannot read IP mode file for STMicroelectronics.FP-SNS-FLIGHT1.5.0.2
2024-02-03 22:14:58,268 [WARN] PackLoader:240 - Cannot read IP mode file for STMicroelectronics.X-CUBE-DISPLAY.3.0.0
2024-02-03 22:14:58,279 [WARN] PackLoader:240 - Cannot read IP mode file for STMicroelectronics.X-CUBE-BLE1.7.0.0
2024-02-03 22:14:58,291 [WARN] PackLoader:240 - Cannot read IP mode file for STMicroelectronics.X-CUBE-SUBG2.4.2.0
2024-02-03 22:14:58,322 [WARN] PackLoader:240 - Cannot read IP mode file for STMicroelectronics.X-CUBE-AZRTOS-H7.1.0.0
2024-02-03 22:14:58,332 [WARN] PackLoader:240 - Cannot read IP mode file for STMicroelectronics.FP-SNS-SMARTAG2.1.2.0
2024-02-03 22:14:58,344 [INFO] LogOutputStream:77 - [STDOUT_REDIRECT] 1 : Invalid condition id : UX_CORESTACK_Condition cause : null
2024-02-03 22:14:58,344 [INFO] LogOutputStream:77 - [STDOUT_REDIRECT] 1 : Invalid condition id : UX_CORESTACK_Condition cause : null
2024-02-03 22:14:58,344 [INFO] LogOutputStream:77 - [STDOUT_REDIRECT] 1 : Invalid condition id : UX_CORESTACK_Condition cause : null
2024-02-03 22:14:58,345 [INFO] LogOutputStream:77 - [STDOUT_REDIRECT] 1 : Invalid condition id : UX_CORESTACK_Condition cause : null
2024-02-03 22:14:58,345 [INFO] LogOutputStream:77 - [STDOUT_REDIRECT] 1 : Invalid condition id : UX_CORESTACK_Condition cause : null
2024-02-03 22:14:58,349 [WARN] PackLoader:240 - Cannot read IP mode file for STMicroelectronics.X-CUBE-AZRTOS-WL.2.0.0
2024-02-03 22:14:58,357 [WARN] PackLoader:240 - Cannot read IP mode file for STMicroelectronics.X-CUBE-ALGOBUILD.1.2.1
2024-02-03 22:14:58,364 [WARN] PackLoader:240 - Cannot read IP mode file for WES.I-CUBE-Cesium.1.3.0
2024-02-03 22:14:58,369 [WARN] PackLoader:240 - Cannot read IP mode file for STMicroelectronics.X-CUBE-DISPLAY.2.2.0
2024-02-03 22:14:58,394 [WARN] PackLoader:240 - Cannot read IP mode file for STMicroelectronics.X-CUBE-TOF1.3.2.0
2024-02-03 22:14:58,406 [WARN] PackLoader:240 - Cannot read IP mode file for STMicroelectronics.X-CUBE-TOUCHGFX.4.21.1
2024-02-03 22:14:58,409 [WARN] PackLoader:240 - Cannot read IP mode file for STMicroelectronics.X-CUBE-TOUCHGFX.4.21.0
2024-02-03 22:14:58,453 [WARN] PackLoader:240 - Cannot read IP mode file for STMicroelectronics.X-CUBE-MEMS1.9.4.0
2024-02-03 22:14:58,586 [WARN] PackLoader:240 - Cannot read IP mode file for STMicroelectronics.X-CUBE-AI.7.3.0
2024-02-03 22:14:58,598 [WARN] PackLoader:240 - Cannot read IP mode file for STMicroelectronics.X-CUBE-AZRTOS-G0.1.1.0
2024-02-03 22:14:58,604 [WARN] PackLoader:240 - Cannot read IP mode file for STMicroelectronics.X-CUBE-NFC4.3.0.0
2024-02-03 22:14:58,628 [WARN] PackLoader:240 - Cannot read IP mode file for SEGGER.I-CUBE-embOS.1.2.0
2024-02-03 22:14:58,662 [WARN] PackLoader:240 - Cannot read IP mode file for STMicroelectronics.X-CUBE-TOUCHGFX.4.17.0
2024-02-03 22:14:58,669 [WARN] PackLoader:240 - Cannot read IP mode file for STMicroelectronics.X-CUBE-BLEMGR.3.0.0
2024-02-03 22:14:58,680 [WARN] PackLoader:240 - Cannot read IP mode file for STMicroelectronics.X-CUBE-BLEMGR.1.3.0
2024-02-03 22:14:58,688 [WARN] PackLoader:240 - Cannot read IP mode file for STMicroelectronics.X-CUBE-EEPRMA1.5.1.0
2024-02-03 22:14:58,738 [WARN] PackLoader:240 - Cannot read IP mode file for STMicroelectronics.X-CUBE-MEMS1.9.5.0
2024-02-03 22:14:58,908 [WARN] PackLoader:240 - Cannot read IP mode file for SEGGER.I-CUBE-embOS.1.3.1
2024-02-03 22:14:58,958 [WARN] PackLoader:240 - Cannot read IP mode file for STMicroelectronics.X-CUBE-AZRTOS-F4.1.1.0
2024-02-03 22:14:58,977 [WARN] PackLoader:240 - Cannot read IP mode file for STMicroelectronics.X-CUBE-AZRTOS-L5.2.0.0
2024-02-03 22:14:58,984 [WARN] PackLoader:240 - Cannot read IP mode file for STMicroelectronics.X-CUBE-EEPRMA1.4.2.0
2024-02-03 22:14:58,989 [WARN] PackLoader:240 - Cannot read IP mode file for ITTIA_DB.I-CUBE-ITTIADB.8.8.0
2024-02-03 22:14:58,994 [WARN] PackLoader:240 - Cannot read IP mode file for emotas.I-CUBE-CANOPEN.1.1.3
2024-02-03 22:14:58,999 [WARN] PackLoader:240 - Cannot read IP mode file for STMicroelectronics.X-CUBE-NFC4.2.0.5
2024-02-03 22:14:59,004 [WARN] PackLoader:240 - Cannot read IP mode file for STMicroelectronics.X-CUBE-NFC4.2.0.3
2024-02-03 22:14:59,009 [WARN] PackLoader:240 - Cannot read IP mode file for wolfSSL.I-CUBE-wolfSSL.4.8.0
2024-02-03 22:14:59,014 [WARN] PackLoader:240 - Cannot read IP mode file for STMicroelectronics.X-CUBE-SFXS2LP1.3.1.0
2024-02-03 22:14:59,019 [WARN] PackLoader:240 - Cannot read IP mode file for STMicroelectronics.X-CUBE-NFC7.1.0.1
2024-02-03 22:14:59,024 [WARN] PackLoader:240 - Cannot read IP mode file for STMicroelectronics.X-CUBE-NFC7.1.0.0
2024-02-03 22:14:59,032 [WARN] PackLoader:240 - Cannot read IP mode file for STMicroelectronics.X-CUBE-NFC6.3.0.0
2024-02-03 22:14:59,039 [WARN] PackLoader:240 - Cannot read IP mode file for STMicroelectronics.X-CUBE-EEPRMA1.4.1.0
2024-02-03 22:14:59,042 [WARN] PackLoader:240 - Cannot read IP mode file for STMicroelectronics.X-CUBE-DISPLAY.1.0.0
2024-02-03 22:14:59,045 [WARN] PackLoader:240 - Cannot read IP mode file for STMicroelectronics.X-CUBE-AI.8.1.0
2024-02-03 22:14:59,062 [WARN] ConditionMgr:438 - getConditionDescription Invalid condition id : LAN8742 Phy interface Condition cause : null
2024-02-03 22:14:59,063 [WARN] PackLoader:240 - Cannot read IP mode file for STMicroelectronics.X-CUBE-AZRTOS-L4.2.0.0
2024-02-03 22:14:59,064 [WARN] ConditionMgr:1039 - genDependencies : Invalid condition id : LAN8742 Phy interface Condition cause : null
2024-02-03 22:14:59,065 [WARN] ConditionMgr:1039 - genDependencies : Invalid condition id : LAN8742 Phy interface Condition cause : null
2024-02-03 22:14:59,065 [WARN] ConditionMgr:1039 - genDependencies : Invalid condition id : LAN8742 Phy interface Condition cause : null
2024-02-03 22:14:59,085 [WARN] PackLoader:240 - Cannot read IP mode file for STMicroelectronics.X-CUBE-AZRTOS-H7.3.0.0
2024-02-03 22:14:59,091 [WARN] PackLoader:240 - Cannot read IP mode file for STMicroelectronics.X-CUBE-ISPU.1.1.0
2024-02-03 22:14:59,097 [WARN] PackLoader:240 - Cannot read IP mode file for RoweBots.I-CUBE-UNISONRTOS.5.5.0-4
2024-02-03 22:14:59,102 [WARN] PackLoader:240 - Cannot read IP mode file for STMicroelectronics.X-CUBE-AI.8.0.0
2024-02-03 22:14:59,114 [WARN] ConditionMgr:438 - getConditionDescription Invalid condition id : UX DEVICE CLASS RTOS Condition cause : null
2024-02-03 22:14:59,114 [WARN] ConditionMgr:438 - getConditionDescription Invalid condition id : UX DEVICE CLASS RTOS Condition cause : null
2024-02-03 22:14:59,117 [WARN] PackLoader:240 - Cannot read IP mode file for STMicroelectronics.X-CUBE-AZRTOS-WB.2.0.0
2024-02-03 22:14:59,118 [WARN] ConditionMgr:1039 - genDependencies : Invalid condition id : UX DEVICE CLASS RTOS Condition cause : null
2024-02-03 22:14:59,118 [WARN] ConditionMgr:1039 - genDependencies : Invalid condition id : UX DEVICE CLASS RTOS Condition cause : null
2024-02-03 22:14:59,118 [WARN] ConditionMgr:1039 - genDependencies : Invalid condition id : UX DEVICE CLASS RTOS Condition cause : null
2024-02-03 22:14:59,119 [WARN] ConditionMgr:1039 - genDependencies : Invalid condition id : UX DEVICE CLASS RTOS Condition cause : null
2024-02-03 22:14:59,119 [WARN] ConditionMgr:1039 - genDependencies : Invalid condition id : UX DEVICE CLASS RTOS Condition cause : null
2024-02-03 22:14:59,151 [WARN] PackLoader:240 - Cannot read IP mode file for STMicroelectronics.X-CUBE-MEMS1.9.0.0
2024-02-03 22:14:59,238 [WARN] PackLoader:240 - Cannot read IP mode file for STMicroelectronics.X-CUBE-AZRTOS-L5.1.1.0
2024-02-03 22:14:59,250 [WARN] PackLoader:240 - Cannot read IP mode file for STMicroelectronics.X-CUBE-AZRTOS-G4.2.0.0
2024-02-03 22:14:59,254 [WARN] PackLoader:240 - Cannot read IP mode file for STMicroelectronics.FP-ATR-ASTRA1.1.1.1
2024-02-03 22:14:59,262 [WARN] PackLoader:240 - Cannot read IP mode file for Infineon.AIROC-Wi-Fi-Bluetooth-STM32.1.5.1
2024-02-03 22:14:59,267 [WARN] PackLoader:240 - Cannot read IP mode file for STMicroelectronics.FP-SNS-MOTENVWB1.1.3.1
2024-02-03 22:14:59,276 [WARN] PackLoader:240 - Cannot read IP mode file for STMicroelectronics.X-CUBE-AZRTOS-G4.1.0.0
2024-02-03 22:14:59,288 [WARN] PackLoader:240 - Cannot read IP mode file for STMicroelectronics.X-CUBE-AZRTOS-L4.1.0.0
2024-02-03 22:14:59,296 [WARN] PackLoader:240 - Cannot read IP mode file for STMicroelectronics.X-CUBE-ISPU.2.0.0
2024-02-03 22:14:59,321 [WARN] PackLoader:240 - Cannot read IP mode file for STMicroelectronics.X-CUBE-MEMS1.10.0.0
2024-02-03 22:14:59,398 [WARN] PackLoader:240 - Cannot read IP mode file for STMicroelectronics.X-CUBE-FREERTOS.1.1.0
2024-02-03 22:14:59,406 [WARN] PackLoader:240 - Cannot read IP mode file for STMicroelectronics.X-CUBE-AZRTOS-WL.1.0.0
2024-02-03 22:14:59,413 [WARN] PackLoader:240 - Cannot read IP mode file for STMicroelectronics.X-CUBE-TOF1.1.0.0
2024-02-03 22:14:59,418 [WARN] PackLoader:240 - Cannot read IP mode file for STMicroelectronics.X-CUBE-ALS.1.0.0
2024-02-03 22:14:59,424 [WARN] PackLoader:240 - Cannot read IP mode file for portGmbH.I-Cube-SoM-uGOAL.1.1.0
2024-02-03 22:14:59,427 [WARN] PackLoader:240 - Cannot read IP mode file for STMicroelectronics.X-CUBE-AI.7.0.0
2024-02-03 22:14:59,438 [WARN] PackLoader:240 - Cannot read IP mode file for STMicroelectronics.X-CUBE-AZRTOS-WB.1.1.0
2024-02-03 22:14:59,443 [WARN] PackLoader:240 - Cannot read IP mode file for STMicroelectronics.X-CUBE-EEPRMA1.3.1.0
2024-02-03 22:14:59,449 [WARN] PackLoader:240 - Cannot read IP mode file for STMicroelectronics.X-CUBE-GNSS1.5.2.0
2024-02-03 22:14:59,453 [WARN] PackLoader:240 - Cannot read IP mode file for STMicroelectronics.FP-ATR-ASTRA1.2.0.0
2024-02-03 22:14:59,461 [WARN] PackLoader:240 - Cannot read IP mode file for STMicroelectronics.X-CUBE-TOF1.3.4.0
2024-02-03 22:14:59,489 [WARN] PackLoader:240 - Cannot read IP mode file for STMicroelectronics.X-CUBE-AZRTOS-H7.3.2.0
2024-02-03 22:14:59,491 [INFO] ThirdParty:978 - Integrity check success = true
2024-02-03 22:14:59,491 [INFO] IntegrityCheckThread:100 - exiting critical section [integrity check]
2024-02-03 22:14:59,491 [INFO] IntegrityCheckThread:103 - End integrity checks thread
2024-02-03 22:14:59,781 [ERROR] LogOutputStream:75 - [STDERR_REDIRECT] [Fatal Error] :2:10: DOCTYPE is disallowed when the feature "http://apache.org/xml/features/disallow-doctype-decl" set to true.
2024-02-03 22:14:59,782 [ERROR] LogOutputStream:75 - [STDERR_REDIRECT] 
2024-02-03 22:15:13,480 [ERROR] LogOutputStream:75 - [STDERR_REDIRECT] SLF4J: Failed to load class "org.slf4j.impl.StaticLoggerBinder".
2024-02-03 22:15:13,480 [ERROR] LogOutputStream:75 - [STDERR_REDIRECT] SLF4J: Defaulting to no-operation (NOP) logger implementation
2024-02-03 22:15:13,480 [ERROR] LogOutputStream:75 - [STDERR_REDIRECT] SLF4J: See http://www.slf4j.org/codes.html#StaticLoggerBinder for further details.
