2024-02-04 01:06:15,559 [ERROR] LogOutputStream:75 - [STDERR_REDIRECT] 
2024-02-04 15:34:03,188 [INFO] Activator:176 - 


2024-02-04 15:34:03,191 [INFO] Activator:177 - !SESSION log4j initialized
2024-02-04 15:34:06,815 [ERROR] LogOutputStream:75 - [STDERR_REDIRECT] 
2024-02-04 15:34:07,122 [INFO] LogOutputStream:77 - [STDOUT_REDIRECT] 
2024-02-04 15:34:08,544 [INFO] LogOutputStream:77 - [STDOUT_REDIRECT] 
2024-02-04 15:34:09,475 [INFO] ApplicationProperties:184 - Using Application install path: /Applications/STM32CubeIDE.app/Contents/Eclipse/plugins/com.st.stm32cube.common.mx_6.10.0.202311202037
2024-02-04 15:34:09,489 [INFO] DbMcusXml:78 - Set database path to: /Applications/STM32CubeIDE.app/Contents/Eclipse/plugins/com.st.stm32cube.common.mx_6.10.0.202311202037//db//mcu/
2024-02-04 15:34:09,490 [INFO] ApiDb:274 - Set plugin database path to: /Applications/STM32CubeIDE.app/Contents/Eclipse/plugins/com.st.stm32cube.common.mx_6.10.0.202311202037//db//plugins/boardmanager/
2024-02-04 15:34:09,490 [WARN] ApiDb:259 - Overriding images path with different value:  => /Applications/STM32CubeIDE.app/Contents/Eclipse/plugins/com.st.stm32cube.common.mx_6.10.0.202311202037//db//plugins/mcufinder/images/
2024-02-04 15:34:09,496 [INFO] ApiDb:250 - Set database path to: /Users/welcome/.stmcufinder/plugins/mcufinder//mcu/
2024-02-04 15:34:09,496 [INFO] DbMcusAds:125 - Set database path to: /Users/welcome/.stmcufinder/plugins/mcufinder//mcu/
2024-02-04 15:34:09,498 [INFO] CrossReferenceDbSqlite:203 - Set database path to: /Users/welcome/.stmcufinder/plugins/mcufinder//mcu/cs/
2024-02-04 15:34:09,584 [INFO] RulesReader:64 - Compatibility file has been processed (297 Rules)
2024-02-04 15:34:09,646 [INFO] DbMcusXml:78 - Set database path to: /Applications/STM32CubeIDE.app/Contents/Eclipse/plugins/com.st.stm32cube.common.mx_6.10.0.202311202037//db//mcu/
2024-02-04 15:34:09,646 [INFO] ApiDb:274 - Set plugin database path to: /Applications/STM32CubeIDE.app/Contents/Eclipse/plugins/com.st.stm32cube.common.mx_6.10.0.202311202037//db//plugins/boardmanager/
2024-02-04 15:34:09,647 [INFO] ApiDb:261 - Set plugin images path to: /Applications/STM32CubeIDE.app/Contents/Eclipse/plugins/com.st.stm32cube.common.mx_6.10.0.202311202037//db//plugins/mcufinder/images/
2024-02-04 15:34:09,647 [WARN] DbFile:41 - Overriding database path with different value: /Users/welcome/.stmcufinder/plugins/mcufinder/ => /Users/welcome/.stmcufinder/plugins/mcufinder
2024-02-04 15:34:09,647 [INFO] ApiDb:250 - Set database path to: /Users/welcome/.stmcufinder/plugins/mcufinder//mcu/
2024-02-04 15:34:09,647 [WARN] DbFile:41 - Overriding database path with different value: /Users/welcome/.stmcufinder/plugins/mcufinder/ => /Users/welcome/.stmcufinder/plugins/mcufinder
2024-02-04 15:34:09,647 [INFO] DbMcusAds:125 - Set database path to: /Users/welcome/.stmcufinder/plugins/mcufinder//mcu/
2024-02-04 15:34:09,647 [WARN] DbFile:41 - Overriding database path with different value: /Users/welcome/.stmcufinder/plugins/mcufinder/ => /Users/welcome/.stmcufinder/plugins/mcufinder
2024-02-04 15:34:09,648 [WARN] DbFile:41 - Overriding database path with different value: /Users/welcome/.stmcufinder/plugins/mcufinder/ => /Users/welcome/.stmcufinder/plugins/mcufinder
2024-02-04 15:34:09,648 [INFO] CrossReferenceDbSqlite:203 - Set database path to: /Users/welcome/.stmcufinder/plugins/mcufinder//mcu/cs/
2024-02-04 15:34:09,713 [INFO] MainPanel:264 - HeapMemory: 268435456
2024-02-04 15:34:09,792 [INFO] DbMcusXml:78 - Set database path to: /Applications/STM32CubeIDE.app/Contents/Eclipse/plugins/com.st.stm32cube.common.mx_6.10.0.202311202037//db//mcu/
2024-02-04 15:34:09,792 [INFO] ApiDb:274 - Set plugin database path to: /Applications/STM32CubeIDE.app/Contents/Eclipse/plugins/com.st.stm32cube.common.mx_6.10.0.202311202037//db//plugins/boardmanager/
2024-02-04 15:34:09,792 [INFO] ApiDb:261 - Set plugin images path to: /Applications/STM32CubeIDE.app/Contents/Eclipse/plugins/com.st.stm32cube.common.mx_6.10.0.202311202037//db//plugins/mcufinder/images/
2024-02-04 15:34:09,792 [WARN] DbFile:41 - Overriding database path with different value: /Users/welcome/.stmcufinder/plugins/mcufinder/ => /Users/welcome/.stmcufinder/plugins/mcufinder
2024-02-04 15:34:09,792 [INFO] ApiDb:250 - Set database path to: /Users/welcome/.stmcufinder/plugins/mcufinder//mcu/
2024-02-04 15:34:09,792 [WARN] DbFile:41 - Overriding database path with different value: /Users/welcome/.stmcufinder/plugins/mcufinder/ => /Users/welcome/.stmcufinder/plugins/mcufinder
2024-02-04 15:34:09,792 [INFO] DbMcusAds:125 - Set database path to: /Users/welcome/.stmcufinder/plugins/mcufinder//mcu/
2024-02-04 15:34:09,793 [WARN] DbFile:41 - Overriding database path with different value: /Users/welcome/.stmcufinder/plugins/mcufinder/ => /Users/welcome/.stmcufinder/plugins/mcufinder
2024-02-04 15:34:09,793 [WARN] DbFile:41 - Overriding database path with different value: /Users/welcome/.stmcufinder/plugins/mcufinder/ => /Users/welcome/.stmcufinder/plugins/mcufinder
2024-02-04 15:34:09,793 [INFO] CrossReferenceDbSqlite:203 - Set database path to: /Users/welcome/.stmcufinder/plugins/mcufinder//mcu/cs/
2024-02-04 15:34:09,807 [INFO] ApplicationProperties:184 - Using Application install path: /Applications/STM32CubeIDE.app/Contents/Eclipse/plugins/com.st.stm32cube.common.mx_6.10.0.202311202037
2024-02-04 15:34:09,808 [INFO] PluginManage:196 - Search for loadable plugins [exclusion list=, ]
2024-02-04 15:34:09,809 [INFO] PluginManage:310 - Check plugin analytics
2024-02-04 15:34:09,950 [INFO] AnalyticsPlugin:253 - Accepted Software Licenses: 
2024-02-04 15:34:09,950 [INFO] AnalyticsPlugin:255 - Accepted CMSIS Pack Licenses: 
2024-02-04 15:34:09,951 [INFO] AnalyticsPlugin:257 - Accepted Firmware Licenses: FW.F4.1.27.0
2024-02-04 15:34:09,953 [INFO] PluginManage:359 - Loaded plugin analytics (category:tool,tabindex:-1)
2024-02-04 15:34:09,954 [INFO] PluginManage:310 - Check plugin cadmodel
2024-02-04 15:34:10,318 [INFO] CADModel:105 - Init CAD model plugin
2024-02-04 15:34:10,319 [INFO] PluginManage:359 - Loaded plugin cadmodel (category:power,tabindex:5)
2024-02-04 15:34:10,319 [INFO] PluginManage:310 - Check plugin clock
2024-02-04 15:34:10,327 [INFO] PluginManage:359 - Loaded plugin clock (category:base,tabindex:2)
2024-02-04 15:34:10,327 [INFO] PluginManage:310 - Check plugin ddr
2024-02-04 15:34:10,329 [INFO] PluginManage:359 - Loaded plugin ddr (category:tool,tabindex:6)
2024-02-04 15:34:10,329 [INFO] PluginManage:310 - Check plugin filemanager
2024-02-04 15:34:10,436 [INFO] PluginManage:359 - Loaded plugin filemanager (category:base,tabindex:10)
2024-02-04 15:34:10,437 [INFO] PluginManage:310 - Check plugin ipmanager
2024-02-04 15:34:10,442 [INFO] PluginManage:359 - Loaded plugin ipmanager (category:base,tabindex:5)
2024-02-04 15:34:10,442 [INFO] PluginManage:310 - Check plugin lpbam
2024-02-04 15:34:10,450 [INFO] PluginManage:359 - Loaded plugin lpbam (category:base,tabindex:0)
2024-02-04 15:34:10,450 [INFO] PluginManage:310 - Check plugin memorymap
2024-02-04 15:34:10,460 [INFO] PluginManage:359 - Loaded plugin memorymap (category:base,tabindex:4)
2024-02-04 15:34:10,461 [INFO] PluginManage:310 - Check plugin pinoutandconfiguration
2024-02-04 15:34:10,465 [INFO] PluginManage:359 - Loaded plugin pinoutandconfiguration (category:base,tabindex:1)
2024-02-04 15:34:10,466 [INFO] PluginManage:310 - Check plugin pinoutconfig
2024-02-04 15:34:10,533 [WARN] SupportedApi:132 - Cannot load RTOS API schema: s4s-elt-must-match.1: The content of 'definitions' must match (annotation?, (simpleType | complexType)?, (unique | key | keyref)*)). A problem was found starting at: attribute.
2024-02-04 15:34:10,635 [INFO] PluginManage:359 - Loaded plugin pinoutconfig (category:base,tabindex:0)
2024-02-04 15:34:10,636 [INFO] PluginManage:310 - Check plugin power
2024-02-04 15:34:10,644 [INFO] PluginManage:359 - Loaded plugin power (category:power,tabindex:4)
2024-02-04 15:34:10,644 [INFO] PluginManage:310 - Check plugin projectmanager
2024-02-04 15:34:10,658 [INFO] PluginManage:359 - Loaded plugin projectmanager (category:projectmanager,tabindex:3)
2024-02-04 15:34:10,658 [INFO] PluginManage:310 - Check plugin thirdparty
2024-02-04 15:34:10,760 [INFO] PluginManage:359 - Loaded plugin thirdparty (category:base,tabindex:-1)
2024-02-04 15:34:10,760 [WARN] IntegrityCheckThread:84 - waiting for thirdparty lock release [integrity check]
2024-02-04 15:34:10,760 [INFO] PluginManage:310 - Check plugin tools
2024-02-04 15:34:10,760 [INFO] IntegrityCheckThread:86 - entering critical section [integrity check]
2024-02-04 15:34:10,761 [INFO] ThirdPartyUpdaterWithRetryManager:70 - Updater plugin not ready yet. [1/15]
2024-02-04 15:34:10,762 [INFO] PluginManage:359 - Loaded plugin tools (category:base,tabindex:7)
2024-02-04 15:34:10,763 [INFO] PluginManage:310 - Check plugin tutovideos
2024-02-04 15:34:10,894 [INFO] PluginManage:359 - Loaded plugin tutovideos (category:base,tabindex:-1)
2024-02-04 15:34:10,894 [INFO] PluginManage:310 - Check plugin updater
2024-02-04 15:34:10,905 [INFO] PluginManage:359 - Loaded plugin updater (category:base,tabindex:12)
2024-02-04 15:34:10,905 [INFO] PluginManage:310 - Check plugin userauth
2024-02-04 15:34:10,909 [INFO] UserAuth:114 - Init User Auth plugin
2024-02-04 15:34:10,909 [INFO] PluginManage:359 - Loaded plugin userauth (category:base,tabindex:14)
2024-02-04 15:34:10,910 [INFO] PluginManage:283 - PluginManage : Loaded plugins [17]
2024-02-04 15:34:11,078 [INFO] PinOutPanel:1499 - setPackage(No Configuration,No Configuration)
2024-02-04 15:34:11,139 [INFO] CADModel:165 - CPN selected for project level
2024-02-04 15:34:11,140 [INFO] CADModel:114 - Register for checkConnection events
2024-02-04 15:34:11,151 [INFO] IPUIPlugin:80 - create IPUIPlugin
2024-02-04 15:34:11,151 [INFO] PluginManager:220 - loadIPPluginJar : add mdma
2024-02-04 15:34:11,158 [INFO] IPUIPlugin:80 - create IPUIPlugin
2024-02-04 15:34:11,158 [INFO] PluginManager:220 - loadIPPluginJar : add freertos
2024-02-04 15:34:11,163 [INFO] IPUIPlugin:80 - create IPUIPlugin
2024-02-04 15:34:11,163 [INFO] PluginManager:220 - loadIPPluginJar : add gic
2024-02-04 15:34:11,170 [INFO] IPUIPlugin:80 - create IPUIPlugin
2024-02-04 15:34:11,171 [INFO] PluginManager:220 - loadIPPluginJar : add adc
2024-02-04 15:34:11,172 [INFO] IPUIPlugin:80 - create IPUIPlugin
2024-02-04 15:34:11,173 [INFO] PluginManager:220 - loadIPPluginJar : add gtzc
2024-02-04 15:34:11,174 [INFO] IPUIPlugin:80 - create IPUIPlugin
2024-02-04 15:34:11,174 [INFO] PluginManager:220 - loadIPPluginJar : add quadspi
2024-02-04 15:34:11,175 [INFO] IPUIPlugin:80 - create IPUIPlugin
2024-02-04 15:34:11,176 [INFO] PluginManager:220 - loadIPPluginJar : add aes
2024-02-04 15:34:11,177 [INFO] IPUIPlugin:80 - create IPUIPlugin
2024-02-04 15:34:11,177 [INFO] PluginManager:220 - loadIPPluginJar : add pdm2pcm
2024-02-04 15:34:11,179 [INFO] IPUIPlugin:80 - create IPUIPlugin
2024-02-04 15:34:11,179 [INFO] PluginManager:220 - loadIPPluginJar : add hash
2024-02-04 15:34:11,180 [INFO] IPUIPlugin:80 - create IPUIPlugin
2024-02-04 15:34:11,180 [INFO] PluginManager:220 - loadIPPluginJar : add tim
2024-02-04 15:34:11,180 [INFO] IPUIPlugin:80 - create IPUIPlugin
2024-02-04 15:34:11,180 [INFO] PluginManager:220 - loadIPPluginJar : add tsc
2024-02-04 15:34:11,182 [INFO] IPUIPlugin:80 - create IPUIPlugin
2024-02-04 15:34:11,182 [INFO] PluginManager:220 - loadIPPluginJar : add ts
2024-02-04 15:34:11,184 [INFO] IPUIPlugin:80 - create IPUIPlugin
2024-02-04 15:34:11,184 [INFO] PluginManager:220 - loadIPPluginJar : add can
2024-02-04 15:34:11,185 [INFO] IPUIPlugin:80 - create IPUIPlugin
2024-02-04 15:34:11,186 [INFO] PluginManager:220 - loadIPPluginJar : add dma3
2024-02-04 15:34:11,187 [INFO] IPUIPlugin:80 - create IPUIPlugin
2024-02-04 15:34:11,187 [INFO] PluginManager:220 - loadIPPluginJar : add dfsdm
2024-02-04 15:34:11,188 [INFO] IPUIPlugin:80 - create IPUIPlugin
2024-02-04 15:34:11,188 [INFO] PluginManager:220 - loadIPPluginJar : add spi
2024-02-04 15:34:11,189 [INFO] IPUIPlugin:80 - create IPUIPlugin
2024-02-04 15:34:11,189 [INFO] PluginManager:220 - loadIPPluginJar : add gfxmmu
2024-02-04 15:34:11,190 [INFO] IPUIPlugin:80 - create IPUIPlugin
2024-02-04 15:34:11,190 [INFO] PluginManager:220 - loadIPPluginJar : add genericplugin
2024-02-04 15:34:11,192 [INFO] IPUIPlugin:80 - create IPUIPlugin
2024-02-04 15:34:11,192 [INFO] PluginManager:220 - loadIPPluginJar : add cryp
2024-02-04 15:34:11,195 [INFO] IPUIPlugin:80 - create IPUIPlugin
2024-02-04 15:34:11,195 [INFO] PluginManager:220 - loadIPPluginJar : add gpio
2024-02-04 15:34:11,196 [INFO] IPUIPlugin:80 - create IPUIPlugin
2024-02-04 15:34:11,196 [INFO] PluginManager:220 - loadIPPluginJar : add comp
2024-02-04 15:34:11,198 [INFO] IPUIPlugin:80 - create IPUIPlugin
2024-02-04 15:34:11,198 [INFO] PluginManager:220 - loadIPPluginJar : add tracer_emb
2024-02-04 15:34:11,200 [INFO] IPUIPlugin:80 - create IPUIPlugin
2024-02-04 15:34:11,200 [INFO] PluginManager:220 - loadIPPluginJar : add openamp
2024-02-04 15:34:11,204 [INFO] IPUIPlugin:80 - create IPUIPlugin
2024-02-04 15:34:11,204 [INFO] PluginManager:220 - loadIPPluginJar : add stm32_wpan
2024-02-04 15:34:11,209 [INFO] IPUIPlugin:80 - create IPUIPlugin
2024-02-04 15:34:11,212 [INFO] PluginManager:220 - loadIPPluginJar : add plateformsettings
2024-02-04 15:34:11,215 [INFO] IPUIPlugin:80 - create IPUIPlugin
2024-02-04 15:34:11,215 [INFO] PluginManager:220 - loadIPPluginJar : add ipddr
2024-02-04 15:34:11,217 [INFO] IPUIPlugin:80 - create IPUIPlugin
2024-02-04 15:34:11,217 [INFO] PluginManager:220 - loadIPPluginJar : add usart
2024-02-04 15:34:11,218 [INFO] IPUIPlugin:80 - create IPUIPlugin
2024-02-04 15:34:11,218 [INFO] PluginManager:220 - loadIPPluginJar : add ltdc
2024-02-04 15:34:11,221 [INFO] IPUIPlugin:80 - create IPUIPlugin
2024-02-04 15:34:11,221 [INFO] PluginManager:220 - loadIPPluginJar : add nvic
2024-02-04 15:34:11,222 [INFO] IPUIPlugin:80 - create IPUIPlugin
2024-02-04 15:34:11,222 [INFO] PluginManager:220 - loadIPPluginJar : add fatfs
2024-02-04 15:34:11,227 [INFO] IPUIPlugin:80 - create IPUIPlugin
2024-02-04 15:34:11,228 [INFO] PluginManager:220 - loadIPPluginJar : add linkedlist
2024-02-04 15:34:11,232 [INFO] IPUIPlugin:80 - create IPUIPlugin
2024-02-04 15:34:11,232 [INFO] PluginManager:220 - loadIPPluginJar : add dma
2024-02-04 15:34:11,235 [INFO] IPUIPlugin:80 - create IPUIPlugin
2024-02-04 15:34:11,235 [INFO] PluginManager:220 - loadIPPluginJar : add fmc
2024-02-04 15:34:11,236 [INFO] IPUIPlugin:80 - create IPUIPlugin
2024-02-04 15:34:11,236 [INFO] PluginManager:220 - loadIPPluginJar : add i2s
2024-02-04 15:34:11,237 [INFO] IPUIPlugin:80 - create IPUIPlugin
2024-02-04 15:34:11,237 [INFO] PluginManager:220 - loadIPPluginJar : add ucpd
2024-02-04 15:34:11,239 [INFO] IPUIPlugin:80 - create IPUIPlugin
2024-02-04 15:34:11,239 [INFO] PluginManager:220 - loadIPPluginJar : add lorawan
2024-02-04 15:34:11,241 [INFO] IPUIPlugin:80 - create IPUIPlugin
2024-02-04 15:34:11,241 [INFO] PluginManager:220 - loadIPPluginJar : add opamp
2024-02-04 15:34:11,242 [INFO] IPUIPlugin:80 - create IPUIPlugin
2024-02-04 15:34:11,242 [INFO] PluginManager:220 - loadIPPluginJar : add i3c
2024-02-04 15:34:11,244 [INFO] IPUIPlugin:80 - create IPUIPlugin
2024-02-04 15:34:11,244 [INFO] PluginManager:220 - loadIPPluginJar : add touchsensing
2024-02-04 15:34:11,246 [INFO] IPUIPlugin:80 - create IPUIPlugin
2024-02-04 15:34:11,246 [INFO] PluginManager:220 - loadIPPluginJar : add i2c
2024-02-04 15:34:11,249 [INFO] IPUIPlugin:80 - create IPUIPlugin
2024-02-04 15:34:11,249 [INFO] PluginManager:220 - loadIPPluginJar : add resmgrutility
2024-02-04 15:34:11,251 [INFO] IPUIPlugin:80 - create IPUIPlugin
2024-02-04 15:34:11,251 [INFO] PluginManager:220 - loadIPPluginJar : add sai
2024-02-04 15:34:11,253 [INFO] IPUIPlugin:80 - create IPUIPlugin
2024-02-04 15:34:11,253 [INFO] PluginManager:220 - loadIPPluginJar : add usbx
2024-02-04 15:34:11,351 [INFO] CADModel:165 - CPN selected for project level
2024-02-04 15:34:11,351 [INFO] CADModel:114 - Register for checkConnection events
2024-02-04 15:34:11,352 [FATAL] Updater:308 - Updater called before beeing initialized
2024-02-04 15:34:11,352 [ERROR] CADModel:125 - Updater not yet initialized, retry later 
2024-02-04 15:34:11,494 [INFO] CADModel:165 - CPN selected for project level
2024-02-04 15:34:11,494 [INFO] CADModel:114 - Register for checkConnection events
2024-02-04 15:34:11,494 [FATAL] Updater:308 - Updater called before beeing initialized
2024-02-04 15:34:11,494 [ERROR] CADModel:125 - Updater not yet initialized, retry later 
2024-02-04 15:34:11,497 [FATAL] Updater:308 - Updater called before beeing initialized
2024-02-04 15:34:11,582 [FATAL] Updater:308 - Updater called before beeing initialized
2024-02-04 15:34:11,587 [INFO] DbMcusAds:53 - JSON generation date=Wed Nov 29 18:52:27 SGT 2023 (1701255147200)
2024-02-04 15:34:11,587 [FATAL] Updater:308 - Updater called before beeing initialized
2024-02-04 15:34:11,778 [WARN] DetailPanel:346 - Failed to get advertising image, set to default
2024-02-04 15:34:11,841 [FATAL] Updater:308 - Updater called before beeing initialized
2024-02-04 15:34:11,843 [FATAL] Updater:308 - Updater called before beeing initialized
2024-02-04 15:34:11,843 [FATAL] Updater:308 - Updater called before beeing initialized
2024-02-04 15:34:11,843 [WARN] DetailPanel:346 - Failed to get advertising image, set to default
2024-02-04 15:34:11,844 [FATAL] Updater:308 - Updater called before beeing initialized
2024-02-04 15:34:11,869 [ERROR] Updater:1120 - MainUpdater not yet initialized. External WinMGr cannot be set.
2024-02-04 15:34:11,885 [INFO] Updater:1056 - Updater Version found : 6.10.0
2024-02-04 15:34:11,902 [INFO] ApplicationProperties:184 - Using Application install path: /Applications/STM32CubeIDE.app/Contents/Eclipse/plugins/com.st.stm32cube.common.mx_6.10.0.202311202037
2024-02-04 15:34:12,662 [INFO] MainUpdater:2873 - connection check result : 10
2024-02-04 15:34:12,663 [INFO] MainUpdater:290 - Updater Check For Update Now.
2024-02-04 15:34:12,663 [INFO] MicroXplorer:498 - Change Database Version : DB.6.0.100
2024-02-04 15:34:12,667 [INFO] McuFinderGlobals:63 - Set McuFinder mode to 2 (CubeIDE integrated)
2024-02-04 15:34:12,673 [INFO] UserAuth:404 - Internet connection configuration mode: 1
2024-02-04 15:34:12,689 [INFO] JxBrowserEngine:152 - Initiate JxBrowser Engine with user profile folder
2024-02-04 15:34:12,829 [INFO] CheckServerUpdateThread:120 - End of CheckServer Thread
2024-02-04 15:34:14,034 [INFO] WebApp:161 - Instantiating new browser for Auth
2024-02-04 15:34:14,738 [ERROR] LogOutputStream:75 - [STDERR_REDIRECT] [Fatal Error] :2:10: DOCTYPE is disallowed when the feature "http://apache.org/xml/features/disallow-doctype-decl" set to true.
2024-02-04 15:34:14,741 [ERROR] LogOutputStream:75 - [STDERR_REDIRECT] 
2024-02-04 15:34:14,880 [INFO] WebApp:780 - Register for checkConnection events
2024-02-04 15:34:14,881 [INFO] WebApp:414 - Apply proxy settings
2024-02-04 15:34:14,885 [INFO] WebApp:459 - Chromium authenticates against Manually configured proxy
2024-02-04 15:34:14,906 [INFO] WebApp:467 - Username used for proxy authentication: 
2024-02-04 15:34:15,038 [WARN] PackLoader:240 - Cannot read IP mode file for STMicroelectronics.X-CUBE-SMBUS.2.1.0
2024-02-04 15:34:15,043 [WARN] PackLoader:240 - Cannot read IP mode file for STMicroelectronics.X-CUBE-TOUCHGFX.4.23.0
2024-02-04 15:34:15,070 [WARN] PackLoader:240 - Cannot read IP mode file for STMicroelectronics.X-CUBE-AZRTOS-F7.1.1.0
2024-02-04 15:34:15,080 [WARN] PackLoader:240 - Cannot read IP mode file for STMicroelectronics.FP-SNS-MOTENV1.4.3.2
2024-02-04 15:34:15,091 [WARN] PackLoader:240 - Cannot read IP mode file for STMicroelectronics.X-CUBE-BLE1.6.2.4
2024-02-04 15:34:15,097 [WARN] PackLoader:240 - Cannot read IP mode file for STMicroelectronics.X-CUBE-BLE1.6.2.1
2024-02-04 15:34:15,103 [WARN] PackLoader:240 - Cannot read IP mode file for STMicroelectronics.X-CUBE-BLE2.3.2.1
2024-02-04 15:34:15,109 [WARN] PackLoader:240 - Cannot read IP mode file for STMicroelectronics.FP-SNS-FLIGHT1.5.0.2
2024-02-04 15:34:15,119 [WARN] PackLoader:240 - Cannot read IP mode file for STMicroelectronics.X-CUBE-DISPLAY.3.0.0
2024-02-04 15:34:15,120 [INFO] WebApp:192 - Starting web application
2024-02-04 15:34:15,121 [INFO] WebApp:544 - Web application path used /Applications/STM32CubeIDE.app/Contents/Eclipse/plugins/com.st.stm32cube.common.mx_6.10.0.202311202037/db/plugins/mcufinder/reactClient1/index.html
2024-02-04 15:34:15,131 [WARN] PackLoader:240 - Cannot read IP mode file for STMicroelectronics.X-CUBE-BLE1.7.0.0
2024-02-04 15:34:15,146 [WARN] PackLoader:240 - Cannot read IP mode file for STMicroelectronics.X-CUBE-SUBG2.4.2.0
2024-02-04 15:34:15,176 [WARN] PackLoader:240 - Cannot read IP mode file for STMicroelectronics.X-CUBE-AZRTOS-H7.1.0.0
2024-02-04 15:34:15,185 [WARN] PackLoader:240 - Cannot read IP mode file for STMicroelectronics.FP-SNS-SMARTAG2.1.2.0
2024-02-04 15:34:15,195 [INFO] LogOutputStream:77 - [STDOUT_REDIRECT] 1 : Invalid condition id : UX_CORESTACK_Condition cause : null
2024-02-04 15:34:15,196 [INFO] LogOutputStream:77 - [STDOUT_REDIRECT] 1 : Invalid condition id : UX_CORESTACK_Condition cause : null
2024-02-04 15:34:15,196 [INFO] LogOutputStream:77 - [STDOUT_REDIRECT] 1 : Invalid condition id : UX_CORESTACK_Condition cause : null
2024-02-04 15:34:15,196 [INFO] LogOutputStream:77 - [STDOUT_REDIRECT] 1 : Invalid condition id : UX_CORESTACK_Condition cause : null
2024-02-04 15:34:15,196 [INFO] LogOutputStream:77 - [STDOUT_REDIRECT] 1 : Invalid condition id : UX_CORESTACK_Condition cause : null
2024-02-04 15:34:15,200 [WARN] PackLoader:240 - Cannot read IP mode file for STMicroelectronics.X-CUBE-AZRTOS-WL.2.0.0
2024-02-04 15:34:15,208 [WARN] PackLoader:240 - Cannot read IP mode file for STMicroelectronics.X-CUBE-ALGOBUILD.1.2.1
2024-02-04 15:34:15,215 [WARN] PackLoader:240 - Cannot read IP mode file for WES.I-CUBE-Cesium.1.3.0
2024-02-04 15:34:15,220 [WARN] PackLoader:240 - Cannot read IP mode file for STMicroelectronics.X-CUBE-DISPLAY.2.2.0
2024-02-04 15:34:15,233 [WARN] PackLoader:240 - Cannot read IP mode file for STMicroelectronics.X-CUBE-TOF1.3.2.0
2024-02-04 15:34:15,242 [WARN] PackLoader:240 - Cannot read IP mode file for STMicroelectronics.X-CUBE-TOUCHGFX.4.21.1
2024-02-04 15:34:15,245 [WARN] PackLoader:240 - Cannot read IP mode file for STMicroelectronics.X-CUBE-TOUCHGFX.4.21.0
2024-02-04 15:34:15,298 [WARN] PackLoader:240 - Cannot read IP mode file for STMicroelectronics.X-CUBE-MEMS1.9.4.0
2024-02-04 15:34:15,431 [WARN] PackLoader:240 - Cannot read IP mode file for STMicroelectronics.X-CUBE-AI.7.3.0
2024-02-04 15:34:15,444 [WARN] PackLoader:240 - Cannot read IP mode file for STMicroelectronics.X-CUBE-AZRTOS-G0.1.1.0
2024-02-04 15:34:15,450 [WARN] PackLoader:240 - Cannot read IP mode file for STMicroelectronics.X-CUBE-NFC4.3.0.0
2024-02-04 15:34:15,473 [WARN] PackLoader:240 - Cannot read IP mode file for SEGGER.I-CUBE-embOS.1.2.0
2024-02-04 15:34:15,504 [WARN] PackLoader:240 - Cannot read IP mode file for STMicroelectronics.X-CUBE-TOUCHGFX.4.17.0
2024-02-04 15:34:15,510 [WARN] PackLoader:240 - Cannot read IP mode file for STMicroelectronics.X-CUBE-BLEMGR.3.0.0
2024-02-04 15:34:15,517 [WARN] PackLoader:240 - Cannot read IP mode file for STMicroelectronics.X-CUBE-BLEMGR.1.3.0
2024-02-04 15:34:15,523 [WARN] PackLoader:240 - Cannot read IP mode file for STMicroelectronics.X-CUBE-EEPRMA1.5.1.0
2024-02-04 15:34:15,554 [WARN] PackLoader:240 - Cannot read IP mode file for STMicroelectronics.X-CUBE-MEMS1.9.5.0
2024-02-04 15:34:15,663 [WARN] PackLoader:240 - Cannot read IP mode file for SEGGER.I-CUBE-embOS.1.3.1
2024-02-04 15:34:15,695 [WARN] PackLoader:240 - Cannot read IP mode file for STMicroelectronics.X-CUBE-AZRTOS-F4.1.1.0
2024-02-04 15:34:15,712 [WARN] PackLoader:240 - Cannot read IP mode file for STMicroelectronics.X-CUBE-AZRTOS-L5.2.0.0
2024-02-04 15:34:15,719 [WARN] PackLoader:240 - Cannot read IP mode file for STMicroelectronics.X-CUBE-EEPRMA1.4.2.0
2024-02-04 15:34:15,723 [WARN] PackLoader:240 - Cannot read IP mode file for ITTIA_DB.I-CUBE-ITTIADB.8.8.0
2024-02-04 15:34:15,728 [WARN] PackLoader:240 - Cannot read IP mode file for emotas.I-CUBE-CANOPEN.1.1.3
2024-02-04 15:34:15,732 [WARN] PackLoader:240 - Cannot read IP mode file for STMicroelectronics.X-CUBE-NFC4.2.0.5
2024-02-04 15:34:15,738 [WARN] PackLoader:240 - Cannot read IP mode file for STMicroelectronics.X-CUBE-NFC4.2.0.3
2024-02-04 15:34:15,742 [WARN] PackLoader:240 - Cannot read IP mode file for wolfSSL.I-CUBE-wolfSSL.4.8.0
2024-02-04 15:34:15,747 [WARN] PackLoader:240 - Cannot read IP mode file for STMicroelectronics.X-CUBE-SFXS2LP1.3.1.0
2024-02-04 15:34:15,752 [WARN] PackLoader:240 - Cannot read IP mode file for STMicroelectronics.X-CUBE-NFC7.1.0.1
2024-02-04 15:34:15,757 [WARN] PackLoader:240 - Cannot read IP mode file for STMicroelectronics.X-CUBE-NFC7.1.0.0
2024-02-04 15:34:15,768 [WARN] PackLoader:240 - Cannot read IP mode file for STMicroelectronics.X-CUBE-NFC6.3.0.0
2024-02-04 15:34:15,773 [WARN] PackLoader:240 - Cannot read IP mode file for STMicroelectronics.X-CUBE-EEPRMA1.4.1.0
2024-02-04 15:34:15,776 [WARN] PackLoader:240 - Cannot read IP mode file for STMicroelectronics.X-CUBE-DISPLAY.1.0.0
2024-02-04 15:34:15,779 [WARN] PackLoader:240 - Cannot read IP mode file for STMicroelectronics.X-CUBE-AI.8.1.0
2024-02-04 15:34:15,791 [WARN] ConditionMgr:438 - getConditionDescription Invalid condition id : LAN8742 Phy interface Condition cause : null
2024-02-04 15:34:15,792 [WARN] PackLoader:240 - Cannot read IP mode file for STMicroelectronics.X-CUBE-AZRTOS-L4.2.0.0
2024-02-04 15:34:15,793 [WARN] ConditionMgr:1039 - genDependencies : Invalid condition id : LAN8742 Phy interface Condition cause : null
2024-02-04 15:34:15,794 [WARN] ConditionMgr:1039 - genDependencies : Invalid condition id : LAN8742 Phy interface Condition cause : null
2024-02-04 15:34:15,794 [WARN] ConditionMgr:1039 - genDependencies : Invalid condition id : LAN8742 Phy interface Condition cause : null
2024-02-04 15:34:15,808 [WARN] PackLoader:240 - Cannot read IP mode file for STMicroelectronics.X-CUBE-AZRTOS-H7.3.0.0
2024-02-04 15:34:15,812 [WARN] PackLoader:240 - Cannot read IP mode file for STMicroelectronics.X-CUBE-ISPU.1.1.0
2024-02-04 15:34:15,817 [WARN] PackLoader:240 - Cannot read IP mode file for RoweBots.I-CUBE-UNISONRTOS.5.5.0-4
2024-02-04 15:34:15,820 [WARN] PackLoader:240 - Cannot read IP mode file for STMicroelectronics.X-CUBE-AI.8.0.0
2024-02-04 15:34:15,829 [WARN] ConditionMgr:438 - getConditionDescription Invalid condition id : UX DEVICE CLASS RTOS Condition cause : null
2024-02-04 15:34:15,829 [WARN] ConditionMgr:438 - getConditionDescription Invalid condition id : UX DEVICE CLASS RTOS Condition cause : null
2024-02-04 15:34:15,831 [WARN] PackLoader:240 - Cannot read IP mode file for STMicroelectronics.X-CUBE-AZRTOS-WB.2.0.0
2024-02-04 15:34:15,831 [WARN] ConditionMgr:1039 - genDependencies : Invalid condition id : UX DEVICE CLASS RTOS Condition cause : null
2024-02-04 15:34:15,831 [WARN] ConditionMgr:1039 - genDependencies : Invalid condition id : UX DEVICE CLASS RTOS Condition cause : null
2024-02-04 15:34:15,832 [WARN] ConditionMgr:1039 - genDependencies : Invalid condition id : UX DEVICE CLASS RTOS Condition cause : null
2024-02-04 15:34:15,832 [WARN] ConditionMgr:1039 - genDependencies : Invalid condition id : UX DEVICE CLASS RTOS Condition cause : null
2024-02-04 15:34:15,832 [WARN] ConditionMgr:1039 - genDependencies : Invalid condition id : UX DEVICE CLASS RTOS Condition cause : null
2024-02-04 15:34:15,855 [WARN] PackLoader:240 - Cannot read IP mode file for STMicroelectronics.X-CUBE-MEMS1.9.0.0
2024-02-04 15:34:15,937 [WARN] PackLoader:240 - Cannot read IP mode file for STMicroelectronics.X-CUBE-AZRTOS-L5.1.1.0
2024-02-04 15:34:15,949 [WARN] PackLoader:240 - Cannot read IP mode file for STMicroelectronics.X-CUBE-AZRTOS-G4.2.0.0
2024-02-04 15:34:15,953 [WARN] PackLoader:240 - Cannot read IP mode file for STMicroelectronics.FP-ATR-ASTRA1.1.1.1
2024-02-04 15:34:15,965 [WARN] PackLoader:240 - Cannot read IP mode file for Infineon.AIROC-Wi-Fi-Bluetooth-STM32.1.5.1
2024-02-04 15:34:15,971 [WARN] PackLoader:240 - Cannot read IP mode file for STMicroelectronics.FP-SNS-MOTENVWB1.1.3.1
2024-02-04 15:34:15,980 [WARN] PackLoader:240 - Cannot read IP mode file for STMicroelectronics.X-CUBE-AZRTOS-G4.1.0.0
2024-02-04 15:34:15,992 [WARN] PackLoader:240 - Cannot read IP mode file for STMicroelectronics.X-CUBE-AZRTOS-L4.1.0.0
2024-02-04 15:34:15,996 [WARN] PackLoader:240 - Cannot read IP mode file for STMicroelectronics.X-CUBE-ISPU.2.0.0
2024-02-04 15:34:16,020 [WARN] PackLoader:240 - Cannot read IP mode file for STMicroelectronics.X-CUBE-MEMS1.10.0.0
2024-02-04 15:34:16,101 [WARN] PackLoader:240 - Cannot read IP mode file for STMicroelectronics.X-CUBE-FREERTOS.1.1.0
2024-02-04 15:34:16,109 [WARN] PackLoader:240 - Cannot read IP mode file for STMicroelectronics.X-CUBE-AZRTOS-WL.1.0.0
2024-02-04 15:34:16,113 [WARN] PackLoader:240 - Cannot read IP mode file for STMicroelectronics.X-CUBE-TOF1.1.0.0
2024-02-04 15:34:16,117 [WARN] PackLoader:240 - Cannot read IP mode file for STMicroelectronics.X-CUBE-ALS.1.0.0
2024-02-04 15:34:16,121 [WARN] PackLoader:240 - Cannot read IP mode file for portGmbH.I-Cube-SoM-uGOAL.1.1.0
2024-02-04 15:34:16,123 [WARN] PackLoader:240 - Cannot read IP mode file for STMicroelectronics.X-CUBE-AI.7.0.0
2024-02-04 15:34:16,131 [WARN] PackLoader:240 - Cannot read IP mode file for STMicroelectronics.X-CUBE-AZRTOS-WB.1.1.0
2024-02-04 15:34:16,135 [WARN] PackLoader:240 - Cannot read IP mode file for STMicroelectronics.X-CUBE-EEPRMA1.3.1.0
2024-02-04 15:34:16,138 [WARN] PackLoader:240 - Cannot read IP mode file for STMicroelectronics.X-CUBE-GNSS1.5.2.0
2024-02-04 15:34:16,141 [WARN] PackLoader:240 - Cannot read IP mode file for STMicroelectronics.FP-ATR-ASTRA1.2.0.0
2024-02-04 15:34:16,147 [WARN] PackLoader:240 - Cannot read IP mode file for STMicroelectronics.X-CUBE-TOF1.3.4.0
2024-02-04 15:34:16,169 [WARN] PackLoader:240 - Cannot read IP mode file for STMicroelectronics.X-CUBE-AZRTOS-H7.3.2.0
2024-02-04 15:34:16,171 [INFO] ThirdParty:978 - Integrity check success = true
2024-02-04 15:34:16,172 [INFO] IntegrityCheckThread:100 - exiting critical section [integrity check]
2024-02-04 15:34:16,172 [INFO] IntegrityCheckThread:103 - End integrity checks thread
2024-02-04 15:34:29,488 [ERROR] LogOutputStream:75 - [STDERR_REDIRECT] SLF4J: Failed to load class "org.slf4j.impl.StaticLoggerBinder".
2024-02-04 15:34:29,488 [ERROR] LogOutputStream:75 - [STDERR_REDIRECT] SLF4J: Defaulting to no-operation (NOP) logger implementation
2024-02-04 15:34:29,488 [ERROR] LogOutputStream:75 - [STDERR_REDIRECT] SLF4J: See http://www.slf4j.org/codes.html#StaticLoggerBinder for further details.
2024-02-04 16:14:11,193 [ERROR] LogOutputStream:75 - [STDERR_REDIRECT] 
