2024-01-20 22:12:49,021 [INFO] Activator:176 - 


2024-01-20 22:12:49,026 [INFO] Activator:177 - !SESSION log4j initialized
2024-01-20 22:12:52,468 [ERROR] LogOutputStream:75 - [STDERR_REDIRECT] 
2024-01-20 22:12:52,964 [INFO] LogOutputStream:77 - [STDOUT_REDIRECT] 
2024-01-20 22:12:54,290 [INFO] LogOutputStream:77 - [STDOUT_REDIRECT] 
2024-01-20 22:12:55,153 [INFO] ApplicationProperties:184 - Using Application install path: /Applications/STM32CubeIDE.app/Contents/Eclipse/plugins/com.st.stm32cube.common.mx_6.10.0.202311202037
2024-01-20 22:12:55,169 [INFO] DbMcusXml:78 - Set database path to: /Applications/STM32CubeIDE.app/Contents/Eclipse/plugins/com.st.stm32cube.common.mx_6.10.0.202311202037//db//mcu/
2024-01-20 22:12:55,169 [INFO] ApiDb:274 - Set plugin database path to: /Applications/STM32CubeIDE.app/Contents/Eclipse/plugins/com.st.stm32cube.common.mx_6.10.0.202311202037//db//plugins/boardmanager/
2024-01-20 22:12:55,169 [WARN] ApiDb:259 - Overriding images path with different value:  => /Applications/STM32CubeIDE.app/Contents/Eclipse/plugins/com.st.stm32cube.common.mx_6.10.0.202311202037//db//plugins/mcufinder/images/
2024-01-20 22:12:55,177 [INFO] ApiDb:250 - Set database path to: /Users/welcome/.stmcufinder/plugins/mcufinder//mcu/
2024-01-20 22:12:55,178 [INFO] DbMcusAds:125 - Set database path to: /Users/welcome/.stmcufinder/plugins/mcufinder//mcu/
2024-01-20 22:12:55,181 [INFO] CrossReferenceDbSqlite:203 - Set database path to: /Users/welcome/.stmcufinder/plugins/mcufinder//mcu/cs/
2024-01-20 22:12:55,273 [INFO] RulesReader:64 - Compatibility file has been processed (297 Rules)
2024-01-20 22:12:55,337 [INFO] DbMcusXml:78 - Set database path to: /Applications/STM32CubeIDE.app/Contents/Eclipse/plugins/com.st.stm32cube.common.mx_6.10.0.202311202037//db//mcu/
2024-01-20 22:12:55,337 [INFO] ApiDb:274 - Set plugin database path to: /Applications/STM32CubeIDE.app/Contents/Eclipse/plugins/com.st.stm32cube.common.mx_6.10.0.202311202037//db//plugins/boardmanager/
2024-01-20 22:12:55,338 [INFO] ApiDb:261 - Set plugin images path to: /Applications/STM32CubeIDE.app/Contents/Eclipse/plugins/com.st.stm32cube.common.mx_6.10.0.202311202037//db//plugins/mcufinder/images/
2024-01-20 22:12:55,338 [WARN] DbFile:41 - Overriding database path with different value: /Users/welcome/.stmcufinder/plugins/mcufinder/ => /Users/welcome/.stmcufinder/plugins/mcufinder
2024-01-20 22:12:55,338 [INFO] ApiDb:250 - Set database path to: /Users/welcome/.stmcufinder/plugins/mcufinder//mcu/
2024-01-20 22:12:55,338 [WARN] DbFile:41 - Overriding database path with different value: /Users/welcome/.stmcufinder/plugins/mcufinder/ => /Users/welcome/.stmcufinder/plugins/mcufinder
2024-01-20 22:12:55,338 [INFO] DbMcusAds:125 - Set database path to: /Users/welcome/.stmcufinder/plugins/mcufinder//mcu/
2024-01-20 22:12:55,338 [WARN] DbFile:41 - Overriding database path with different value: /Users/welcome/.stmcufinder/plugins/mcufinder/ => /Users/welcome/.stmcufinder/plugins/mcufinder
2024-01-20 22:12:55,338 [WARN] DbFile:41 - Overriding database path with different value: /Users/welcome/.stmcufinder/plugins/mcufinder/ => /Users/welcome/.stmcufinder/plugins/mcufinder
2024-01-20 22:12:55,339 [INFO] CrossReferenceDbSqlite:203 - Set database path to: /Users/welcome/.stmcufinder/plugins/mcufinder//mcu/cs/
2024-01-20 22:12:55,416 [INFO] MainPanel:264 - HeapMemory: 268435456
2024-01-20 22:12:55,512 [INFO] DbMcusXml:78 - Set database path to: /Applications/STM32CubeIDE.app/Contents/Eclipse/plugins/com.st.stm32cube.common.mx_6.10.0.202311202037//db//mcu/
2024-01-20 22:12:55,512 [INFO] ApiDb:274 - Set plugin database path to: /Applications/STM32CubeIDE.app/Contents/Eclipse/plugins/com.st.stm32cube.common.mx_6.10.0.202311202037//db//plugins/boardmanager/
2024-01-20 22:12:55,512 [INFO] ApiDb:261 - Set plugin images path to: /Applications/STM32CubeIDE.app/Contents/Eclipse/plugins/com.st.stm32cube.common.mx_6.10.0.202311202037//db//plugins/mcufinder/images/
2024-01-20 22:12:55,512 [WARN] DbFile:41 - Overriding database path with different value: /Users/welcome/.stmcufinder/plugins/mcufinder/ => /Users/welcome/.stmcufinder/plugins/mcufinder
2024-01-20 22:12:55,512 [INFO] ApiDb:250 - Set database path to: /Users/welcome/.stmcufinder/plugins/mcufinder//mcu/
2024-01-20 22:12:55,512 [WARN] DbFile:41 - Overriding database path with different value: /Users/welcome/.stmcufinder/plugins/mcufinder/ => /Users/welcome/.stmcufinder/plugins/mcufinder
2024-01-20 22:12:55,512 [INFO] DbMcusAds:125 - Set database path to: /Users/welcome/.stmcufinder/plugins/mcufinder//mcu/
2024-01-20 22:12:55,512 [WARN] DbFile:41 - Overriding database path with different value: /Users/welcome/.stmcufinder/plugins/mcufinder/ => /Users/welcome/.stmcufinder/plugins/mcufinder
2024-01-20 22:12:55,513 [WARN] DbFile:41 - Overriding database path with different value: /Users/welcome/.stmcufinder/plugins/mcufinder/ => /Users/welcome/.stmcufinder/plugins/mcufinder
2024-01-20 22:12:55,513 [INFO] CrossReferenceDbSqlite:203 - Set database path to: /Users/welcome/.stmcufinder/plugins/mcufinder//mcu/cs/
2024-01-20 22:12:55,529 [INFO] ApplicationProperties:184 - Using Application install path: /Applications/STM32CubeIDE.app/Contents/Eclipse/plugins/com.st.stm32cube.common.mx_6.10.0.202311202037
2024-01-20 22:12:55,531 [INFO] PluginManage:196 - Search for loadable plugins [exclusion list=, ]
2024-01-20 22:12:55,532 [INFO] PluginManage:310 - Check plugin analytics
2024-01-20 22:12:55,690 [INFO] AnalyticsPlugin:253 - Accepted Software Licenses: 
2024-01-20 22:12:55,690 [INFO] AnalyticsPlugin:255 - Accepted CMSIS Pack Licenses: 
2024-01-20 22:12:55,690 [INFO] AnalyticsPlugin:257 - Accepted Firmware Licenses: FW.F4.1.27.0
2024-01-20 22:12:55,692 [INFO] PluginManage:359 - Loaded plugin analytics (category:tool,tabindex:-1)
2024-01-20 22:12:55,693 [INFO] PluginManage:310 - Check plugin cadmodel
2024-01-20 22:12:56,042 [INFO] CADModel:105 - Init CAD model plugin
2024-01-20 22:12:56,042 [INFO] PluginManage:359 - Loaded plugin cadmodel (category:power,tabindex:5)
2024-01-20 22:12:56,043 [INFO] PluginManage:310 - Check plugin clock
2024-01-20 22:12:56,054 [INFO] PluginManage:359 - Loaded plugin clock (category:base,tabindex:2)
2024-01-20 22:12:56,054 [INFO] PluginManage:310 - Check plugin ddr
2024-01-20 22:12:56,056 [INFO] PluginManage:359 - Loaded plugin ddr (category:tool,tabindex:6)
2024-01-20 22:12:56,056 [INFO] PluginManage:310 - Check plugin filemanager
2024-01-20 22:12:56,179 [INFO] PluginManage:359 - Loaded plugin filemanager (category:base,tabindex:10)
2024-01-20 22:12:56,179 [INFO] PluginManage:310 - Check plugin ipmanager
2024-01-20 22:12:56,185 [INFO] PluginManage:359 - Loaded plugin ipmanager (category:base,tabindex:5)
2024-01-20 22:12:56,185 [INFO] PluginManage:310 - Check plugin lpbam
2024-01-20 22:12:56,194 [INFO] PluginManage:359 - Loaded plugin lpbam (category:base,tabindex:0)
2024-01-20 22:12:56,194 [INFO] PluginManage:310 - Check plugin memorymap
2024-01-20 22:12:56,205 [INFO] PluginManage:359 - Loaded plugin memorymap (category:base,tabindex:4)
2024-01-20 22:12:56,205 [INFO] PluginManage:310 - Check plugin pinoutandconfiguration
2024-01-20 22:12:56,211 [INFO] PluginManage:359 - Loaded plugin pinoutandconfiguration (category:base,tabindex:1)
2024-01-20 22:12:56,211 [INFO] PluginManage:310 - Check plugin pinoutconfig
2024-01-20 22:12:56,292 [WARN] SupportedApi:132 - Cannot load RTOS API schema: s4s-elt-must-match.1: The content of 'definitions' must match (annotation?, (simpleType | complexType)?, (unique | key | keyref)*)). A problem was found starting at: attribute.
2024-01-20 22:12:56,403 [INFO] PluginManage:359 - Loaded plugin pinoutconfig (category:base,tabindex:0)
2024-01-20 22:12:56,404 [INFO] PluginManage:310 - Check plugin power
2024-01-20 22:12:56,415 [INFO] PluginManage:359 - Loaded plugin power (category:power,tabindex:4)
2024-01-20 22:12:56,415 [INFO] PluginManage:310 - Check plugin projectmanager
2024-01-20 22:12:56,430 [INFO] PluginManage:359 - Loaded plugin projectmanager (category:projectmanager,tabindex:3)
2024-01-20 22:12:56,430 [INFO] PluginManage:310 - Check plugin thirdparty
2024-01-20 22:12:56,547 [INFO] PluginManage:359 - Loaded plugin thirdparty (category:base,tabindex:-1)
2024-01-20 22:12:56,547 [WARN] IntegrityCheckThread:84 - waiting for thirdparty lock release [integrity check]
2024-01-20 22:12:56,547 [INFO] IntegrityCheckThread:86 - entering critical section [integrity check]
2024-01-20 22:12:56,547 [INFO] PluginManage:310 - Check plugin tools
2024-01-20 22:12:56,548 [INFO] ThirdPartyUpdaterWithRetryManager:70 - Updater plugin not ready yet. [1/15]
2024-01-20 22:12:56,550 [INFO] PluginManage:359 - Loaded plugin tools (category:base,tabindex:7)
2024-01-20 22:12:56,550 [INFO] PluginManage:310 - Check plugin tutovideos
2024-01-20 22:12:56,702 [INFO] PluginManage:359 - Loaded plugin tutovideos (category:base,tabindex:-1)
2024-01-20 22:12:56,702 [INFO] PluginManage:310 - Check plugin updater
2024-01-20 22:12:56,715 [INFO] PluginManage:359 - Loaded plugin updater (category:base,tabindex:12)
2024-01-20 22:12:56,716 [INFO] PluginManage:310 - Check plugin userauth
2024-01-20 22:12:56,721 [INFO] UserAuth:114 - Init User Auth plugin
2024-01-20 22:12:56,721 [INFO] PluginManage:359 - Loaded plugin userauth (category:base,tabindex:14)
2024-01-20 22:12:56,721 [INFO] PluginManage:283 - PluginManage : Loaded plugins [17]
2024-01-20 22:12:56,884 [INFO] PinOutPanel:1499 - setPackage(No Configuration,No Configuration)
2024-01-20 22:12:56,942 [INFO] CADModel:165 - CPN selected for project level
2024-01-20 22:12:56,943 [INFO] CADModel:114 - Register for checkConnection events
2024-01-20 22:12:56,954 [INFO] IPUIPlugin:80 - create IPUIPlugin
2024-01-20 22:12:56,955 [INFO] PluginManager:220 - loadIPPluginJar : add mdma
2024-01-20 22:12:56,962 [INFO] IPUIPlugin:80 - create IPUIPlugin
2024-01-20 22:12:56,962 [INFO] PluginManager:220 - loadIPPluginJar : add freertos
2024-01-20 22:12:56,966 [INFO] IPUIPlugin:80 - create IPUIPlugin
2024-01-20 22:12:56,966 [INFO] PluginManager:220 - loadIPPluginJar : add gic
2024-01-20 22:12:56,975 [INFO] IPUIPlugin:80 - create IPUIPlugin
2024-01-20 22:12:56,975 [INFO] PluginManager:220 - loadIPPluginJar : add adc
2024-01-20 22:12:56,978 [INFO] IPUIPlugin:80 - create IPUIPlugin
2024-01-20 22:12:56,978 [INFO] PluginManager:220 - loadIPPluginJar : add gtzc
2024-01-20 22:12:56,979 [INFO] IPUIPlugin:80 - create IPUIPlugin
2024-01-20 22:12:56,979 [INFO] PluginManager:220 - loadIPPluginJar : add quadspi
2024-01-20 22:12:56,981 [INFO] IPUIPlugin:80 - create IPUIPlugin
2024-01-20 22:12:56,981 [INFO] PluginManager:220 - loadIPPluginJar : add aes
2024-01-20 22:12:56,983 [INFO] IPUIPlugin:80 - create IPUIPlugin
2024-01-20 22:12:56,983 [INFO] PluginManager:220 - loadIPPluginJar : add pdm2pcm
2024-01-20 22:12:56,984 [INFO] IPUIPlugin:80 - create IPUIPlugin
2024-01-20 22:12:56,984 [INFO] PluginManager:220 - loadIPPluginJar : add hash
2024-01-20 22:12:56,985 [INFO] IPUIPlugin:80 - create IPUIPlugin
2024-01-20 22:12:56,986 [INFO] PluginManager:220 - loadIPPluginJar : add tim
2024-01-20 22:12:56,987 [INFO] IPUIPlugin:80 - create IPUIPlugin
2024-01-20 22:12:56,987 [INFO] PluginManager:220 - loadIPPluginJar : add tsc
2024-01-20 22:12:56,988 [INFO] IPUIPlugin:80 - create IPUIPlugin
2024-01-20 22:12:56,988 [INFO] PluginManager:220 - loadIPPluginJar : add ts
2024-01-20 22:12:56,990 [INFO] IPUIPlugin:80 - create IPUIPlugin
2024-01-20 22:12:56,990 [INFO] PluginManager:220 - loadIPPluginJar : add can
2024-01-20 22:12:56,992 [INFO] IPUIPlugin:80 - create IPUIPlugin
2024-01-20 22:12:56,992 [INFO] PluginManager:220 - loadIPPluginJar : add dma3
2024-01-20 22:12:56,993 [INFO] IPUIPlugin:80 - create IPUIPlugin
2024-01-20 22:12:56,993 [INFO] PluginManager:220 - loadIPPluginJar : add dfsdm
2024-01-20 22:12:56,995 [INFO] IPUIPlugin:80 - create IPUIPlugin
2024-01-20 22:12:56,995 [INFO] PluginManager:220 - loadIPPluginJar : add spi
2024-01-20 22:12:56,996 [INFO] IPUIPlugin:80 - create IPUIPlugin
2024-01-20 22:12:56,997 [INFO] PluginManager:220 - loadIPPluginJar : add gfxmmu
2024-01-20 22:12:56,997 [INFO] IPUIPlugin:80 - create IPUIPlugin
2024-01-20 22:12:56,998 [INFO] PluginManager:220 - loadIPPluginJar : add genericplugin
2024-01-20 22:12:56,999 [INFO] IPUIPlugin:80 - create IPUIPlugin
2024-01-20 22:12:56,999 [INFO] PluginManager:220 - loadIPPluginJar : add cryp
2024-01-20 22:12:57,002 [INFO] IPUIPlugin:80 - create IPUIPlugin
2024-01-20 22:12:57,002 [INFO] PluginManager:220 - loadIPPluginJar : add gpio
2024-01-20 22:12:57,003 [INFO] IPUIPlugin:80 - create IPUIPlugin
2024-01-20 22:12:57,003 [INFO] PluginManager:220 - loadIPPluginJar : add comp
2024-01-20 22:12:57,004 [INFO] IPUIPlugin:80 - create IPUIPlugin
2024-01-20 22:12:57,004 [INFO] PluginManager:220 - loadIPPluginJar : add tracer_emb
2024-01-20 22:12:57,007 [INFO] IPUIPlugin:80 - create IPUIPlugin
2024-01-20 22:12:57,007 [INFO] PluginManager:220 - loadIPPluginJar : add openamp
2024-01-20 22:12:57,011 [INFO] IPUIPlugin:80 - create IPUIPlugin
2024-01-20 22:12:57,011 [INFO] PluginManager:220 - loadIPPluginJar : add stm32_wpan
2024-01-20 22:12:57,015 [INFO] IPUIPlugin:80 - create IPUIPlugin
2024-01-20 22:12:57,018 [INFO] PluginManager:220 - loadIPPluginJar : add plateformsettings
2024-01-20 22:12:57,021 [INFO] IPUIPlugin:80 - create IPUIPlugin
2024-01-20 22:12:57,021 [INFO] PluginManager:220 - loadIPPluginJar : add ipddr
2024-01-20 22:12:57,023 [INFO] IPUIPlugin:80 - create IPUIPlugin
2024-01-20 22:12:57,023 [INFO] PluginManager:220 - loadIPPluginJar : add usart
2024-01-20 22:12:57,024 [INFO] IPUIPlugin:80 - create IPUIPlugin
2024-01-20 22:12:57,024 [INFO] PluginManager:220 - loadIPPluginJar : add ltdc
2024-01-20 22:12:57,027 [INFO] IPUIPlugin:80 - create IPUIPlugin
2024-01-20 22:12:57,027 [INFO] PluginManager:220 - loadIPPluginJar : add nvic
2024-01-20 22:12:57,028 [INFO] IPUIPlugin:80 - create IPUIPlugin
2024-01-20 22:12:57,028 [INFO] PluginManager:220 - loadIPPluginJar : add fatfs
2024-01-20 22:12:57,033 [INFO] IPUIPlugin:80 - create IPUIPlugin
2024-01-20 22:12:57,033 [INFO] PluginManager:220 - loadIPPluginJar : add linkedlist
2024-01-20 22:12:57,037 [INFO] IPUIPlugin:80 - create IPUIPlugin
2024-01-20 22:12:57,037 [INFO] PluginManager:220 - loadIPPluginJar : add dma
2024-01-20 22:12:57,041 [INFO] IPUIPlugin:80 - create IPUIPlugin
2024-01-20 22:12:57,041 [INFO] PluginManager:220 - loadIPPluginJar : add fmc
2024-01-20 22:12:57,043 [INFO] IPUIPlugin:80 - create IPUIPlugin
2024-01-20 22:12:57,043 [INFO] PluginManager:220 - loadIPPluginJar : add i2s
2024-01-20 22:12:57,044 [INFO] IPUIPlugin:80 - create IPUIPlugin
2024-01-20 22:12:57,044 [INFO] PluginManager:220 - loadIPPluginJar : add ucpd
2024-01-20 22:12:57,046 [INFO] IPUIPlugin:80 - create IPUIPlugin
2024-01-20 22:12:57,046 [INFO] PluginManager:220 - loadIPPluginJar : add lorawan
2024-01-20 22:12:57,048 [INFO] IPUIPlugin:80 - create IPUIPlugin
2024-01-20 22:12:57,048 [INFO] PluginManager:220 - loadIPPluginJar : add opamp
2024-01-20 22:12:57,050 [INFO] IPUIPlugin:80 - create IPUIPlugin
2024-01-20 22:12:57,050 [INFO] PluginManager:220 - loadIPPluginJar : add i3c
2024-01-20 22:12:57,052 [INFO] IPUIPlugin:80 - create IPUIPlugin
2024-01-20 22:12:57,052 [INFO] PluginManager:220 - loadIPPluginJar : add touchsensing
2024-01-20 22:12:57,053 [INFO] IPUIPlugin:80 - create IPUIPlugin
2024-01-20 22:12:57,053 [INFO] PluginManager:220 - loadIPPluginJar : add i2c
2024-01-20 22:12:57,056 [INFO] IPUIPlugin:80 - create IPUIPlugin
2024-01-20 22:12:57,056 [INFO] PluginManager:220 - loadIPPluginJar : add resmgrutility
2024-01-20 22:12:57,058 [INFO] IPUIPlugin:80 - create IPUIPlugin
2024-01-20 22:12:57,058 [INFO] PluginManager:220 - loadIPPluginJar : add sai
2024-01-20 22:12:57,061 [INFO] IPUIPlugin:80 - create IPUIPlugin
2024-01-20 22:12:57,061 [INFO] PluginManager:220 - loadIPPluginJar : add usbx
2024-01-20 22:12:57,159 [INFO] CADModel:165 - CPN selected for project level
2024-01-20 22:12:57,159 [INFO] CADModel:114 - Register for checkConnection events
2024-01-20 22:12:57,160 [FATAL] Updater:308 - Updater called before beeing initialized
2024-01-20 22:12:57,160 [ERROR] CADModel:125 - Updater not yet initialized, retry later 
2024-01-20 22:12:57,302 [INFO] CADModel:165 - CPN selected for project level
2024-01-20 22:12:57,302 [INFO] CADModel:114 - Register for checkConnection events
2024-01-20 22:12:57,302 [FATAL] Updater:308 - Updater called before beeing initialized
2024-01-20 22:12:57,303 [ERROR] CADModel:125 - Updater not yet initialized, retry later 
2024-01-20 22:12:57,305 [FATAL] Updater:308 - Updater called before beeing initialized
2024-01-20 22:12:57,402 [FATAL] Updater:308 - Updater called before beeing initialized
2024-01-20 22:12:57,407 [INFO] DbMcusAds:53 - JSON generation date=Wed Nov 29 18:52:27 SGT 2023 (1701255147349)
2024-01-20 22:12:57,407 [FATAL] Updater:308 - Updater called before beeing initialized
2024-01-20 22:12:57,477 [WARN] DetailPanel:346 - Failed to get advertising image, set to default
2024-01-20 22:12:57,567 [FATAL] Updater:308 - Updater called before beeing initialized
2024-01-20 22:12:57,568 [FATAL] Updater:308 - Updater called before beeing initialized
2024-01-20 22:12:57,568 [FATAL] Updater:308 - Updater called before beeing initialized
2024-01-20 22:12:57,568 [WARN] DetailPanel:346 - Failed to get advertising image, set to default
2024-01-20 22:12:57,569 [FATAL] Updater:308 - Updater called before beeing initialized
2024-01-20 22:12:57,595 [ERROR] Updater:1120 - MainUpdater not yet initialized. External WinMGr cannot be set.
2024-01-20 22:12:57,612 [INFO] Updater:1056 - Updater Version found : 6.10.0
2024-01-20 22:12:57,629 [INFO] ApplicationProperties:184 - Using Application install path: /Applications/STM32CubeIDE.app/Contents/Eclipse/plugins/com.st.stm32cube.common.mx_6.10.0.202311202037
2024-01-20 22:12:57,890 [INFO] MainUpdater:2873 - connection check result : 10
2024-01-20 22:12:57,890 [INFO] MainUpdater:3567 - Updater definition file requires update
2024-01-20 22:12:57,891 [INFO] MainUpdater:290 - Updater Check For Update Now.
2024-01-20 22:12:57,891 [INFO] MicroXplorer:498 - Change Database Version : DB.6.0.100
2024-01-20 22:12:57,895 [INFO] McuFinderGlobals:63 - Set McuFinder mode to 2 (CubeIDE integrated)
2024-01-20 22:12:57,950 [INFO] ServerAccessManage:473 - Download File updaters.zip
2024-01-20 22:12:57,999 [INFO] FileExtend:240 - Unzip File : updaters.zip
2024-01-20 22:12:57,999 [INFO] FileExtend:255 - Standard Zip Deflate
2024-01-20 22:12:58,041 [INFO] UserAuth:404 - Internet connection configuration mode: 1
2024-01-20 22:12:58,056 [INFO] JxBrowserEngine:152 - Initiate JxBrowser Engine with user profile folder
2024-01-20 22:12:58,161 [INFO] ServerAccessManage:473 - Download File PacksControlFlags.xml
2024-01-20 22:12:58,198 [INFO] ServerAccessManage:473 - Download File cubemx.pidx
2024-01-20 22:12:58,280 [INFO] LoadServerUpdatesThread:375 - End of LoadServerUpdate Thread
2024-01-20 22:12:58,436 [INFO] CheckServerUpdateThread:120 - End of CheckServer Thread
2024-01-20 22:12:59,551 [INFO] WebApp:161 - Instantiating new browser for Auth
2024-01-20 22:13:00,459 [INFO] WebApp:780 - Register for checkConnection events
2024-01-20 22:13:00,462 [INFO] WebApp:414 - Apply proxy settings
2024-01-20 22:13:00,486 [INFO] WebApp:459 - Chromium authenticates against Manually configured proxy
2024-01-20 22:13:00,507 [INFO] WebApp:467 - Username used for proxy authentication: 
2024-01-20 22:13:00,643 [WARN] PackLoader:240 - Cannot read IP mode file for STMicroelectronics.X-CUBE-SMBUS.2.1.0
2024-01-20 22:13:00,648 [WARN] PackLoader:240 - Cannot read IP mode file for STMicroelectronics.X-CUBE-TOUCHGFX.4.23.0
2024-01-20 22:13:00,677 [WARN] PackLoader:240 - Cannot read IP mode file for STMicroelectronics.X-CUBE-AZRTOS-F7.1.1.0
2024-01-20 22:13:00,690 [WARN] PackLoader:240 - Cannot read IP mode file for STMicroelectronics.FP-SNS-MOTENV1.4.3.2
2024-01-20 22:13:00,701 [WARN] PackLoader:240 - Cannot read IP mode file for STMicroelectronics.X-CUBE-BLE1.6.2.4
2024-01-20 22:13:00,707 [WARN] PackLoader:240 - Cannot read IP mode file for STMicroelectronics.X-CUBE-BLE1.6.2.1
2024-01-20 22:13:00,714 [WARN] PackLoader:240 - Cannot read IP mode file for STMicroelectronics.X-CUBE-BLE2.3.2.1
2024-01-20 22:13:00,714 [INFO] WebApp:192 - Starting web application
2024-01-20 22:13:00,714 [INFO] WebApp:544 - Web application path used /Applications/STM32CubeIDE.app/Contents/Eclipse/plugins/com.st.stm32cube.common.mx_6.10.0.202311202037/db/plugins/mcufinder/reactClient1/index.html
2024-01-20 22:13:00,721 [WARN] PackLoader:240 - Cannot read IP mode file for STMicroelectronics.FP-SNS-FLIGHT1.5.0.2
2024-01-20 22:13:00,731 [WARN] PackLoader:240 - Cannot read IP mode file for STMicroelectronics.X-CUBE-DISPLAY.3.0.0
2024-01-20 22:13:00,748 [WARN] PackLoader:240 - Cannot read IP mode file for STMicroelectronics.X-CUBE-BLE1.7.0.0
2024-01-20 22:13:00,763 [WARN] PackLoader:240 - Cannot read IP mode file for STMicroelectronics.X-CUBE-SUBG2.4.2.0
2024-01-20 22:13:00,794 [WARN] PackLoader:240 - Cannot read IP mode file for STMicroelectronics.X-CUBE-AZRTOS-H7.1.0.0
2024-01-20 22:13:00,805 [WARN] PackLoader:240 - Cannot read IP mode file for STMicroelectronics.FP-SNS-SMARTAG2.1.2.0
2024-01-20 22:13:00,816 [INFO] LogOutputStream:77 - [STDOUT_REDIRECT] 1 : Invalid condition id : UX_CORESTACK_Condition cause : null
2024-01-20 22:13:00,816 [INFO] LogOutputStream:77 - [STDOUT_REDIRECT] 1 : Invalid condition id : UX_CORESTACK_Condition cause : null
2024-01-20 22:13:00,817 [INFO] LogOutputStream:77 - [STDOUT_REDIRECT] 1 : Invalid condition id : UX_CORESTACK_Condition cause : null
2024-01-20 22:13:00,817 [INFO] LogOutputStream:77 - [STDOUT_REDIRECT] 1 : Invalid condition id : UX_CORESTACK_Condition cause : null
2024-01-20 22:13:00,818 [INFO] LogOutputStream:77 - [STDOUT_REDIRECT] 1 : Invalid condition id : UX_CORESTACK_Condition cause : null
2024-01-20 22:13:00,822 [WARN] PackLoader:240 - Cannot read IP mode file for STMicroelectronics.X-CUBE-AZRTOS-WL.2.0.0
2024-01-20 22:13:00,830 [WARN] PackLoader:240 - Cannot read IP mode file for STMicroelectronics.X-CUBE-ALGOBUILD.1.2.1
2024-01-20 22:13:00,838 [WARN] PackLoader:240 - Cannot read IP mode file for WES.I-CUBE-Cesium.1.3.0
2024-01-20 22:13:00,845 [WARN] PackLoader:240 - Cannot read IP mode file for STMicroelectronics.X-CUBE-DISPLAY.2.2.0
2024-01-20 22:13:00,863 [WARN] PackLoader:240 - Cannot read IP mode file for STMicroelectronics.X-CUBE-TOF1.3.2.0
2024-01-20 22:13:00,896 [WARN] PackLoader:240 - Cannot read IP mode file for STMicroelectronics.X-CUBE-TOUCHGFX.4.21.1
2024-01-20 22:13:00,916 [WARN] PackLoader:240 - Cannot read IP mode file for STMicroelectronics.X-CUBE-TOUCHGFX.4.21.0
2024-01-20 22:13:00,991 [WARN] PackLoader:240 - Cannot read IP mode file for STMicroelectronics.X-CUBE-MEMS1.9.4.0
2024-01-20 22:13:01,176 [WARN] PackLoader:240 - Cannot read IP mode file for STMicroelectronics.X-CUBE-AI.7.3.0
2024-01-20 22:13:01,190 [WARN] PackLoader:240 - Cannot read IP mode file for STMicroelectronics.X-CUBE-AZRTOS-G0.1.1.0
2024-01-20 22:13:01,199 [WARN] PackLoader:240 - Cannot read IP mode file for STMicroelectronics.X-CUBE-NFC4.3.0.0
2024-01-20 22:13:01,236 [WARN] PackLoader:240 - Cannot read IP mode file for SEGGER.I-CUBE-embOS.1.2.0
2024-01-20 22:13:01,267 [WARN] PackLoader:240 - Cannot read IP mode file for STMicroelectronics.X-CUBE-TOUCHGFX.4.17.0
2024-01-20 22:13:01,274 [WARN] PackLoader:240 - Cannot read IP mode file for STMicroelectronics.X-CUBE-BLEMGR.3.0.0
2024-01-20 22:13:01,283 [WARN] PackLoader:240 - Cannot read IP mode file for STMicroelectronics.X-CUBE-BLEMGR.1.3.0
2024-01-20 22:13:01,319 [WARN] PackLoader:240 - Cannot read IP mode file for STMicroelectronics.X-CUBE-MEMS1.9.5.0
2024-01-20 22:13:01,446 [WARN] PackLoader:240 - Cannot read IP mode file for STMicroelectronics.X-CUBE-AZRTOS-F4.1.1.0
2024-01-20 22:13:01,472 [WARN] PackLoader:240 - Cannot read IP mode file for STMicroelectronics.X-CUBE-AZRTOS-L5.2.0.0
2024-01-20 22:13:01,479 [WARN] PackLoader:240 - Cannot read IP mode file for STMicroelectronics.X-CUBE-EEPRMA1.4.2.0
2024-01-20 22:13:01,484 [WARN] PackLoader:240 - Cannot read IP mode file for ITTIA_DB.I-CUBE-ITTIADB.8.8.0
2024-01-20 22:13:01,489 [WARN] PackLoader:240 - Cannot read IP mode file for emotas.I-CUBE-CANOPEN.1.1.3
2024-01-20 22:13:01,494 [WARN] PackLoader:240 - Cannot read IP mode file for STMicroelectronics.X-CUBE-NFC4.2.0.5
2024-01-20 22:13:01,499 [WARN] PackLoader:240 - Cannot read IP mode file for STMicroelectronics.X-CUBE-NFC4.2.0.3
2024-01-20 22:13:01,503 [WARN] PackLoader:240 - Cannot read IP mode file for wolfSSL.I-CUBE-wolfSSL.4.8.0
2024-01-20 22:13:01,508 [WARN] PackLoader:240 - Cannot read IP mode file for STMicroelectronics.X-CUBE-SFXS2LP1.3.1.0
2024-01-20 22:13:01,514 [WARN] PackLoader:240 - Cannot read IP mode file for STMicroelectronics.X-CUBE-NFC7.1.0.1
2024-01-20 22:13:01,518 [WARN] PackLoader:240 - Cannot read IP mode file for STMicroelectronics.X-CUBE-NFC7.1.0.0
2024-01-20 22:13:01,524 [WARN] PackLoader:240 - Cannot read IP mode file for STMicroelectronics.X-CUBE-NFC6.3.0.0
2024-01-20 22:13:01,530 [WARN] PackLoader:240 - Cannot read IP mode file for STMicroelectronics.X-CUBE-EEPRMA1.4.1.0
2024-01-20 22:13:01,534 [WARN] PackLoader:240 - Cannot read IP mode file for STMicroelectronics.X-CUBE-DISPLAY.1.0.0
2024-01-20 22:13:01,537 [WARN] PackLoader:240 - Cannot read IP mode file for STMicroelectronics.X-CUBE-AI.8.1.0
2024-01-20 22:13:01,553 [WARN] ConditionMgr:438 - getConditionDescription Invalid condition id : LAN8742 Phy interface Condition cause : null
2024-01-20 22:13:01,553 [ERROR] LogOutputStream:75 - [STDERR_REDIRECT] [Fatal Error] :2:10: DOCTYPE is disallowed when the feature "http://apache.org/xml/features/disallow-doctype-decl" set to true.
2024-01-20 22:13:01,554 [ERROR] LogOutputStream:75 - [STDERR_REDIRECT] 
2024-01-20 22:13:01,554 [WARN] PackLoader:240 - Cannot read IP mode file for STMicroelectronics.X-CUBE-AZRTOS-L4.2.0.0
2024-01-20 22:13:01,555 [WARN] ConditionMgr:1039 - genDependencies : Invalid condition id : LAN8742 Phy interface Condition cause : null
2024-01-20 22:13:01,556 [WARN] ConditionMgr:1039 - genDependencies : Invalid condition id : LAN8742 Phy interface Condition cause : null
2024-01-20 22:13:01,557 [WARN] ConditionMgr:1039 - genDependencies : Invalid condition id : LAN8742 Phy interface Condition cause : null
2024-01-20 22:13:01,578 [WARN] PackLoader:240 - Cannot read IP mode file for STMicroelectronics.X-CUBE-AZRTOS-H7.3.0.0
2024-01-20 22:13:01,585 [WARN] PackLoader:240 - Cannot read IP mode file for STMicroelectronics.X-CUBE-ISPU.1.1.0
2024-01-20 22:13:01,592 [WARN] PackLoader:240 - Cannot read IP mode file for RoweBots.I-CUBE-UNISONRTOS.5.5.0-4
2024-01-20 22:13:01,596 [WARN] PackLoader:240 - Cannot read IP mode file for STMicroelectronics.X-CUBE-AI.8.0.0
2024-01-20 22:13:01,607 [WARN] ConditionMgr:438 - getConditionDescription Invalid condition id : UX DEVICE CLASS RTOS Condition cause : null
2024-01-20 22:13:01,608 [WARN] ConditionMgr:438 - getConditionDescription Invalid condition id : UX DEVICE CLASS RTOS Condition cause : null
2024-01-20 22:13:01,609 [WARN] PackLoader:240 - Cannot read IP mode file for STMicroelectronics.X-CUBE-AZRTOS-WB.2.0.0
2024-01-20 22:13:01,610 [WARN] ConditionMgr:1039 - genDependencies : Invalid condition id : UX DEVICE CLASS RTOS Condition cause : null
2024-01-20 22:13:01,610 [WARN] ConditionMgr:1039 - genDependencies : Invalid condition id : UX DEVICE CLASS RTOS Condition cause : null
2024-01-20 22:13:01,611 [WARN] ConditionMgr:1039 - genDependencies : Invalid condition id : UX DEVICE CLASS RTOS Condition cause : null
2024-01-20 22:13:01,611 [WARN] ConditionMgr:1039 - genDependencies : Invalid condition id : UX DEVICE CLASS RTOS Condition cause : null
2024-01-20 22:13:01,611 [WARN] ConditionMgr:1039 - genDependencies : Invalid condition id : UX DEVICE CLASS RTOS Condition cause : null
2024-01-20 22:13:01,637 [WARN] PackLoader:240 - Cannot read IP mode file for STMicroelectronics.X-CUBE-MEMS1.9.0.0
2024-01-20 22:13:01,739 [WARN] PackLoader:240 - Cannot read IP mode file for STMicroelectronics.X-CUBE-AZRTOS-L5.1.1.0
2024-01-20 22:13:01,754 [WARN] PackLoader:240 - Cannot read IP mode file for STMicroelectronics.X-CUBE-AZRTOS-G4.2.0.0
2024-01-20 22:13:01,759 [WARN] PackLoader:240 - Cannot read IP mode file for STMicroelectronics.FP-ATR-ASTRA1.1.1.1
2024-01-20 22:13:01,771 [WARN] PackLoader:240 - Cannot read IP mode file for Infineon.AIROC-Wi-Fi-Bluetooth-STM32.1.5.1
2024-01-20 22:13:01,778 [WARN] PackLoader:240 - Cannot read IP mode file for STMicroelectronics.FP-SNS-MOTENVWB1.1.3.1
2024-01-20 22:13:01,794 [WARN] PackLoader:240 - Cannot read IP mode file for STMicroelectronics.X-CUBE-AZRTOS-G4.1.0.0
2024-01-20 22:13:01,810 [WARN] PackLoader:240 - Cannot read IP mode file for STMicroelectronics.X-CUBE-AZRTOS-L4.1.0.0
2024-01-20 22:13:01,816 [WARN] PackLoader:240 - Cannot read IP mode file for STMicroelectronics.X-CUBE-ISPU.2.0.0
2024-01-20 22:13:01,845 [WARN] PackLoader:240 - Cannot read IP mode file for STMicroelectronics.X-CUBE-MEMS1.10.0.0
2024-01-20 22:13:01,938 [WARN] PackLoader:240 - Cannot read IP mode file for STMicroelectronics.X-CUBE-FREERTOS.1.1.0
2024-01-20 22:13:01,944 [WARN] PackLoader:240 - Cannot read IP mode file for STMicroelectronics.X-CUBE-AZRTOS-WL.1.0.0
2024-01-20 22:13:01,949 [WARN] PackLoader:240 - Cannot read IP mode file for STMicroelectronics.X-CUBE-TOF1.1.0.0
2024-01-20 22:13:01,951 [WARN] PackLoader:240 - Cannot read IP mode file for STMicroelectronics.X-CUBE-ALS.1.0.0
2024-01-20 22:13:01,955 [WARN] PackLoader:240 - Cannot read IP mode file for portGmbH.I-Cube-SoM-uGOAL.1.1.0
2024-01-20 22:13:01,957 [WARN] PackLoader:240 - Cannot read IP mode file for STMicroelectronics.X-CUBE-AI.7.0.0
2024-01-20 22:13:01,965 [WARN] PackLoader:240 - Cannot read IP mode file for STMicroelectronics.X-CUBE-AZRTOS-WB.1.1.0
2024-01-20 22:13:01,969 [WARN] PackLoader:240 - Cannot read IP mode file for STMicroelectronics.X-CUBE-EEPRMA1.3.1.0
2024-01-20 22:13:01,972 [WARN] PackLoader:240 - Cannot read IP mode file for STMicroelectronics.X-CUBE-GNSS1.5.2.0
2024-01-20 22:13:01,976 [WARN] PackLoader:240 - Cannot read IP mode file for STMicroelectronics.FP-ATR-ASTRA1.2.0.0
2024-01-20 22:13:01,983 [WARN] PackLoader:240 - Cannot read IP mode file for STMicroelectronics.X-CUBE-TOF1.3.4.0
2024-01-20 22:13:02,008 [WARN] PackLoader:240 - Cannot read IP mode file for STMicroelectronics.X-CUBE-AZRTOS-H7.3.2.0
2024-01-20 22:13:02,011 [INFO] ThirdParty:978 - Integrity check success = true
2024-01-20 22:13:02,011 [INFO] IntegrityCheckThread:100 - exiting critical section [integrity check]
2024-01-20 22:13:02,011 [INFO] IntegrityCheckThread:103 - End integrity checks thread
2024-01-20 22:13:21,358 [ERROR] LogOutputStream:75 - [STDERR_REDIRECT] SLF4J: Failed to load class "org.slf4j.impl.StaticLoggerBinder".
2024-01-20 22:13:21,359 [ERROR] LogOutputStream:75 - [STDERR_REDIRECT] SLF4J: Defaulting to no-operation (NOP) logger implementation
2024-01-20 22:13:21,359 [ERROR] LogOutputStream:75 - [STDERR_REDIRECT] SLF4J: See http://www.slf4j.org/codes.html#StaticLoggerBinder for further details.
