2024-02-12 14:58:27,140 [ERROR] LogOutputStream:75 - [STDERR_REDIRECT] 
2024-02-12 18:57:37,195 [INFO] Activator:176 - 


2024-02-12 18:57:37,197 [INFO] Activator:177 - !SESSION log4j initialized
2024-02-12 18:57:40,972 [ERROR] LogOutputStream:75 - [STDERR_REDIRECT] 
2024-02-12 18:57:41,633 [INFO] LogOutputStream:77 - [STDOUT_REDIRECT] 
2024-02-12 18:57:43,043 [INFO] LogOutputStream:77 - [STDOUT_REDIRECT] 
2024-02-12 18:57:43,746 [INFO] ApplicationProperties:184 - Using Application install path: /Applications/STM32CubeIDE.app/Contents/Eclipse/plugins/com.st.stm32cube.common.mx_6.10.0.202311202037
2024-02-12 18:57:43,759 [INFO] DbMcusXml:78 - Set database path to: /Applications/STM32CubeIDE.app/Contents/Eclipse/plugins/com.st.stm32cube.common.mx_6.10.0.202311202037//db//mcu/
2024-02-12 18:57:43,759 [INFO] ApiDb:274 - Set plugin database path to: /Applications/STM32CubeIDE.app/Contents/Eclipse/plugins/com.st.stm32cube.common.mx_6.10.0.202311202037//db//plugins/boardmanager/
2024-02-12 18:57:43,760 [WARN] ApiDb:259 - Overriding images path with different value:  => /Applications/STM32CubeIDE.app/Contents/Eclipse/plugins/com.st.stm32cube.common.mx_6.10.0.202311202037//db//plugins/mcufinder/images/
2024-02-12 18:57:43,765 [INFO] ApiDb:250 - Set database path to: /Users/welcome/.stmcufinder/plugins/mcufinder//mcu/
2024-02-12 18:57:43,765 [INFO] DbMcusAds:125 - Set database path to: /Users/welcome/.stmcufinder/plugins/mcufinder//mcu/
2024-02-12 18:57:43,768 [INFO] CrossReferenceDbSqlite:203 - Set database path to: /Users/welcome/.stmcufinder/plugins/mcufinder//mcu/cs/
2024-02-12 18:57:43,854 [INFO] RulesReader:64 - Compatibility file has been processed (297 Rules)
2024-02-12 18:57:43,909 [INFO] DbMcusXml:78 - Set database path to: /Applications/STM32CubeIDE.app/Contents/Eclipse/plugins/com.st.stm32cube.common.mx_6.10.0.202311202037//db//mcu/
2024-02-12 18:57:43,910 [INFO] ApiDb:274 - Set plugin database path to: /Applications/STM32CubeIDE.app/Contents/Eclipse/plugins/com.st.stm32cube.common.mx_6.10.0.202311202037//db//plugins/boardmanager/
2024-02-12 18:57:43,910 [INFO] ApiDb:261 - Set plugin images path to: /Applications/STM32CubeIDE.app/Contents/Eclipse/plugins/com.st.stm32cube.common.mx_6.10.0.202311202037//db//plugins/mcufinder/images/
2024-02-12 18:57:43,910 [WARN] DbFile:41 - Overriding database path with different value: /Users/welcome/.stmcufinder/plugins/mcufinder/ => /Users/welcome/.stmcufinder/plugins/mcufinder
2024-02-12 18:57:43,910 [INFO] ApiDb:250 - Set database path to: /Users/welcome/.stmcufinder/plugins/mcufinder//mcu/
2024-02-12 18:57:43,910 [WARN] DbFile:41 - Overriding database path with different value: /Users/welcome/.stmcufinder/plugins/mcufinder/ => /Users/welcome/.stmcufinder/plugins/mcufinder
2024-02-12 18:57:43,910 [INFO] DbMcusAds:125 - Set database path to: /Users/welcome/.stmcufinder/plugins/mcufinder//mcu/
2024-02-12 18:57:43,911 [WARN] DbFile:41 - Overriding database path with different value: /Users/welcome/.stmcufinder/plugins/mcufinder/ => /Users/welcome/.stmcufinder/plugins/mcufinder
2024-02-12 18:57:43,911 [WARN] DbFile:41 - Overriding database path with different value: /Users/welcome/.stmcufinder/plugins/mcufinder/ => /Users/welcome/.stmcufinder/plugins/mcufinder
2024-02-12 18:57:43,911 [INFO] CrossReferenceDbSqlite:203 - Set database path to: /Users/welcome/.stmcufinder/plugins/mcufinder//mcu/cs/
2024-02-12 18:57:43,980 [INFO] MainPanel:264 - HeapMemory: 300941312
2024-02-12 18:57:44,093 [INFO] DbMcusXml:78 - Set database path to: /Applications/STM32CubeIDE.app/Contents/Eclipse/plugins/com.st.stm32cube.common.mx_6.10.0.202311202037//db//mcu/
2024-02-12 18:57:44,093 [INFO] ApiDb:274 - Set plugin database path to: /Applications/STM32CubeIDE.app/Contents/Eclipse/plugins/com.st.stm32cube.common.mx_6.10.0.202311202037//db//plugins/boardmanager/
2024-02-12 18:57:44,093 [INFO] ApiDb:261 - Set plugin images path to: /Applications/STM32CubeIDE.app/Contents/Eclipse/plugins/com.st.stm32cube.common.mx_6.10.0.202311202037//db//plugins/mcufinder/images/
2024-02-12 18:57:44,093 [WARN] DbFile:41 - Overriding database path with different value: /Users/welcome/.stmcufinder/plugins/mcufinder/ => /Users/welcome/.stmcufinder/plugins/mcufinder
2024-02-12 18:57:44,093 [INFO] ApiDb:250 - Set database path to: /Users/welcome/.stmcufinder/plugins/mcufinder//mcu/
2024-02-12 18:57:44,094 [WARN] DbFile:41 - Overriding database path with different value: /Users/welcome/.stmcufinder/plugins/mcufinder/ => /Users/welcome/.stmcufinder/plugins/mcufinder
2024-02-12 18:57:44,094 [INFO] DbMcusAds:125 - Set database path to: /Users/welcome/.stmcufinder/plugins/mcufinder//mcu/
2024-02-12 18:57:44,094 [WARN] DbFile:41 - Overriding database path with different value: /Users/welcome/.stmcufinder/plugins/mcufinder/ => /Users/welcome/.stmcufinder/plugins/mcufinder
2024-02-12 18:57:44,094 [WARN] DbFile:41 - Overriding database path with different value: /Users/welcome/.stmcufinder/plugins/mcufinder/ => /Users/welcome/.stmcufinder/plugins/mcufinder
2024-02-12 18:57:44,094 [INFO] CrossReferenceDbSqlite:203 - Set database path to: /Users/welcome/.stmcufinder/plugins/mcufinder//mcu/cs/
2024-02-12 18:57:44,110 [INFO] ApplicationProperties:184 - Using Application install path: /Applications/STM32CubeIDE.app/Contents/Eclipse/plugins/com.st.stm32cube.common.mx_6.10.0.202311202037
2024-02-12 18:57:44,111 [INFO] PluginManage:196 - Search for loadable plugins [exclusion list=, ]
2024-02-12 18:57:44,112 [INFO] PluginManage:310 - Check plugin analytics
2024-02-12 18:57:44,264 [INFO] AnalyticsPlugin:253 - Accepted Software Licenses: 
2024-02-12 18:57:44,264 [INFO] AnalyticsPlugin:255 - Accepted CMSIS Pack Licenses: 
2024-02-12 18:57:44,264 [INFO] AnalyticsPlugin:257 - Accepted Firmware Licenses: FW.F4.1.27.0
2024-02-12 18:57:44,268 [INFO] PluginManage:359 - Loaded plugin analytics (category:tool,tabindex:-1)
2024-02-12 18:57:44,268 [INFO] PluginManage:310 - Check plugin cadmodel
2024-02-12 18:57:44,580 [INFO] CADModel:105 - Init CAD model plugin
2024-02-12 18:57:44,580 [INFO] PluginManage:359 - Loaded plugin cadmodel (category:power,tabindex:5)
2024-02-12 18:57:44,580 [INFO] PluginManage:310 - Check plugin clock
2024-02-12 18:57:44,588 [INFO] PluginManage:359 - Loaded plugin clock (category:base,tabindex:2)
2024-02-12 18:57:44,588 [INFO] PluginManage:310 - Check plugin ddr
2024-02-12 18:57:44,590 [INFO] PluginManage:359 - Loaded plugin ddr (category:tool,tabindex:6)
2024-02-12 18:57:44,590 [INFO] PluginManage:310 - Check plugin filemanager
2024-02-12 18:57:44,688 [INFO] PluginManage:359 - Loaded plugin filemanager (category:base,tabindex:10)
2024-02-12 18:57:44,688 [INFO] PluginManage:310 - Check plugin ipmanager
2024-02-12 18:57:44,693 [INFO] PluginManage:359 - Loaded plugin ipmanager (category:base,tabindex:5)
2024-02-12 18:57:44,693 [INFO] PluginManage:310 - Check plugin lpbam
2024-02-12 18:57:44,699 [INFO] PluginManage:359 - Loaded plugin lpbam (category:base,tabindex:0)
2024-02-12 18:57:44,699 [INFO] PluginManage:310 - Check plugin memorymap
2024-02-12 18:57:44,709 [INFO] PluginManage:359 - Loaded plugin memorymap (category:base,tabindex:4)
2024-02-12 18:57:44,709 [INFO] PluginManage:310 - Check plugin pinoutandconfiguration
2024-02-12 18:57:44,714 [INFO] PluginManage:359 - Loaded plugin pinoutandconfiguration (category:base,tabindex:1)
2024-02-12 18:57:44,714 [INFO] PluginManage:310 - Check plugin pinoutconfig
2024-02-12 18:57:44,782 [WARN] SupportedApi:132 - Cannot load RTOS API schema: s4s-elt-must-match.1: The content of 'definitions' must match (annotation?, (simpleType | complexType)?, (unique | key | keyref)*)). A problem was found starting at: attribute.
2024-02-12 18:57:44,881 [INFO] PluginManage:359 - Loaded plugin pinoutconfig (category:base,tabindex:0)
2024-02-12 18:57:44,881 [INFO] PluginManage:310 - Check plugin power
2024-02-12 18:57:44,892 [INFO] PluginManage:359 - Loaded plugin power (category:power,tabindex:4)
2024-02-12 18:57:44,892 [INFO] PluginManage:310 - Check plugin projectmanager
2024-02-12 18:57:44,906 [INFO] PluginManage:359 - Loaded plugin projectmanager (category:projectmanager,tabindex:3)
2024-02-12 18:57:44,906 [INFO] PluginManage:310 - Check plugin thirdparty
2024-02-12 18:57:45,004 [INFO] PluginManage:359 - Loaded plugin thirdparty (category:base,tabindex:-1)
2024-02-12 18:57:45,004 [WARN] IntegrityCheckThread:84 - waiting for thirdparty lock release [integrity check]
2024-02-12 18:57:45,005 [INFO] PluginManage:310 - Check plugin tools
2024-02-12 18:57:45,005 [INFO] IntegrityCheckThread:86 - entering critical section [integrity check]
2024-02-12 18:57:45,005 [INFO] ThirdPartyUpdaterWithRetryManager:70 - Updater plugin not ready yet. [1/15]
2024-02-12 18:57:45,006 [INFO] PluginManage:359 - Loaded plugin tools (category:base,tabindex:7)
2024-02-12 18:57:45,007 [INFO] PluginManage:310 - Check plugin tutovideos
2024-02-12 18:57:45,130 [INFO] PluginManage:359 - Loaded plugin tutovideos (category:base,tabindex:-1)
2024-02-12 18:57:45,130 [INFO] PluginManage:310 - Check plugin updater
2024-02-12 18:57:45,138 [INFO] PluginManage:359 - Loaded plugin updater (category:base,tabindex:12)
2024-02-12 18:57:45,139 [INFO] PluginManage:310 - Check plugin userauth
2024-02-12 18:57:45,142 [INFO] UserAuth:114 - Init User Auth plugin
2024-02-12 18:57:45,143 [INFO] PluginManage:359 - Loaded plugin userauth (category:base,tabindex:14)
2024-02-12 18:57:45,143 [INFO] PluginManage:283 - PluginManage : Loaded plugins [17]
2024-02-12 18:57:45,287 [INFO] PinOutPanel:1499 - setPackage(No Configuration,No Configuration)
2024-02-12 18:57:45,341 [INFO] CADModel:165 - CPN selected for project level
2024-02-12 18:57:45,341 [INFO] CADModel:114 - Register for checkConnection events
2024-02-12 18:57:45,351 [INFO] IPUIPlugin:80 - create IPUIPlugin
2024-02-12 18:57:45,351 [INFO] PluginManager:220 - loadIPPluginJar : add mdma
2024-02-12 18:57:45,357 [INFO] IPUIPlugin:80 - create IPUIPlugin
2024-02-12 18:57:45,357 [INFO] PluginManager:220 - loadIPPluginJar : add freertos
2024-02-12 18:57:45,361 [INFO] IPUIPlugin:80 - create IPUIPlugin
2024-02-12 18:57:45,361 [INFO] PluginManager:220 - loadIPPluginJar : add gic
2024-02-12 18:57:45,367 [INFO] IPUIPlugin:80 - create IPUIPlugin
2024-02-12 18:57:45,367 [INFO] PluginManager:220 - loadIPPluginJar : add adc
2024-02-12 18:57:45,369 [INFO] IPUIPlugin:80 - create IPUIPlugin
2024-02-12 18:57:45,369 [INFO] PluginManager:220 - loadIPPluginJar : add gtzc
2024-02-12 18:57:45,370 [INFO] IPUIPlugin:80 - create IPUIPlugin
2024-02-12 18:57:45,370 [INFO] PluginManager:220 - loadIPPluginJar : add quadspi
2024-02-12 18:57:45,372 [INFO] IPUIPlugin:80 - create IPUIPlugin
2024-02-12 18:57:45,372 [INFO] PluginManager:220 - loadIPPluginJar : add aes
2024-02-12 18:57:45,374 [INFO] IPUIPlugin:80 - create IPUIPlugin
2024-02-12 18:57:45,374 [INFO] PluginManager:220 - loadIPPluginJar : add pdm2pcm
2024-02-12 18:57:45,375 [INFO] IPUIPlugin:80 - create IPUIPlugin
2024-02-12 18:57:45,375 [INFO] PluginManager:220 - loadIPPluginJar : add hash
2024-02-12 18:57:45,376 [INFO] IPUIPlugin:80 - create IPUIPlugin
2024-02-12 18:57:45,376 [INFO] PluginManager:220 - loadIPPluginJar : add tim
2024-02-12 18:57:45,377 [INFO] IPUIPlugin:80 - create IPUIPlugin
2024-02-12 18:57:45,377 [INFO] PluginManager:220 - loadIPPluginJar : add tsc
2024-02-12 18:57:45,378 [INFO] IPUIPlugin:80 - create IPUIPlugin
2024-02-12 18:57:45,378 [INFO] PluginManager:220 - loadIPPluginJar : add ts
2024-02-12 18:57:45,380 [INFO] IPUIPlugin:80 - create IPUIPlugin
2024-02-12 18:57:45,380 [INFO] PluginManager:220 - loadIPPluginJar : add can
2024-02-12 18:57:45,382 [INFO] IPUIPlugin:80 - create IPUIPlugin
2024-02-12 18:57:45,382 [INFO] PluginManager:220 - loadIPPluginJar : add dma3
2024-02-12 18:57:45,383 [INFO] IPUIPlugin:80 - create IPUIPlugin
2024-02-12 18:57:45,383 [INFO] PluginManager:220 - loadIPPluginJar : add dfsdm
2024-02-12 18:57:45,385 [INFO] IPUIPlugin:80 - create IPUIPlugin
2024-02-12 18:57:45,385 [INFO] PluginManager:220 - loadIPPluginJar : add spi
2024-02-12 18:57:45,386 [INFO] IPUIPlugin:80 - create IPUIPlugin
2024-02-12 18:57:45,386 [INFO] PluginManager:220 - loadIPPluginJar : add gfxmmu
2024-02-12 18:57:45,387 [INFO] IPUIPlugin:80 - create IPUIPlugin
2024-02-12 18:57:45,387 [INFO] PluginManager:220 - loadIPPluginJar : add genericplugin
2024-02-12 18:57:45,388 [INFO] IPUIPlugin:80 - create IPUIPlugin
2024-02-12 18:57:45,388 [INFO] PluginManager:220 - loadIPPluginJar : add cryp
2024-02-12 18:57:45,391 [INFO] IPUIPlugin:80 - create IPUIPlugin
2024-02-12 18:57:45,391 [INFO] PluginManager:220 - loadIPPluginJar : add gpio
2024-02-12 18:57:45,392 [INFO] IPUIPlugin:80 - create IPUIPlugin
2024-02-12 18:57:45,392 [INFO] PluginManager:220 - loadIPPluginJar : add comp
2024-02-12 18:57:45,393 [INFO] IPUIPlugin:80 - create IPUIPlugin
2024-02-12 18:57:45,393 [INFO] PluginManager:220 - loadIPPluginJar : add tracer_emb
2024-02-12 18:57:45,395 [INFO] IPUIPlugin:80 - create IPUIPlugin
2024-02-12 18:57:45,396 [INFO] PluginManager:220 - loadIPPluginJar : add openamp
2024-02-12 18:57:45,399 [INFO] IPUIPlugin:80 - create IPUIPlugin
2024-02-12 18:57:45,399 [INFO] PluginManager:220 - loadIPPluginJar : add stm32_wpan
2024-02-12 18:57:45,403 [INFO] IPUIPlugin:80 - create IPUIPlugin
2024-02-12 18:57:45,405 [INFO] PluginManager:220 - loadIPPluginJar : add plateformsettings
2024-02-12 18:57:45,408 [INFO] IPUIPlugin:80 - create IPUIPlugin
2024-02-12 18:57:45,408 [INFO] PluginManager:220 - loadIPPluginJar : add ipddr
2024-02-12 18:57:45,410 [INFO] IPUIPlugin:80 - create IPUIPlugin
2024-02-12 18:57:45,410 [INFO] PluginManager:220 - loadIPPluginJar : add usart
2024-02-12 18:57:45,411 [INFO] IPUIPlugin:80 - create IPUIPlugin
2024-02-12 18:57:45,411 [INFO] PluginManager:220 - loadIPPluginJar : add ltdc
2024-02-12 18:57:45,413 [INFO] IPUIPlugin:80 - create IPUIPlugin
2024-02-12 18:57:45,413 [INFO] PluginManager:220 - loadIPPluginJar : add nvic
2024-02-12 18:57:45,414 [INFO] IPUIPlugin:80 - create IPUIPlugin
2024-02-12 18:57:45,414 [INFO] PluginManager:220 - loadIPPluginJar : add fatfs
2024-02-12 18:57:45,419 [INFO] IPUIPlugin:80 - create IPUIPlugin
2024-02-12 18:57:45,419 [INFO] PluginManager:220 - loadIPPluginJar : add linkedlist
2024-02-12 18:57:45,422 [INFO] IPUIPlugin:80 - create IPUIPlugin
2024-02-12 18:57:45,423 [INFO] PluginManager:220 - loadIPPluginJar : add dma
2024-02-12 18:57:45,425 [INFO] IPUIPlugin:80 - create IPUIPlugin
2024-02-12 18:57:45,425 [INFO] PluginManager:220 - loadIPPluginJar : add fmc
2024-02-12 18:57:45,427 [INFO] IPUIPlugin:80 - create IPUIPlugin
2024-02-12 18:57:45,427 [INFO] PluginManager:220 - loadIPPluginJar : add i2s
2024-02-12 18:57:45,428 [INFO] IPUIPlugin:80 - create IPUIPlugin
2024-02-12 18:57:45,428 [INFO] PluginManager:220 - loadIPPluginJar : add ucpd
2024-02-12 18:57:45,429 [INFO] IPUIPlugin:80 - create IPUIPlugin
2024-02-12 18:57:45,429 [INFO] PluginManager:220 - loadIPPluginJar : add lorawan
2024-02-12 18:57:45,431 [INFO] IPUIPlugin:80 - create IPUIPlugin
2024-02-12 18:57:45,431 [INFO] PluginManager:220 - loadIPPluginJar : add opamp
2024-02-12 18:57:45,433 [INFO] IPUIPlugin:80 - create IPUIPlugin
2024-02-12 18:57:45,433 [INFO] PluginManager:220 - loadIPPluginJar : add i3c
2024-02-12 18:57:45,434 [INFO] IPUIPlugin:80 - create IPUIPlugin
2024-02-12 18:57:45,434 [INFO] PluginManager:220 - loadIPPluginJar : add touchsensing
2024-02-12 18:57:45,436 [INFO] IPUIPlugin:80 - create IPUIPlugin
2024-02-12 18:57:45,436 [INFO] PluginManager:220 - loadIPPluginJar : add i2c
2024-02-12 18:57:45,438 [INFO] IPUIPlugin:80 - create IPUIPlugin
2024-02-12 18:57:45,438 [INFO] PluginManager:220 - loadIPPluginJar : add resmgrutility
2024-02-12 18:57:45,440 [INFO] IPUIPlugin:80 - create IPUIPlugin
2024-02-12 18:57:45,440 [INFO] PluginManager:220 - loadIPPluginJar : add sai
2024-02-12 18:57:45,442 [INFO] IPUIPlugin:80 - create IPUIPlugin
2024-02-12 18:57:45,442 [INFO] PluginManager:220 - loadIPPluginJar : add usbx
2024-02-12 18:57:45,538 [INFO] CADModel:165 - CPN selected for project level
2024-02-12 18:57:45,538 [INFO] CADModel:114 - Register for checkConnection events
2024-02-12 18:57:45,538 [FATAL] Updater:308 - Updater called before beeing initialized
2024-02-12 18:57:45,538 [ERROR] CADModel:125 - Updater not yet initialized, retry later 
2024-02-12 18:57:45,684 [INFO] CADModel:165 - CPN selected for project level
2024-02-12 18:57:45,684 [INFO] CADModel:114 - Register for checkConnection events
2024-02-12 18:57:45,684 [FATAL] Updater:308 - Updater called before beeing initialized
2024-02-12 18:57:45,684 [ERROR] CADModel:125 - Updater not yet initialized, retry later 
2024-02-12 18:57:45,687 [FATAL] Updater:308 - Updater called before beeing initialized
2024-02-12 18:57:45,765 [FATAL] Updater:308 - Updater called before beeing initialized
2024-02-12 18:57:45,769 [INFO] DbMcusAds:53 - JSON generation date=Wed Nov 29 18:52:27 SGT 2023 (1701255147200)
2024-02-12 18:57:45,769 [FATAL] Updater:308 - Updater called before beeing initialized
2024-02-12 18:57:45,832 [WARN] DetailPanel:346 - Failed to get advertising image, set to default
2024-02-12 18:57:45,900 [FATAL] Updater:308 - Updater called before beeing initialized
2024-02-12 18:57:45,901 [FATAL] Updater:308 - Updater called before beeing initialized
2024-02-12 18:57:45,901 [FATAL] Updater:308 - Updater called before beeing initialized
2024-02-12 18:57:45,901 [WARN] DetailPanel:346 - Failed to get advertising image, set to default
2024-02-12 18:57:45,902 [FATAL] Updater:308 - Updater called before beeing initialized
2024-02-12 18:57:45,930 [ERROR] Updater:1120 - MainUpdater not yet initialized. External WinMGr cannot be set.
2024-02-12 18:57:45,947 [INFO] Updater:1056 - Updater Version found : 6.10.0
2024-02-12 18:57:45,965 [INFO] ApplicationProperties:184 - Using Application install path: /Applications/STM32CubeIDE.app/Contents/Eclipse/plugins/com.st.stm32cube.common.mx_6.10.0.202311202037
2024-02-12 18:57:46,286 [INFO] MainUpdater:2873 - connection check result : 10
2024-02-12 18:57:46,287 [INFO] MainUpdater:290 - Updater Check For Update Now.
2024-02-12 18:57:46,287 [INFO] MicroXplorer:498 - Change Database Version : DB.6.0.100
2024-02-12 18:57:46,291 [INFO] McuFinderGlobals:63 - Set McuFinder mode to 2 (CubeIDE integrated)
2024-02-12 18:57:46,298 [INFO] UserAuth:404 - Internet connection configuration mode: 1
2024-02-12 18:57:46,315 [INFO] JxBrowserEngine:152 - Initiate JxBrowser Engine with user profile folder
2024-02-12 18:57:46,473 [INFO] CheckServerUpdateThread:120 - End of CheckServer Thread
2024-02-12 18:57:47,653 [INFO] WebApp:161 - Instantiating new browser for Auth
2024-02-12 18:57:48,509 [INFO] WebApp:780 - Register for checkConnection events
2024-02-12 18:57:48,527 [INFO] WebApp:414 - Apply proxy settings
2024-02-12 18:57:48,531 [INFO] WebApp:459 - Chromium authenticates against Manually configured proxy
2024-02-12 18:57:48,553 [INFO] WebApp:467 - Username used for proxy authentication: 
2024-02-12 18:57:48,736 [INFO] WebApp:192 - Starting web application
2024-02-12 18:57:48,736 [INFO] WebApp:544 - Web application path used /Applications/STM32CubeIDE.app/Contents/Eclipse/plugins/com.st.stm32cube.common.mx_6.10.0.202311202037/db/plugins/mcufinder/reactClient1/index.html
2024-02-12 18:57:48,789 [WARN] PackLoader:240 - Cannot read IP mode file for STMicroelectronics.X-CUBE-SMBUS.2.1.0
2024-02-12 18:57:48,794 [WARN] PackLoader:240 - Cannot read IP mode file for STMicroelectronics.X-CUBE-TOUCHGFX.4.23.0
2024-02-12 18:57:48,827 [WARN] PackLoader:240 - Cannot read IP mode file for STMicroelectronics.X-CUBE-AZRTOS-F7.1.1.0
2024-02-12 18:57:48,840 [WARN] PackLoader:240 - Cannot read IP mode file for STMicroelectronics.FP-SNS-MOTENV1.4.3.2
2024-02-12 18:57:48,852 [WARN] PackLoader:240 - Cannot read IP mode file for STMicroelectronics.X-CUBE-BLE1.6.2.4
2024-02-12 18:57:48,872 [WARN] PackLoader:240 - Cannot read IP mode file for STMicroelectronics.X-CUBE-BLE1.6.2.1
2024-02-12 18:57:48,909 [WARN] PackLoader:240 - Cannot read IP mode file for STMicroelectronics.X-CUBE-BLE2.3.2.1
2024-02-12 18:57:48,931 [WARN] PackLoader:240 - Cannot read IP mode file for STMicroelectronics.FP-SNS-FLIGHT1.5.0.2
2024-02-12 18:57:48,937 [WARN] PackLoader:240 - Cannot read IP mode file for STMicroelectronics.X-CUBE-DISPLAY.3.0.0
2024-02-12 18:57:48,946 [WARN] PackLoader:240 - Cannot read IP mode file for STMicroelectronics.X-CUBE-BLE1.7.0.0
2024-02-12 18:57:48,954 [WARN] PackLoader:240 - Cannot read IP mode file for STMicroelectronics.X-CUBE-SUBG2.4.2.0
2024-02-12 18:57:48,974 [WARN] PackLoader:240 - Cannot read IP mode file for STMicroelectronics.X-CUBE-AZRTOS-H7.1.0.0
2024-02-12 18:57:48,982 [WARN] PackLoader:240 - Cannot read IP mode file for STMicroelectronics.FP-SNS-SMARTAG2.1.2.0
2024-02-12 18:57:48,991 [INFO] LogOutputStream:77 - [STDOUT_REDIRECT] 1 : Invalid condition id : UX_CORESTACK_Condition cause : null
2024-02-12 18:57:48,992 [INFO] LogOutputStream:77 - [STDOUT_REDIRECT] 1 : Invalid condition id : UX_CORESTACK_Condition cause : null
2024-02-12 18:57:48,992 [INFO] LogOutputStream:77 - [STDOUT_REDIRECT] 1 : Invalid condition id : UX_CORESTACK_Condition cause : null
2024-02-12 18:57:48,993 [INFO] LogOutputStream:77 - [STDOUT_REDIRECT] 1 : Invalid condition id : UX_CORESTACK_Condition cause : null
2024-02-12 18:57:48,993 [INFO] LogOutputStream:77 - [STDOUT_REDIRECT] 1 : Invalid condition id : UX_CORESTACK_Condition cause : null
2024-02-12 18:57:48,996 [WARN] PackLoader:240 - Cannot read IP mode file for STMicroelectronics.X-CUBE-AZRTOS-WL.2.0.0
2024-02-12 18:57:49,002 [WARN] PackLoader:240 - Cannot read IP mode file for STMicroelectronics.X-CUBE-ALGOBUILD.1.2.1
2024-02-12 18:57:49,008 [WARN] PackLoader:240 - Cannot read IP mode file for WES.I-CUBE-Cesium.1.3.0
2024-02-12 18:57:49,013 [WARN] PackLoader:240 - Cannot read IP mode file for STMicroelectronics.X-CUBE-DISPLAY.2.2.0
2024-02-12 18:57:49,022 [WARN] PackLoader:240 - Cannot read IP mode file for STMicroelectronics.X-CUBE-TOF1.3.2.0
2024-02-12 18:57:49,030 [WARN] PackLoader:240 - Cannot read IP mode file for STMicroelectronics.X-CUBE-TOUCHGFX.4.21.1
2024-02-12 18:57:49,033 [WARN] PackLoader:240 - Cannot read IP mode file for STMicroelectronics.X-CUBE-TOUCHGFX.4.21.0
2024-02-12 18:57:49,065 [WARN] PackLoader:240 - Cannot read IP mode file for STMicroelectronics.X-CUBE-MEMS1.9.4.0
2024-02-12 18:57:49,192 [WARN] PackLoader:240 - Cannot read IP mode file for STMicroelectronics.X-CUBE-AI.7.3.0
2024-02-12 18:57:49,205 [WARN] PackLoader:240 - Cannot read IP mode file for STMicroelectronics.X-CUBE-AZRTOS-G0.1.1.0
2024-02-12 18:57:49,212 [WARN] PackLoader:240 - Cannot read IP mode file for STMicroelectronics.X-CUBE-NFC4.3.0.0
2024-02-12 18:57:49,241 [WARN] PackLoader:240 - Cannot read IP mode file for SEGGER.I-CUBE-embOS.1.2.0
2024-02-12 18:57:49,281 [WARN] PackLoader:240 - Cannot read IP mode file for STMicroelectronics.X-CUBE-TOUCHGFX.4.17.0
2024-02-12 18:57:49,288 [WARN] PackLoader:240 - Cannot read IP mode file for STMicroelectronics.X-CUBE-BLEMGR.3.0.0
2024-02-12 18:57:49,297 [WARN] PackLoader:240 - Cannot read IP mode file for STMicroelectronics.X-CUBE-BLEMGR.1.3.0
2024-02-12 18:57:49,304 [WARN] PackLoader:240 - Cannot read IP mode file for STMicroelectronics.X-CUBE-EEPRMA1.5.1.0
2024-02-12 18:57:49,365 [WARN] PackLoader:240 - Cannot read IP mode file for STMicroelectronics.X-CUBE-MEMS1.9.5.0
2024-02-12 18:57:49,561 [WARN] PackLoader:240 - Cannot read IP mode file for SEGGER.I-CUBE-embOS.1.3.1
2024-02-12 18:57:49,616 [WARN] PackLoader:240 - Cannot read IP mode file for STMicroelectronics.X-CUBE-AZRTOS-F4.1.1.0
2024-02-12 18:57:49,638 [WARN] PackLoader:240 - Cannot read IP mode file for STMicroelectronics.X-CUBE-AZRTOS-L5.2.0.0
2024-02-12 18:57:49,648 [WARN] PackLoader:240 - Cannot read IP mode file for STMicroelectronics.X-CUBE-EEPRMA1.4.2.0
2024-02-12 18:57:49,654 [WARN] PackLoader:240 - Cannot read IP mode file for ITTIA_DB.I-CUBE-ITTIADB.8.8.0
2024-02-12 18:57:49,662 [WARN] PackLoader:240 - Cannot read IP mode file for emotas.I-CUBE-CANOPEN.1.1.3
2024-02-12 18:57:49,668 [WARN] PackLoader:240 - Cannot read IP mode file for STMicroelectronics.X-CUBE-NFC4.2.0.5
2024-02-12 18:57:49,678 [WARN] PackLoader:240 - Cannot read IP mode file for STMicroelectronics.X-CUBE-NFC4.2.0.3
2024-02-12 18:57:49,686 [WARN] PackLoader:240 - Cannot read IP mode file for wolfSSL.I-CUBE-wolfSSL.4.8.0
2024-02-12 18:57:49,694 [WARN] PackLoader:240 - Cannot read IP mode file for STMicroelectronics.X-CUBE-SFXS2LP1.3.1.0
2024-02-12 18:57:49,702 [WARN] PackLoader:240 - Cannot read IP mode file for STMicroelectronics.X-CUBE-NFC7.1.0.1
2024-02-12 18:57:49,709 [WARN] PackLoader:240 - Cannot read IP mode file for STMicroelectronics.X-CUBE-NFC7.1.0.0
2024-02-12 18:57:49,720 [WARN] PackLoader:240 - Cannot read IP mode file for STMicroelectronics.X-CUBE-NFC6.3.0.0
2024-02-12 18:57:49,728 [WARN] PackLoader:240 - Cannot read IP mode file for STMicroelectronics.X-CUBE-EEPRMA1.4.1.0
2024-02-12 18:57:49,733 [WARN] PackLoader:240 - Cannot read IP mode file for STMicroelectronics.X-CUBE-DISPLAY.1.0.0
2024-02-12 18:57:49,737 [WARN] PackLoader:240 - Cannot read IP mode file for STMicroelectronics.X-CUBE-AI.8.1.0
2024-02-12 18:57:49,762 [WARN] ConditionMgr:438 - getConditionDescription Invalid condition id : LAN8742 Phy interface Condition cause : null
2024-02-12 18:57:49,763 [WARN] PackLoader:240 - Cannot read IP mode file for STMicroelectronics.X-CUBE-AZRTOS-L4.2.0.0
2024-02-12 18:57:49,764 [WARN] ConditionMgr:1039 - genDependencies : Invalid condition id : LAN8742 Phy interface Condition cause : null
2024-02-12 18:57:49,765 [WARN] ConditionMgr:1039 - genDependencies : Invalid condition id : LAN8742 Phy interface Condition cause : null
2024-02-12 18:57:49,766 [WARN] ConditionMgr:1039 - genDependencies : Invalid condition id : LAN8742 Phy interface Condition cause : null
2024-02-12 18:57:49,792 [WARN] PackLoader:240 - Cannot read IP mode file for STMicroelectronics.X-CUBE-AZRTOS-H7.3.0.0
2024-02-12 18:57:49,801 [WARN] PackLoader:240 - Cannot read IP mode file for STMicroelectronics.X-CUBE-ISPU.1.1.0
2024-02-12 18:57:49,809 [WARN] PackLoader:240 - Cannot read IP mode file for RoweBots.I-CUBE-UNISONRTOS.5.5.0-4
2024-02-12 18:57:49,814 [WARN] PackLoader:240 - Cannot read IP mode file for STMicroelectronics.X-CUBE-AI.8.0.0
2024-02-12 18:57:49,830 [WARN] ConditionMgr:438 - getConditionDescription Invalid condition id : UX DEVICE CLASS RTOS Condition cause : null
2024-02-12 18:57:49,830 [WARN] ConditionMgr:438 - getConditionDescription Invalid condition id : UX DEVICE CLASS RTOS Condition cause : null
2024-02-12 18:57:49,833 [WARN] PackLoader:240 - Cannot read IP mode file for STMicroelectronics.X-CUBE-AZRTOS-WB.2.0.0
2024-02-12 18:57:49,834 [WARN] ConditionMgr:1039 - genDependencies : Invalid condition id : UX DEVICE CLASS RTOS Condition cause : null
2024-02-12 18:57:49,834 [WARN] ConditionMgr:1039 - genDependencies : Invalid condition id : UX DEVICE CLASS RTOS Condition cause : null
2024-02-12 18:57:49,834 [WARN] ConditionMgr:1039 - genDependencies : Invalid condition id : UX DEVICE CLASS RTOS Condition cause : null
2024-02-12 18:57:49,835 [WARN] ConditionMgr:1039 - genDependencies : Invalid condition id : UX DEVICE CLASS RTOS Condition cause : null
2024-02-12 18:57:49,835 [WARN] ConditionMgr:1039 - genDependencies : Invalid condition id : UX DEVICE CLASS RTOS Condition cause : null
2024-02-12 18:57:49,876 [WARN] PackLoader:240 - Cannot read IP mode file for STMicroelectronics.X-CUBE-MEMS1.9.0.0
2024-02-12 18:57:49,995 [WARN] PackLoader:240 - Cannot read IP mode file for STMicroelectronics.X-CUBE-AZRTOS-L5.1.1.0
2024-02-12 18:57:50,012 [WARN] PackLoader:240 - Cannot read IP mode file for STMicroelectronics.X-CUBE-AZRTOS-G4.2.0.0
2024-02-12 18:57:50,019 [WARN] PackLoader:240 - Cannot read IP mode file for STMicroelectronics.FP-ATR-ASTRA1.1.1.1
2024-02-12 18:57:50,031 [WARN] PackLoader:240 - Cannot read IP mode file for Infineon.AIROC-Wi-Fi-Bluetooth-STM32.1.5.1
2024-02-12 18:57:50,041 [WARN] PackLoader:240 - Cannot read IP mode file for STMicroelectronics.FP-SNS-MOTENVWB1.1.3.1
2024-02-12 18:57:50,052 [WARN] PackLoader:240 - Cannot read IP mode file for STMicroelectronics.X-CUBE-AZRTOS-G4.1.0.0
2024-02-12 18:57:50,067 [WARN] PackLoader:240 - Cannot read IP mode file for STMicroelectronics.X-CUBE-AZRTOS-L4.1.0.0
2024-02-12 18:57:50,073 [WARN] PackLoader:240 - Cannot read IP mode file for STMicroelectronics.X-CUBE-ISPU.2.0.0
2024-02-12 18:57:50,104 [WARN] PackLoader:240 - Cannot read IP mode file for STMicroelectronics.X-CUBE-MEMS1.10.0.0
2024-02-12 18:57:50,186 [WARN] PackLoader:240 - Cannot read IP mode file for STMicroelectronics.X-CUBE-FREERTOS.1.1.0
2024-02-12 18:57:50,195 [WARN] PackLoader:240 - Cannot read IP mode file for STMicroelectronics.X-CUBE-AZRTOS-WL.1.0.0
2024-02-12 18:57:50,200 [WARN] PackLoader:240 - Cannot read IP mode file for STMicroelectronics.X-CUBE-TOF1.1.0.0
2024-02-12 18:57:50,204 [WARN] PackLoader:240 - Cannot read IP mode file for STMicroelectronics.X-CUBE-ALS.1.0.0
2024-02-12 18:57:50,209 [WARN] PackLoader:240 - Cannot read IP mode file for portGmbH.I-Cube-SoM-uGOAL.1.1.0
2024-02-12 18:57:50,212 [WARN] PackLoader:240 - Cannot read IP mode file for STMicroelectronics.X-CUBE-AI.7.0.0
2024-02-12 18:57:50,237 [WARN] PackLoader:240 - Cannot read IP mode file for STMicroelectronics.X-CUBE-AZRTOS-WB.1.1.0
2024-02-12 18:57:50,241 [WARN] PackLoader:240 - Cannot read IP mode file for STMicroelectronics.X-CUBE-EEPRMA1.3.1.0
2024-02-12 18:57:50,247 [WARN] PackLoader:240 - Cannot read IP mode file for STMicroelectronics.X-CUBE-GNSS1.5.2.0
2024-02-12 18:57:50,251 [WARN] PackLoader:240 - Cannot read IP mode file for STMicroelectronics.FP-ATR-ASTRA1.2.0.0
2024-02-12 18:57:50,260 [WARN] PackLoader:240 - Cannot read IP mode file for STMicroelectronics.X-CUBE-TOF1.3.4.0
2024-02-12 18:57:50,288 [WARN] PackLoader:240 - Cannot read IP mode file for STMicroelectronics.X-CUBE-AZRTOS-H7.3.2.0
2024-02-12 18:57:50,290 [INFO] ThirdParty:978 - Integrity check success = true
2024-02-12 18:57:50,291 [INFO] IntegrityCheckThread:100 - exiting critical section [integrity check]
2024-02-12 18:57:50,291 [INFO] IntegrityCheckThread:103 - End integrity checks thread
2024-02-12 18:57:50,411 [ERROR] LogOutputStream:75 - [STDERR_REDIRECT] [Fatal Error] :2:10: DOCTYPE is disallowed when the feature "http://apache.org/xml/features/disallow-doctype-decl" set to true.
2024-02-12 18:57:50,411 [ERROR] LogOutputStream:75 - [STDERR_REDIRECT] 
2024-02-12 18:58:04,023 [ERROR] LogOutputStream:75 - [STDERR_REDIRECT] SLF4J: Failed to load class "org.slf4j.impl.StaticLoggerBinder".
2024-02-12 18:58:04,024 [ERROR] LogOutputStream:75 - [STDERR_REDIRECT] SLF4J: Defaulting to no-operation (NOP) logger implementation
2024-02-12 18:58:04,024 [ERROR] LogOutputStream:75 - [STDERR_REDIRECT] SLF4J: See http://www.slf4j.org/codes.html#StaticLoggerBinder for further details.
