2024-02-11 20:38:26,586 [ERROR] LogOutputStream:75 - [STDERR_REDIRECT] 
2024-02-11 20:38:53,083 [INFO] Activator:176 - 


2024-02-11 20:38:53,084 [INFO] Activator:177 - !SESSION log4j initialized
2024-02-11 20:38:56,353 [ERROR] LogOutputStream:75 - [STDERR_REDIRECT] 
2024-02-11 20:38:56,819 [INFO] LogOutputStream:77 - [STDOUT_REDIRECT] 
2024-02-11 20:38:57,910 [INFO] LogOutputStream:77 - [STDOUT_REDIRECT] 
2024-02-11 20:38:58,864 [INFO] ApplicationProperties:184 - Using Application install path: /Applications/STM32CubeIDE.app/Contents/Eclipse/plugins/com.st.stm32cube.common.mx_6.10.0.202311202037
2024-02-11 20:38:58,874 [INFO] DbMcusXml:78 - Set database path to: /Applications/STM32CubeIDE.app/Contents/Eclipse/plugins/com.st.stm32cube.common.mx_6.10.0.202311202037//db//mcu/
2024-02-11 20:38:58,875 [INFO] ApiDb:274 - Set plugin database path to: /Applications/STM32CubeIDE.app/Contents/Eclipse/plugins/com.st.stm32cube.common.mx_6.10.0.202311202037//db//plugins/boardmanager/
2024-02-11 20:38:58,875 [WARN] ApiDb:259 - Overriding images path with different value:  => /Applications/STM32CubeIDE.app/Contents/Eclipse/plugins/com.st.stm32cube.common.mx_6.10.0.202311202037//db//plugins/mcufinder/images/
2024-02-11 20:38:58,879 [INFO] ApiDb:250 - Set database path to: /Users/welcome/.stmcufinder/plugins/mcufinder//mcu/
2024-02-11 20:38:58,880 [INFO] DbMcusAds:125 - Set database path to: /Users/welcome/.stmcufinder/plugins/mcufinder//mcu/
2024-02-11 20:38:58,881 [INFO] CrossReferenceDbSqlite:203 - Set database path to: /Users/welcome/.stmcufinder/plugins/mcufinder//mcu/cs/
2024-02-11 20:38:58,957 [INFO] RulesReader:64 - Compatibility file has been processed (297 Rules)
2024-02-11 20:38:59,001 [INFO] DbMcusXml:78 - Set database path to: /Applications/STM32CubeIDE.app/Contents/Eclipse/plugins/com.st.stm32cube.common.mx_6.10.0.202311202037//db//mcu/
2024-02-11 20:38:59,002 [INFO] ApiDb:274 - Set plugin database path to: /Applications/STM32CubeIDE.app/Contents/Eclipse/plugins/com.st.stm32cube.common.mx_6.10.0.202311202037//db//plugins/boardmanager/
2024-02-11 20:38:59,002 [INFO] ApiDb:261 - Set plugin images path to: /Applications/STM32CubeIDE.app/Contents/Eclipse/plugins/com.st.stm32cube.common.mx_6.10.0.202311202037//db//plugins/mcufinder/images/
2024-02-11 20:38:59,002 [WARN] DbFile:41 - Overriding database path with different value: /Users/welcome/.stmcufinder/plugins/mcufinder/ => /Users/welcome/.stmcufinder/plugins/mcufinder
2024-02-11 20:38:59,002 [INFO] ApiDb:250 - Set database path to: /Users/welcome/.stmcufinder/plugins/mcufinder//mcu/
2024-02-11 20:38:59,002 [WARN] DbFile:41 - Overriding database path with different value: /Users/welcome/.stmcufinder/plugins/mcufinder/ => /Users/welcome/.stmcufinder/plugins/mcufinder
2024-02-11 20:38:59,002 [INFO] DbMcusAds:125 - Set database path to: /Users/welcome/.stmcufinder/plugins/mcufinder//mcu/
2024-02-11 20:38:59,002 [WARN] DbFile:41 - Overriding database path with different value: /Users/welcome/.stmcufinder/plugins/mcufinder/ => /Users/welcome/.stmcufinder/plugins/mcufinder
2024-02-11 20:38:59,003 [WARN] DbFile:41 - Overriding database path with different value: /Users/welcome/.stmcufinder/plugins/mcufinder/ => /Users/welcome/.stmcufinder/plugins/mcufinder
2024-02-11 20:38:59,003 [INFO] CrossReferenceDbSqlite:203 - Set database path to: /Users/welcome/.stmcufinder/plugins/mcufinder//mcu/cs/
2024-02-11 20:38:59,059 [INFO] MainPanel:264 - HeapMemory: 268435456
2024-02-11 20:38:59,128 [INFO] DbMcusXml:78 - Set database path to: /Applications/STM32CubeIDE.app/Contents/Eclipse/plugins/com.st.stm32cube.common.mx_6.10.0.202311202037//db//mcu/
2024-02-11 20:38:59,128 [INFO] ApiDb:274 - Set plugin database path to: /Applications/STM32CubeIDE.app/Contents/Eclipse/plugins/com.st.stm32cube.common.mx_6.10.0.202311202037//db//plugins/boardmanager/
2024-02-11 20:38:59,128 [INFO] ApiDb:261 - Set plugin images path to: /Applications/STM32CubeIDE.app/Contents/Eclipse/plugins/com.st.stm32cube.common.mx_6.10.0.202311202037//db//plugins/mcufinder/images/
2024-02-11 20:38:59,128 [WARN] DbFile:41 - Overriding database path with different value: /Users/welcome/.stmcufinder/plugins/mcufinder/ => /Users/welcome/.stmcufinder/plugins/mcufinder
2024-02-11 20:38:59,128 [INFO] ApiDb:250 - Set database path to: /Users/welcome/.stmcufinder/plugins/mcufinder//mcu/
2024-02-11 20:38:59,129 [WARN] DbFile:41 - Overriding database path with different value: /Users/welcome/.stmcufinder/plugins/mcufinder/ => /Users/welcome/.stmcufinder/plugins/mcufinder
2024-02-11 20:38:59,129 [INFO] DbMcusAds:125 - Set database path to: /Users/welcome/.stmcufinder/plugins/mcufinder//mcu/
2024-02-11 20:38:59,129 [WARN] DbFile:41 - Overriding database path with different value: /Users/welcome/.stmcufinder/plugins/mcufinder/ => /Users/welcome/.stmcufinder/plugins/mcufinder
2024-02-11 20:38:59,129 [WARN] DbFile:41 - Overriding database path with different value: /Users/welcome/.stmcufinder/plugins/mcufinder/ => /Users/welcome/.stmcufinder/plugins/mcufinder
2024-02-11 20:38:59,129 [INFO] CrossReferenceDbSqlite:203 - Set database path to: /Users/welcome/.stmcufinder/plugins/mcufinder//mcu/cs/
2024-02-11 20:38:59,140 [INFO] ApplicationProperties:184 - Using Application install path: /Applications/STM32CubeIDE.app/Contents/Eclipse/plugins/com.st.stm32cube.common.mx_6.10.0.202311202037
2024-02-11 20:38:59,141 [INFO] PluginManage:196 - Search for loadable plugins [exclusion list=, ]
2024-02-11 20:38:59,142 [INFO] PluginManage:310 - Check plugin analytics
2024-02-11 20:38:59,273 [INFO] AnalyticsPlugin:253 - Accepted Software Licenses: 
2024-02-11 20:38:59,273 [INFO] AnalyticsPlugin:255 - Accepted CMSIS Pack Licenses: 
2024-02-11 20:38:59,273 [INFO] AnalyticsPlugin:257 - Accepted Firmware Licenses: FW.F4.1.27.0
2024-02-11 20:38:59,276 [INFO] PluginManage:359 - Loaded plugin analytics (category:tool,tabindex:-1)
2024-02-11 20:38:59,276 [INFO] PluginManage:310 - Check plugin cadmodel
2024-02-11 20:38:59,434 [INFO] CADModel:105 - Init CAD model plugin
2024-02-11 20:38:59,434 [INFO] PluginManage:359 - Loaded plugin cadmodel (category:power,tabindex:5)
2024-02-11 20:38:59,434 [INFO] PluginManage:310 - Check plugin clock
2024-02-11 20:38:59,441 [INFO] PluginManage:359 - Loaded plugin clock (category:base,tabindex:2)
2024-02-11 20:38:59,441 [INFO] PluginManage:310 - Check plugin ddr
2024-02-11 20:38:59,443 [INFO] PluginManage:359 - Loaded plugin ddr (category:tool,tabindex:6)
2024-02-11 20:38:59,443 [INFO] PluginManage:310 - Check plugin filemanager
2024-02-11 20:38:59,535 [INFO] PluginManage:359 - Loaded plugin filemanager (category:base,tabindex:10)
2024-02-11 20:38:59,535 [INFO] PluginManage:310 - Check plugin ipmanager
2024-02-11 20:38:59,540 [INFO] PluginManage:359 - Loaded plugin ipmanager (category:base,tabindex:5)
2024-02-11 20:38:59,540 [INFO] PluginManage:310 - Check plugin lpbam
2024-02-11 20:38:59,547 [INFO] PluginManage:359 - Loaded plugin lpbam (category:base,tabindex:0)
2024-02-11 20:38:59,547 [INFO] PluginManage:310 - Check plugin memorymap
2024-02-11 20:38:59,555 [INFO] PluginManage:359 - Loaded plugin memorymap (category:base,tabindex:4)
2024-02-11 20:38:59,555 [INFO] PluginManage:310 - Check plugin pinoutandconfiguration
2024-02-11 20:38:59,562 [INFO] PluginManage:359 - Loaded plugin pinoutandconfiguration (category:base,tabindex:1)
2024-02-11 20:38:59,562 [INFO] PluginManage:310 - Check plugin pinoutconfig
2024-02-11 20:38:59,618 [WARN] SupportedApi:132 - Cannot load RTOS API schema: s4s-elt-must-match.1: The content of 'definitions' must match (annotation?, (simpleType | complexType)?, (unique | key | keyref)*)). A problem was found starting at: attribute.
2024-02-11 20:38:59,696 [INFO] PluginManage:359 - Loaded plugin pinoutconfig (category:base,tabindex:0)
2024-02-11 20:38:59,696 [INFO] PluginManage:310 - Check plugin power
2024-02-11 20:38:59,705 [INFO] PluginManage:359 - Loaded plugin power (category:power,tabindex:4)
2024-02-11 20:38:59,705 [INFO] PluginManage:310 - Check plugin projectmanager
2024-02-11 20:38:59,720 [INFO] PluginManage:359 - Loaded plugin projectmanager (category:projectmanager,tabindex:3)
2024-02-11 20:38:59,720 [INFO] PluginManage:310 - Check plugin thirdparty
2024-02-11 20:38:59,817 [INFO] PluginManage:359 - Loaded plugin thirdparty (category:base,tabindex:-1)
2024-02-11 20:38:59,816 [WARN] IntegrityCheckThread:84 - waiting for thirdparty lock release [integrity check]
2024-02-11 20:38:59,817 [INFO] PluginManage:310 - Check plugin tools
2024-02-11 20:38:59,817 [INFO] IntegrityCheckThread:86 - entering critical section [integrity check]
2024-02-11 20:38:59,817 [INFO] ThirdPartyUpdaterWithRetryManager:70 - Updater plugin not ready yet. [1/15]
2024-02-11 20:38:59,818 [INFO] PluginManage:359 - Loaded plugin tools (category:base,tabindex:7)
2024-02-11 20:38:59,818 [INFO] PluginManage:310 - Check plugin tutovideos
2024-02-11 20:38:59,922 [INFO] PluginManage:359 - Loaded plugin tutovideos (category:base,tabindex:-1)
2024-02-11 20:38:59,922 [INFO] PluginManage:310 - Check plugin updater
2024-02-11 20:38:59,932 [INFO] PluginManage:359 - Loaded plugin updater (category:base,tabindex:12)
2024-02-11 20:38:59,932 [INFO] PluginManage:310 - Check plugin userauth
2024-02-11 20:38:59,936 [INFO] UserAuth:114 - Init User Auth plugin
2024-02-11 20:38:59,936 [INFO] PluginManage:359 - Loaded plugin userauth (category:base,tabindex:14)
2024-02-11 20:38:59,936 [INFO] PluginManage:283 - PluginManage : Loaded plugins [17]
2024-02-11 20:39:00,061 [INFO] PinOutPanel:1499 - setPackage(No Configuration,No Configuration)
2024-02-11 20:39:00,109 [INFO] CADModel:165 - CPN selected for project level
2024-02-11 20:39:00,109 [INFO] CADModel:114 - Register for checkConnection events
2024-02-11 20:39:00,119 [INFO] IPUIPlugin:80 - create IPUIPlugin
2024-02-11 20:39:00,119 [INFO] PluginManager:220 - loadIPPluginJar : add mdma
2024-02-11 20:39:00,126 [INFO] IPUIPlugin:80 - create IPUIPlugin
2024-02-11 20:39:00,126 [INFO] PluginManager:220 - loadIPPluginJar : add freertos
2024-02-11 20:39:00,130 [INFO] IPUIPlugin:80 - create IPUIPlugin
2024-02-11 20:39:00,130 [INFO] PluginManager:220 - loadIPPluginJar : add gic
2024-02-11 20:39:00,137 [INFO] IPUIPlugin:80 - create IPUIPlugin
2024-02-11 20:39:00,137 [INFO] PluginManager:220 - loadIPPluginJar : add adc
2024-02-11 20:39:00,139 [INFO] IPUIPlugin:80 - create IPUIPlugin
2024-02-11 20:39:00,139 [INFO] PluginManager:220 - loadIPPluginJar : add gtzc
2024-02-11 20:39:00,140 [INFO] IPUIPlugin:80 - create IPUIPlugin
2024-02-11 20:39:00,140 [INFO] PluginManager:220 - loadIPPluginJar : add quadspi
2024-02-11 20:39:00,142 [INFO] IPUIPlugin:80 - create IPUIPlugin
2024-02-11 20:39:00,142 [INFO] PluginManager:220 - loadIPPluginJar : add aes
2024-02-11 20:39:00,144 [INFO] IPUIPlugin:80 - create IPUIPlugin
2024-02-11 20:39:00,144 [INFO] PluginManager:220 - loadIPPluginJar : add pdm2pcm
2024-02-11 20:39:00,145 [INFO] IPUIPlugin:80 - create IPUIPlugin
2024-02-11 20:39:00,145 [INFO] PluginManager:220 - loadIPPluginJar : add hash
2024-02-11 20:39:00,147 [INFO] IPUIPlugin:80 - create IPUIPlugin
2024-02-11 20:39:00,147 [INFO] PluginManager:220 - loadIPPluginJar : add tim
2024-02-11 20:39:00,147 [INFO] IPUIPlugin:80 - create IPUIPlugin
2024-02-11 20:39:00,148 [INFO] PluginManager:220 - loadIPPluginJar : add tsc
2024-02-11 20:39:00,148 [INFO] IPUIPlugin:80 - create IPUIPlugin
2024-02-11 20:39:00,149 [INFO] PluginManager:220 - loadIPPluginJar : add ts
2024-02-11 20:39:00,150 [INFO] IPUIPlugin:80 - create IPUIPlugin
2024-02-11 20:39:00,151 [INFO] PluginManager:220 - loadIPPluginJar : add can
2024-02-11 20:39:00,152 [INFO] IPUIPlugin:80 - create IPUIPlugin
2024-02-11 20:39:00,152 [INFO] PluginManager:220 - loadIPPluginJar : add dma3
2024-02-11 20:39:00,153 [INFO] IPUIPlugin:80 - create IPUIPlugin
2024-02-11 20:39:00,153 [INFO] PluginManager:220 - loadIPPluginJar : add dfsdm
2024-02-11 20:39:00,155 [INFO] IPUIPlugin:80 - create IPUIPlugin
2024-02-11 20:39:00,155 [INFO] PluginManager:220 - loadIPPluginJar : add spi
2024-02-11 20:39:00,156 [INFO] IPUIPlugin:80 - create IPUIPlugin
2024-02-11 20:39:00,157 [INFO] PluginManager:220 - loadIPPluginJar : add gfxmmu
2024-02-11 20:39:00,157 [INFO] IPUIPlugin:80 - create IPUIPlugin
2024-02-11 20:39:00,157 [INFO] PluginManager:220 - loadIPPluginJar : add genericplugin
2024-02-11 20:39:00,158 [INFO] IPUIPlugin:80 - create IPUIPlugin
2024-02-11 20:39:00,158 [INFO] PluginManager:220 - loadIPPluginJar : add cryp
2024-02-11 20:39:00,162 [INFO] IPUIPlugin:80 - create IPUIPlugin
2024-02-11 20:39:00,162 [INFO] PluginManager:220 - loadIPPluginJar : add gpio
2024-02-11 20:39:00,162 [INFO] IPUIPlugin:80 - create IPUIPlugin
2024-02-11 20:39:00,163 [INFO] PluginManager:220 - loadIPPluginJar : add comp
2024-02-11 20:39:00,164 [INFO] IPUIPlugin:80 - create IPUIPlugin
2024-02-11 20:39:00,164 [INFO] PluginManager:220 - loadIPPluginJar : add tracer_emb
2024-02-11 20:39:00,166 [INFO] IPUIPlugin:80 - create IPUIPlugin
2024-02-11 20:39:00,166 [INFO] PluginManager:220 - loadIPPluginJar : add openamp
2024-02-11 20:39:00,170 [INFO] IPUIPlugin:80 - create IPUIPlugin
2024-02-11 20:39:00,170 [INFO] PluginManager:220 - loadIPPluginJar : add stm32_wpan
2024-02-11 20:39:00,173 [INFO] IPUIPlugin:80 - create IPUIPlugin
2024-02-11 20:39:00,175 [INFO] PluginManager:220 - loadIPPluginJar : add plateformsettings
2024-02-11 20:39:00,179 [INFO] IPUIPlugin:80 - create IPUIPlugin
2024-02-11 20:39:00,179 [INFO] PluginManager:220 - loadIPPluginJar : add ipddr
2024-02-11 20:39:00,181 [INFO] IPUIPlugin:80 - create IPUIPlugin
2024-02-11 20:39:00,181 [INFO] PluginManager:220 - loadIPPluginJar : add usart
2024-02-11 20:39:00,182 [INFO] IPUIPlugin:80 - create IPUIPlugin
2024-02-11 20:39:00,182 [INFO] PluginManager:220 - loadIPPluginJar : add ltdc
2024-02-11 20:39:00,184 [INFO] IPUIPlugin:80 - create IPUIPlugin
2024-02-11 20:39:00,184 [INFO] PluginManager:220 - loadIPPluginJar : add nvic
2024-02-11 20:39:00,185 [INFO] IPUIPlugin:80 - create IPUIPlugin
2024-02-11 20:39:00,185 [INFO] PluginManager:220 - loadIPPluginJar : add fatfs
2024-02-11 20:39:00,189 [INFO] IPUIPlugin:80 - create IPUIPlugin
2024-02-11 20:39:00,189 [INFO] PluginManager:220 - loadIPPluginJar : add linkedlist
2024-02-11 20:39:00,192 [INFO] IPUIPlugin:80 - create IPUIPlugin
2024-02-11 20:39:00,192 [INFO] PluginManager:220 - loadIPPluginJar : add dma
2024-02-11 20:39:00,195 [INFO] IPUIPlugin:80 - create IPUIPlugin
2024-02-11 20:39:00,195 [INFO] PluginManager:220 - loadIPPluginJar : add fmc
2024-02-11 20:39:00,196 [INFO] IPUIPlugin:80 - create IPUIPlugin
2024-02-11 20:39:00,196 [INFO] PluginManager:220 - loadIPPluginJar : add i2s
2024-02-11 20:39:00,197 [INFO] IPUIPlugin:80 - create IPUIPlugin
2024-02-11 20:39:00,197 [INFO] PluginManager:220 - loadIPPluginJar : add ucpd
2024-02-11 20:39:00,199 [INFO] IPUIPlugin:80 - create IPUIPlugin
2024-02-11 20:39:00,199 [INFO] PluginManager:220 - loadIPPluginJar : add lorawan
2024-02-11 20:39:00,200 [INFO] IPUIPlugin:80 - create IPUIPlugin
2024-02-11 20:39:00,200 [INFO] PluginManager:220 - loadIPPluginJar : add opamp
2024-02-11 20:39:00,202 [INFO] IPUIPlugin:80 - create IPUIPlugin
2024-02-11 20:39:00,202 [INFO] PluginManager:220 - loadIPPluginJar : add i3c
2024-02-11 20:39:00,204 [INFO] IPUIPlugin:80 - create IPUIPlugin
2024-02-11 20:39:00,204 [INFO] PluginManager:220 - loadIPPluginJar : add touchsensing
2024-02-11 20:39:00,206 [INFO] IPUIPlugin:80 - create IPUIPlugin
2024-02-11 20:39:00,206 [INFO] PluginManager:220 - loadIPPluginJar : add i2c
2024-02-11 20:39:00,209 [INFO] IPUIPlugin:80 - create IPUIPlugin
2024-02-11 20:39:00,209 [INFO] PluginManager:220 - loadIPPluginJar : add resmgrutility
2024-02-11 20:39:00,211 [INFO] IPUIPlugin:80 - create IPUIPlugin
2024-02-11 20:39:00,211 [INFO] PluginManager:220 - loadIPPluginJar : add sai
2024-02-11 20:39:00,213 [INFO] IPUIPlugin:80 - create IPUIPlugin
2024-02-11 20:39:00,214 [INFO] PluginManager:220 - loadIPPluginJar : add usbx
2024-02-11 20:39:00,314 [INFO] CADModel:165 - CPN selected for project level
2024-02-11 20:39:00,315 [INFO] CADModel:114 - Register for checkConnection events
2024-02-11 20:39:00,315 [FATAL] Updater:308 - Updater called before beeing initialized
2024-02-11 20:39:00,315 [ERROR] CADModel:125 - Updater not yet initialized, retry later 
2024-02-11 20:39:00,426 [INFO] CADModel:165 - CPN selected for project level
2024-02-11 20:39:00,426 [INFO] CADModel:114 - Register for checkConnection events
2024-02-11 20:39:00,426 [FATAL] Updater:308 - Updater called before beeing initialized
2024-02-11 20:39:00,426 [ERROR] CADModel:125 - Updater not yet initialized, retry later 
2024-02-11 20:39:00,428 [FATAL] Updater:308 - Updater called before beeing initialized
2024-02-11 20:39:00,490 [FATAL] Updater:308 - Updater called before beeing initialized
2024-02-11 20:39:00,493 [INFO] DbMcusAds:53 - JSON generation date=Wed Nov 29 18:52:27 SGT 2023 (1701255147200)
2024-02-11 20:39:00,493 [FATAL] Updater:308 - Updater called before beeing initialized
2024-02-11 20:39:00,533 [WARN] DetailPanel:346 - Failed to get advertising image, set to default
2024-02-11 20:39:00,595 [FATAL] Updater:308 - Updater called before beeing initialized
2024-02-11 20:39:00,596 [FATAL] Updater:308 - Updater called before beeing initialized
2024-02-11 20:39:00,596 [FATAL] Updater:308 - Updater called before beeing initialized
2024-02-11 20:39:00,596 [WARN] DetailPanel:346 - Failed to get advertising image, set to default
2024-02-11 20:39:00,597 [FATAL] Updater:308 - Updater called before beeing initialized
2024-02-11 20:39:00,627 [ERROR] Updater:1120 - MainUpdater not yet initialized. External WinMGr cannot be set.
2024-02-11 20:39:00,648 [INFO] Updater:1056 - Updater Version found : 6.10.0
2024-02-11 20:39:00,664 [INFO] ApplicationProperties:184 - Using Application install path: /Applications/STM32CubeIDE.app/Contents/Eclipse/plugins/com.st.stm32cube.common.mx_6.10.0.202311202037
2024-02-11 20:39:01,041 [INFO] MainUpdater:2873 - connection check result : 10
2024-02-11 20:39:01,042 [INFO] MainUpdater:290 - Updater Check For Update Now.
2024-02-11 20:39:01,042 [INFO] MicroXplorer:498 - Change Database Version : DB.6.0.100
2024-02-11 20:39:01,046 [INFO] McuFinderGlobals:63 - Set McuFinder mode to 2 (CubeIDE integrated)
2024-02-11 20:39:01,051 [INFO] UserAuth:404 - Internet connection configuration mode: 1
2024-02-11 20:39:01,060 [INFO] JxBrowserEngine:152 - Initiate JxBrowser Engine with user profile folder
2024-02-11 20:39:01,219 [INFO] CheckServerUpdateThread:120 - End of CheckServer Thread
2024-02-11 20:39:01,915 [INFO] WebApp:161 - Instantiating new browser for Auth
2024-02-11 20:39:02,347 [INFO] WebApp:780 - Register for checkConnection events
2024-02-11 20:39:02,371 [INFO] WebApp:414 - Apply proxy settings
2024-02-11 20:39:02,393 [INFO] WebApp:459 - Chromium authenticates against Manually configured proxy
2024-02-11 20:39:02,415 [INFO] WebApp:467 - Username used for proxy authentication: 
2024-02-11 20:39:02,571 [INFO] WebApp:192 - Starting web application
2024-02-11 20:39:02,586 [INFO] WebApp:544 - Web application path used /Applications/STM32CubeIDE.app/Contents/Eclipse/plugins/com.st.stm32cube.common.mx_6.10.0.202311202037/db/plugins/mcufinder/reactClient1/index.html
2024-02-11 20:39:02,947 [WARN] PackLoader:240 - Cannot read IP mode file for STMicroelectronics.X-CUBE-SMBUS.2.1.0
2024-02-11 20:39:02,952 [WARN] PackLoader:240 - Cannot read IP mode file for STMicroelectronics.X-CUBE-TOUCHGFX.4.23.0
2024-02-11 20:39:02,989 [WARN] PackLoader:240 - Cannot read IP mode file for STMicroelectronics.X-CUBE-AZRTOS-F7.1.1.0
2024-02-11 20:39:03,009 [WARN] PackLoader:240 - Cannot read IP mode file for STMicroelectronics.FP-SNS-MOTENV1.4.3.2
2024-02-11 20:39:03,024 [WARN] PackLoader:240 - Cannot read IP mode file for STMicroelectronics.X-CUBE-BLE1.6.2.4
2024-02-11 20:39:03,031 [WARN] PackLoader:240 - Cannot read IP mode file for STMicroelectronics.X-CUBE-BLE1.6.2.1
2024-02-11 20:39:03,037 [WARN] PackLoader:240 - Cannot read IP mode file for STMicroelectronics.X-CUBE-BLE2.3.2.1
2024-02-11 20:39:03,042 [WARN] PackLoader:240 - Cannot read IP mode file for STMicroelectronics.FP-SNS-FLIGHT1.5.0.2
2024-02-11 20:39:03,053 [WARN] PackLoader:240 - Cannot read IP mode file for STMicroelectronics.X-CUBE-DISPLAY.3.0.0
2024-02-11 20:39:03,068 [WARN] PackLoader:240 - Cannot read IP mode file for STMicroelectronics.X-CUBE-BLE1.7.0.0
2024-02-11 20:39:03,080 [WARN] PackLoader:240 - Cannot read IP mode file for STMicroelectronics.X-CUBE-SUBG2.4.2.0
2024-02-11 20:39:03,104 [WARN] PackLoader:240 - Cannot read IP mode file for STMicroelectronics.X-CUBE-AZRTOS-H7.1.0.0
2024-02-11 20:39:03,112 [WARN] PackLoader:240 - Cannot read IP mode file for STMicroelectronics.FP-SNS-SMARTAG2.1.2.0
2024-02-11 20:39:03,121 [INFO] LogOutputStream:77 - [STDOUT_REDIRECT] 1 : Invalid condition id : UX_CORESTACK_Condition cause : null
2024-02-11 20:39:03,122 [INFO] LogOutputStream:77 - [STDOUT_REDIRECT] 1 : Invalid condition id : UX_CORESTACK_Condition cause : null
2024-02-11 20:39:03,122 [INFO] LogOutputStream:77 - [STDOUT_REDIRECT] 1 : Invalid condition id : UX_CORESTACK_Condition cause : null
2024-02-11 20:39:03,122 [INFO] LogOutputStream:77 - [STDOUT_REDIRECT] 1 : Invalid condition id : UX_CORESTACK_Condition cause : null
2024-02-11 20:39:03,123 [INFO] LogOutputStream:77 - [STDOUT_REDIRECT] 1 : Invalid condition id : UX_CORESTACK_Condition cause : null
2024-02-11 20:39:03,125 [WARN] PackLoader:240 - Cannot read IP mode file for STMicroelectronics.X-CUBE-AZRTOS-WL.2.0.0
2024-02-11 20:39:03,132 [WARN] PackLoader:240 - Cannot read IP mode file for STMicroelectronics.X-CUBE-ALGOBUILD.1.2.1
2024-02-11 20:39:03,139 [WARN] PackLoader:240 - Cannot read IP mode file for WES.I-CUBE-Cesium.1.3.0
2024-02-11 20:39:03,144 [WARN] PackLoader:240 - Cannot read IP mode file for STMicroelectronics.X-CUBE-DISPLAY.2.2.0
2024-02-11 20:39:03,155 [WARN] PackLoader:240 - Cannot read IP mode file for STMicroelectronics.X-CUBE-TOF1.3.2.0
2024-02-11 20:39:03,163 [WARN] PackLoader:240 - Cannot read IP mode file for STMicroelectronics.X-CUBE-TOUCHGFX.4.21.1
2024-02-11 20:39:03,165 [WARN] PackLoader:240 - Cannot read IP mode file for STMicroelectronics.X-CUBE-TOUCHGFX.4.21.0
2024-02-11 20:39:03,194 [WARN] PackLoader:240 - Cannot read IP mode file for STMicroelectronics.X-CUBE-MEMS1.9.4.0
2024-02-11 20:39:03,313 [WARN] PackLoader:240 - Cannot read IP mode file for STMicroelectronics.X-CUBE-AI.7.3.0
2024-02-11 20:39:03,326 [WARN] PackLoader:240 - Cannot read IP mode file for STMicroelectronics.X-CUBE-AZRTOS-G0.1.1.0
2024-02-11 20:39:03,331 [WARN] PackLoader:240 - Cannot read IP mode file for STMicroelectronics.X-CUBE-NFC4.3.0.0
2024-02-11 20:39:03,358 [WARN] PackLoader:240 - Cannot read IP mode file for SEGGER.I-CUBE-embOS.1.2.0
2024-02-11 20:39:03,391 [WARN] PackLoader:240 - Cannot read IP mode file for STMicroelectronics.X-CUBE-TOUCHGFX.4.17.0
2024-02-11 20:39:03,398 [WARN] PackLoader:240 - Cannot read IP mode file for STMicroelectronics.X-CUBE-BLEMGR.3.0.0
2024-02-11 20:39:03,404 [WARN] PackLoader:240 - Cannot read IP mode file for STMicroelectronics.X-CUBE-BLEMGR.1.3.0
2024-02-11 20:39:03,411 [WARN] PackLoader:240 - Cannot read IP mode file for STMicroelectronics.X-CUBE-EEPRMA1.5.1.0
2024-02-11 20:39:03,439 [WARN] PackLoader:240 - Cannot read IP mode file for STMicroelectronics.X-CUBE-MEMS1.9.5.0
2024-02-11 20:39:03,576 [WARN] PackLoader:240 - Cannot read IP mode file for SEGGER.I-CUBE-embOS.1.3.1
2024-02-11 20:39:03,631 [WARN] PackLoader:240 - Cannot read IP mode file for STMicroelectronics.X-CUBE-AZRTOS-F4.1.1.0
2024-02-11 20:39:03,652 [WARN] PackLoader:240 - Cannot read IP mode file for STMicroelectronics.X-CUBE-AZRTOS-L5.2.0.0
2024-02-11 20:39:03,659 [WARN] PackLoader:240 - Cannot read IP mode file for STMicroelectronics.X-CUBE-EEPRMA1.4.2.0
2024-02-11 20:39:03,664 [WARN] PackLoader:240 - Cannot read IP mode file for ITTIA_DB.I-CUBE-ITTIADB.8.8.0
2024-02-11 20:39:03,669 [WARN] PackLoader:240 - Cannot read IP mode file for emotas.I-CUBE-CANOPEN.1.1.3
2024-02-11 20:39:03,673 [WARN] PackLoader:240 - Cannot read IP mode file for STMicroelectronics.X-CUBE-NFC4.2.0.5
2024-02-11 20:39:03,678 [WARN] PackLoader:240 - Cannot read IP mode file for STMicroelectronics.X-CUBE-NFC4.2.0.3
2024-02-11 20:39:03,682 [WARN] PackLoader:240 - Cannot read IP mode file for wolfSSL.I-CUBE-wolfSSL.4.8.0
2024-02-11 20:39:03,687 [WARN] PackLoader:240 - Cannot read IP mode file for STMicroelectronics.X-CUBE-SFXS2LP1.3.1.0
2024-02-11 20:39:03,695 [WARN] PackLoader:240 - Cannot read IP mode file for STMicroelectronics.X-CUBE-NFC7.1.0.1
2024-02-11 20:39:03,699 [WARN] PackLoader:240 - Cannot read IP mode file for STMicroelectronics.X-CUBE-NFC7.1.0.0
2024-02-11 20:39:03,706 [WARN] PackLoader:240 - Cannot read IP mode file for STMicroelectronics.X-CUBE-NFC6.3.0.0
2024-02-11 20:39:03,711 [WARN] PackLoader:240 - Cannot read IP mode file for STMicroelectronics.X-CUBE-EEPRMA1.4.1.0
2024-02-11 20:39:03,714 [WARN] PackLoader:240 - Cannot read IP mode file for STMicroelectronics.X-CUBE-DISPLAY.1.0.0
2024-02-11 20:39:03,717 [WARN] PackLoader:240 - Cannot read IP mode file for STMicroelectronics.X-CUBE-AI.8.1.0
2024-02-11 20:39:03,731 [WARN] ConditionMgr:438 - getConditionDescription Invalid condition id : LAN8742 Phy interface Condition cause : null
2024-02-11 20:39:03,732 [WARN] PackLoader:240 - Cannot read IP mode file for STMicroelectronics.X-CUBE-AZRTOS-L4.2.0.0
2024-02-11 20:39:03,733 [WARN] ConditionMgr:1039 - genDependencies : Invalid condition id : LAN8742 Phy interface Condition cause : null
2024-02-11 20:39:03,734 [WARN] ConditionMgr:1039 - genDependencies : Invalid condition id : LAN8742 Phy interface Condition cause : null
2024-02-11 20:39:03,734 [WARN] ConditionMgr:1039 - genDependencies : Invalid condition id : LAN8742 Phy interface Condition cause : null
2024-02-11 20:39:03,754 [WARN] PackLoader:240 - Cannot read IP mode file for STMicroelectronics.X-CUBE-AZRTOS-H7.3.0.0
2024-02-11 20:39:03,760 [WARN] PackLoader:240 - Cannot read IP mode file for STMicroelectronics.X-CUBE-ISPU.1.1.0
2024-02-11 20:39:03,766 [WARN] PackLoader:240 - Cannot read IP mode file for RoweBots.I-CUBE-UNISONRTOS.5.5.0-4
2024-02-11 20:39:03,771 [WARN] PackLoader:240 - Cannot read IP mode file for STMicroelectronics.X-CUBE-AI.8.0.0
2024-02-11 20:39:03,783 [WARN] ConditionMgr:438 - getConditionDescription Invalid condition id : UX DEVICE CLASS RTOS Condition cause : null
2024-02-11 20:39:03,783 [WARN] ConditionMgr:438 - getConditionDescription Invalid condition id : UX DEVICE CLASS RTOS Condition cause : null
2024-02-11 20:39:03,786 [WARN] PackLoader:240 - Cannot read IP mode file for STMicroelectronics.X-CUBE-AZRTOS-WB.2.0.0
2024-02-11 20:39:03,787 [WARN] ConditionMgr:1039 - genDependencies : Invalid condition id : UX DEVICE CLASS RTOS Condition cause : null
2024-02-11 20:39:03,787 [WARN] ConditionMgr:1039 - genDependencies : Invalid condition id : UX DEVICE CLASS RTOS Condition cause : null
2024-02-11 20:39:03,788 [WARN] ConditionMgr:1039 - genDependencies : Invalid condition id : UX DEVICE CLASS RTOS Condition cause : null
2024-02-11 20:39:03,788 [WARN] ConditionMgr:1039 - genDependencies : Invalid condition id : UX DEVICE CLASS RTOS Condition cause : null
2024-02-11 20:39:03,788 [WARN] ConditionMgr:1039 - genDependencies : Invalid condition id : UX DEVICE CLASS RTOS Condition cause : null
2024-02-11 20:39:03,822 [WARN] PackLoader:240 - Cannot read IP mode file for STMicroelectronics.X-CUBE-MEMS1.9.0.0
2024-02-11 20:39:03,914 [WARN] PackLoader:240 - Cannot read IP mode file for STMicroelectronics.X-CUBE-AZRTOS-L5.1.1.0
2024-02-11 20:39:03,927 [WARN] PackLoader:240 - Cannot read IP mode file for STMicroelectronics.X-CUBE-AZRTOS-G4.2.0.0
2024-02-11 20:39:03,931 [WARN] PackLoader:240 - Cannot read IP mode file for STMicroelectronics.FP-ATR-ASTRA1.1.1.1
2024-02-11 20:39:03,940 [WARN] PackLoader:240 - Cannot read IP mode file for Infineon.AIROC-Wi-Fi-Bluetooth-STM32.1.5.1
2024-02-11 20:39:03,945 [WARN] PackLoader:240 - Cannot read IP mode file for STMicroelectronics.FP-SNS-MOTENVWB1.1.3.1
2024-02-11 20:39:03,955 [WARN] PackLoader:240 - Cannot read IP mode file for STMicroelectronics.X-CUBE-AZRTOS-G4.1.0.0
2024-02-11 20:39:03,969 [WARN] PackLoader:240 - Cannot read IP mode file for STMicroelectronics.X-CUBE-AZRTOS-L4.1.0.0
2024-02-11 20:39:03,974 [WARN] PackLoader:240 - Cannot read IP mode file for STMicroelectronics.X-CUBE-ISPU.2.0.0
2024-02-11 20:39:04,004 [WARN] PackLoader:240 - Cannot read IP mode file for STMicroelectronics.X-CUBE-MEMS1.10.0.0
2024-02-11 20:39:04,091 [WARN] PackLoader:240 - Cannot read IP mode file for STMicroelectronics.X-CUBE-FREERTOS.1.1.0
2024-02-11 20:39:04,099 [WARN] PackLoader:240 - Cannot read IP mode file for STMicroelectronics.X-CUBE-AZRTOS-WL.1.0.0
2024-02-11 20:39:04,104 [WARN] PackLoader:240 - Cannot read IP mode file for STMicroelectronics.X-CUBE-TOF1.1.0.0
2024-02-11 20:39:04,108 [WARN] PackLoader:240 - Cannot read IP mode file for STMicroelectronics.X-CUBE-ALS.1.0.0
2024-02-11 20:39:04,112 [WARN] PackLoader:240 - Cannot read IP mode file for portGmbH.I-Cube-SoM-uGOAL.1.1.0
2024-02-11 20:39:04,114 [WARN] PackLoader:240 - Cannot read IP mode file for STMicroelectronics.X-CUBE-AI.7.0.0
2024-02-11 20:39:04,123 [WARN] PackLoader:240 - Cannot read IP mode file for STMicroelectronics.X-CUBE-AZRTOS-WB.1.1.0
2024-02-11 20:39:04,126 [WARN] PackLoader:240 - Cannot read IP mode file for STMicroelectronics.X-CUBE-EEPRMA1.3.1.0
2024-02-11 20:39:04,131 [WARN] PackLoader:240 - Cannot read IP mode file for STMicroelectronics.X-CUBE-GNSS1.5.2.0
2024-02-11 20:39:04,134 [WARN] PackLoader:240 - Cannot read IP mode file for STMicroelectronics.FP-ATR-ASTRA1.2.0.0
2024-02-11 20:39:04,141 [WARN] PackLoader:240 - Cannot read IP mode file for STMicroelectronics.X-CUBE-TOF1.3.4.0
2024-02-11 20:39:04,162 [WARN] PackLoader:240 - Cannot read IP mode file for STMicroelectronics.X-CUBE-AZRTOS-H7.3.2.0
2024-02-11 20:39:04,165 [INFO] ThirdParty:978 - Integrity check success = true
2024-02-11 20:39:04,165 [INFO] IntegrityCheckThread:100 - exiting critical section [integrity check]
2024-02-11 20:39:04,165 [INFO] IntegrityCheckThread:103 - End integrity checks thread
2024-02-11 20:39:05,076 [ERROR] LogOutputStream:75 - [STDERR_REDIRECT] [Fatal Error] :2:10: DOCTYPE is disallowed when the feature "http://apache.org/xml/features/disallow-doctype-decl" set to true.
2024-02-11 20:39:05,077 [ERROR] LogOutputStream:75 - [STDERR_REDIRECT] 
2024-02-11 20:39:19,170 [ERROR] LogOutputStream:75 - [STDERR_REDIRECT] SLF4J: Failed to load class "org.slf4j.impl.StaticLoggerBinder".
2024-02-11 20:39:19,170 [ERROR] LogOutputStream:75 - [STDERR_REDIRECT] SLF4J: Defaulting to no-operation (NOP) logger implementation
2024-02-11 20:39:19,170 [ERROR] LogOutputStream:75 - [STDERR_REDIRECT] SLF4J: See http://www.slf4j.org/codes.html#StaticLoggerBinder for further details.
