2024-02-02 20:50:58,897 [INFO] Activator:176 - 


2024-02-02 20:50:58,903 [INFO] Activator:177 - !SESSION log4j initialized
2024-02-02 20:51:03,593 [INFO] LogOutputStream:77 - [STDOUT_REDIRECT] 
2024-02-02 20:51:03,852 [ERROR] LogOutputStream:75 - [STDERR_REDIRECT] 
2024-02-02 20:51:06,037 [INFO] LogOutputStream:77 - [STDOUT_REDIRECT] 
2024-02-02 20:51:06,917 [INFO] ApplicationProperties:184 - Using Application install path: /Applications/STM32CubeIDE.app/Contents/Eclipse/plugins/com.st.stm32cube.common.mx_6.10.0.202311202037
2024-02-02 20:51:06,934 [INFO] DbMcusXml:78 - Set database path to: /Applications/STM32CubeIDE.app/Contents/Eclipse/plugins/com.st.stm32cube.common.mx_6.10.0.202311202037//db//mcu/
2024-02-02 20:51:06,934 [INFO] ApiDb:274 - Set plugin database path to: /Applications/STM32CubeIDE.app/Contents/Eclipse/plugins/com.st.stm32cube.common.mx_6.10.0.202311202037//db//plugins/boardmanager/
2024-02-02 20:51:06,934 [WARN] ApiDb:259 - Overriding images path with different value:  => /Applications/STM32CubeIDE.app/Contents/Eclipse/plugins/com.st.stm32cube.common.mx_6.10.0.202311202037//db//plugins/mcufinder/images/
2024-02-02 20:51:06,940 [INFO] ApiDb:250 - Set database path to: /Users/welcome/.stmcufinder/plugins/mcufinder//mcu/
2024-02-02 20:51:06,941 [INFO] DbMcusAds:125 - Set database path to: /Users/welcome/.stmcufinder/plugins/mcufinder//mcu/
2024-02-02 20:51:06,943 [INFO] CrossReferenceDbSqlite:203 - Set database path to: /Users/welcome/.stmcufinder/plugins/mcufinder//mcu/cs/
2024-02-02 20:51:07,032 [INFO] RulesReader:64 - Compatibility file has been processed (297 Rules)
2024-02-02 20:51:07,090 [INFO] DbMcusXml:78 - Set database path to: /Applications/STM32CubeIDE.app/Contents/Eclipse/plugins/com.st.stm32cube.common.mx_6.10.0.202311202037//db//mcu/
2024-02-02 20:51:07,090 [INFO] ApiDb:274 - Set plugin database path to: /Applications/STM32CubeIDE.app/Contents/Eclipse/plugins/com.st.stm32cube.common.mx_6.10.0.202311202037//db//plugins/boardmanager/
2024-02-02 20:51:07,090 [INFO] ApiDb:261 - Set plugin images path to: /Applications/STM32CubeIDE.app/Contents/Eclipse/plugins/com.st.stm32cube.common.mx_6.10.0.202311202037//db//plugins/mcufinder/images/
2024-02-02 20:51:07,090 [WARN] DbFile:41 - Overriding database path with different value: /Users/welcome/.stmcufinder/plugins/mcufinder/ => /Users/welcome/.stmcufinder/plugins/mcufinder
2024-02-02 20:51:07,090 [INFO] ApiDb:250 - Set database path to: /Users/welcome/.stmcufinder/plugins/mcufinder//mcu/
2024-02-02 20:51:07,090 [WARN] DbFile:41 - Overriding database path with different value: /Users/welcome/.stmcufinder/plugins/mcufinder/ => /Users/welcome/.stmcufinder/plugins/mcufinder
2024-02-02 20:51:07,090 [INFO] DbMcusAds:125 - Set database path to: /Users/welcome/.stmcufinder/plugins/mcufinder//mcu/
2024-02-02 20:51:07,090 [WARN] DbFile:41 - Overriding database path with different value: /Users/welcome/.stmcufinder/plugins/mcufinder/ => /Users/welcome/.stmcufinder/plugins/mcufinder
2024-02-02 20:51:07,091 [WARN] DbFile:41 - Overriding database path with different value: /Users/welcome/.stmcufinder/plugins/mcufinder/ => /Users/welcome/.stmcufinder/plugins/mcufinder
2024-02-02 20:51:07,091 [INFO] CrossReferenceDbSqlite:203 - Set database path to: /Users/welcome/.stmcufinder/plugins/mcufinder//mcu/cs/
2024-02-02 20:51:07,158 [INFO] MainPanel:264 - HeapMemory: 268435456
2024-02-02 20:51:07,237 [INFO] DbMcusXml:78 - Set database path to: /Applications/STM32CubeIDE.app/Contents/Eclipse/plugins/com.st.stm32cube.common.mx_6.10.0.202311202037//db//mcu/
2024-02-02 20:51:07,237 [INFO] ApiDb:274 - Set plugin database path to: /Applications/STM32CubeIDE.app/Contents/Eclipse/plugins/com.st.stm32cube.common.mx_6.10.0.202311202037//db//plugins/boardmanager/
2024-02-02 20:51:07,237 [INFO] ApiDb:261 - Set plugin images path to: /Applications/STM32CubeIDE.app/Contents/Eclipse/plugins/com.st.stm32cube.common.mx_6.10.0.202311202037//db//plugins/mcufinder/images/
2024-02-02 20:51:07,238 [WARN] DbFile:41 - Overriding database path with different value: /Users/welcome/.stmcufinder/plugins/mcufinder/ => /Users/welcome/.stmcufinder/plugins/mcufinder
2024-02-02 20:51:07,238 [INFO] ApiDb:250 - Set database path to: /Users/welcome/.stmcufinder/plugins/mcufinder//mcu/
2024-02-02 20:51:07,238 [WARN] DbFile:41 - Overriding database path with different value: /Users/welcome/.stmcufinder/plugins/mcufinder/ => /Users/welcome/.stmcufinder/plugins/mcufinder
2024-02-02 20:51:07,238 [INFO] DbMcusAds:125 - Set database path to: /Users/welcome/.stmcufinder/plugins/mcufinder//mcu/
2024-02-02 20:51:07,238 [WARN] DbFile:41 - Overriding database path with different value: /Users/welcome/.stmcufinder/plugins/mcufinder/ => /Users/welcome/.stmcufinder/plugins/mcufinder
2024-02-02 20:51:07,238 [WARN] DbFile:41 - Overriding database path with different value: /Users/welcome/.stmcufinder/plugins/mcufinder/ => /Users/welcome/.stmcufinder/plugins/mcufinder
2024-02-02 20:51:07,238 [INFO] CrossReferenceDbSqlite:203 - Set database path to: /Users/welcome/.stmcufinder/plugins/mcufinder//mcu/cs/
2024-02-02 20:51:07,253 [INFO] ApplicationProperties:184 - Using Application install path: /Applications/STM32CubeIDE.app/Contents/Eclipse/plugins/com.st.stm32cube.common.mx_6.10.0.202311202037
2024-02-02 20:51:07,254 [INFO] PluginManage:196 - Search for loadable plugins [exclusion list=, ]
2024-02-02 20:51:07,255 [INFO] PluginManage:310 - Check plugin analytics
2024-02-02 20:51:07,400 [INFO] AnalyticsPlugin:253 - Accepted Software Licenses: 
2024-02-02 20:51:07,400 [INFO] AnalyticsPlugin:255 - Accepted CMSIS Pack Licenses: 
2024-02-02 20:51:07,400 [INFO] AnalyticsPlugin:257 - Accepted Firmware Licenses: FW.F4.1.27.0
2024-02-02 20:51:07,403 [INFO] PluginManage:359 - Loaded plugin analytics (category:tool,tabindex:-1)
2024-02-02 20:51:07,403 [INFO] PluginManage:310 - Check plugin cadmodel
2024-02-02 20:51:07,724 [INFO] CADModel:105 - Init CAD model plugin
2024-02-02 20:51:07,725 [INFO] PluginManage:359 - Loaded plugin cadmodel (category:power,tabindex:5)
2024-02-02 20:51:07,725 [INFO] PluginManage:310 - Check plugin clock
2024-02-02 20:51:07,735 [INFO] PluginManage:359 - Loaded plugin clock (category:base,tabindex:2)
2024-02-02 20:51:07,735 [INFO] PluginManage:310 - Check plugin ddr
2024-02-02 20:51:07,737 [INFO] PluginManage:359 - Loaded plugin ddr (category:tool,tabindex:6)
2024-02-02 20:51:07,737 [INFO] PluginManage:310 - Check plugin filemanager
2024-02-02 20:51:07,857 [INFO] PluginManage:359 - Loaded plugin filemanager (category:base,tabindex:10)
2024-02-02 20:51:07,857 [INFO] PluginManage:310 - Check plugin ipmanager
2024-02-02 20:51:07,863 [INFO] PluginManage:359 - Loaded plugin ipmanager (category:base,tabindex:5)
2024-02-02 20:51:07,863 [INFO] PluginManage:310 - Check plugin lpbam
2024-02-02 20:51:07,872 [INFO] PluginManage:359 - Loaded plugin lpbam (category:base,tabindex:0)
2024-02-02 20:51:07,873 [INFO] PluginManage:310 - Check plugin memorymap
2024-02-02 20:51:07,885 [INFO] PluginManage:359 - Loaded plugin memorymap (category:base,tabindex:4)
2024-02-02 20:51:07,886 [INFO] PluginManage:310 - Check plugin pinoutandconfiguration
2024-02-02 20:51:07,892 [INFO] PluginManage:359 - Loaded plugin pinoutandconfiguration (category:base,tabindex:1)
2024-02-02 20:51:07,892 [INFO] PluginManage:310 - Check plugin pinoutconfig
2024-02-02 20:51:07,972 [WARN] SupportedApi:132 - Cannot load RTOS API schema: s4s-elt-must-match.1: The content of 'definitions' must match (annotation?, (simpleType | complexType)?, (unique | key | keyref)*)). A problem was found starting at: attribute.
2024-02-02 20:51:08,090 [INFO] PluginManage:359 - Loaded plugin pinoutconfig (category:base,tabindex:0)
2024-02-02 20:51:08,090 [INFO] PluginManage:310 - Check plugin power
2024-02-02 20:51:08,098 [INFO] PluginManage:359 - Loaded plugin power (category:power,tabindex:4)
2024-02-02 20:51:08,099 [INFO] PluginManage:310 - Check plugin projectmanager
2024-02-02 20:51:08,111 [INFO] PluginManage:359 - Loaded plugin projectmanager (category:projectmanager,tabindex:3)
2024-02-02 20:51:08,112 [INFO] PluginManage:310 - Check plugin thirdparty
2024-02-02 20:51:08,231 [WARN] IntegrityCheckThread:84 - waiting for thirdparty lock release [integrity check]
2024-02-02 20:51:08,232 [INFO] PluginManage:359 - Loaded plugin thirdparty (category:base,tabindex:-1)
2024-02-02 20:51:08,232 [INFO] IntegrityCheckThread:86 - entering critical section [integrity check]
2024-02-02 20:51:08,232 [INFO] PluginManage:310 - Check plugin tools
2024-02-02 20:51:08,232 [INFO] ThirdPartyUpdaterWithRetryManager:70 - Updater plugin not ready yet. [1/15]
2024-02-02 20:51:08,234 [INFO] PluginManage:359 - Loaded plugin tools (category:base,tabindex:7)
2024-02-02 20:51:08,234 [INFO] PluginManage:310 - Check plugin tutovideos
2024-02-02 20:51:08,384 [INFO] PluginManage:359 - Loaded plugin tutovideos (category:base,tabindex:-1)
2024-02-02 20:51:08,384 [INFO] PluginManage:310 - Check plugin updater
2024-02-02 20:51:08,393 [INFO] PluginManage:359 - Loaded plugin updater (category:base,tabindex:12)
2024-02-02 20:51:08,393 [INFO] PluginManage:310 - Check plugin userauth
2024-02-02 20:51:08,397 [INFO] UserAuth:114 - Init User Auth plugin
2024-02-02 20:51:08,398 [INFO] PluginManage:359 - Loaded plugin userauth (category:base,tabindex:14)
2024-02-02 20:51:08,398 [INFO] PluginManage:283 - PluginManage : Loaded plugins [17]
2024-02-02 20:51:08,549 [INFO] PinOutPanel:1499 - setPackage(No Configuration,No Configuration)
2024-02-02 20:51:08,604 [INFO] CADModel:165 - CPN selected for project level
2024-02-02 20:51:08,604 [INFO] CADModel:114 - Register for checkConnection events
2024-02-02 20:51:08,614 [INFO] IPUIPlugin:80 - create IPUIPlugin
2024-02-02 20:51:08,614 [INFO] PluginManager:220 - loadIPPluginJar : add mdma
2024-02-02 20:51:08,621 [INFO] IPUIPlugin:80 - create IPUIPlugin
2024-02-02 20:51:08,621 [INFO] PluginManager:220 - loadIPPluginJar : add freertos
2024-02-02 20:51:08,625 [INFO] IPUIPlugin:80 - create IPUIPlugin
2024-02-02 20:51:08,625 [INFO] PluginManager:220 - loadIPPluginJar : add gic
2024-02-02 20:51:08,632 [INFO] IPUIPlugin:80 - create IPUIPlugin
2024-02-02 20:51:08,632 [INFO] PluginManager:220 - loadIPPluginJar : add adc
2024-02-02 20:51:08,634 [INFO] IPUIPlugin:80 - create IPUIPlugin
2024-02-02 20:51:08,634 [INFO] PluginManager:220 - loadIPPluginJar : add gtzc
2024-02-02 20:51:08,635 [INFO] IPUIPlugin:80 - create IPUIPlugin
2024-02-02 20:51:08,635 [INFO] PluginManager:220 - loadIPPluginJar : add quadspi
2024-02-02 20:51:08,637 [INFO] IPUIPlugin:80 - create IPUIPlugin
2024-02-02 20:51:08,637 [INFO] PluginManager:220 - loadIPPluginJar : add aes
2024-02-02 20:51:08,639 [INFO] IPUIPlugin:80 - create IPUIPlugin
2024-02-02 20:51:08,639 [INFO] PluginManager:220 - loadIPPluginJar : add pdm2pcm
2024-02-02 20:51:08,640 [INFO] IPUIPlugin:80 - create IPUIPlugin
2024-02-02 20:51:08,640 [INFO] PluginManager:220 - loadIPPluginJar : add hash
2024-02-02 20:51:08,641 [INFO] IPUIPlugin:80 - create IPUIPlugin
2024-02-02 20:51:08,641 [INFO] PluginManager:220 - loadIPPluginJar : add tim
2024-02-02 20:51:08,642 [INFO] IPUIPlugin:80 - create IPUIPlugin
2024-02-02 20:51:08,642 [INFO] PluginManager:220 - loadIPPluginJar : add tsc
2024-02-02 20:51:08,643 [INFO] IPUIPlugin:80 - create IPUIPlugin
2024-02-02 20:51:08,643 [INFO] PluginManager:220 - loadIPPluginJar : add ts
2024-02-02 20:51:08,645 [INFO] IPUIPlugin:80 - create IPUIPlugin
2024-02-02 20:51:08,645 [INFO] PluginManager:220 - loadIPPluginJar : add can
2024-02-02 20:51:08,647 [INFO] IPUIPlugin:80 - create IPUIPlugin
2024-02-02 20:51:08,647 [INFO] PluginManager:220 - loadIPPluginJar : add dma3
2024-02-02 20:51:08,648 [INFO] IPUIPlugin:80 - create IPUIPlugin
2024-02-02 20:51:08,648 [INFO] PluginManager:220 - loadIPPluginJar : add dfsdm
2024-02-02 20:51:08,650 [INFO] IPUIPlugin:80 - create IPUIPlugin
2024-02-02 20:51:08,650 [INFO] PluginManager:220 - loadIPPluginJar : add spi
2024-02-02 20:51:08,651 [INFO] IPUIPlugin:80 - create IPUIPlugin
2024-02-02 20:51:08,651 [INFO] PluginManager:220 - loadIPPluginJar : add gfxmmu
2024-02-02 20:51:08,652 [INFO] IPUIPlugin:80 - create IPUIPlugin
2024-02-02 20:51:08,652 [INFO] PluginManager:220 - loadIPPluginJar : add genericplugin
2024-02-02 20:51:08,654 [INFO] IPUIPlugin:80 - create IPUIPlugin
2024-02-02 20:51:08,654 [INFO] PluginManager:220 - loadIPPluginJar : add cryp
2024-02-02 20:51:08,656 [INFO] IPUIPlugin:80 - create IPUIPlugin
2024-02-02 20:51:08,656 [INFO] PluginManager:220 - loadIPPluginJar : add gpio
2024-02-02 20:51:08,657 [INFO] IPUIPlugin:80 - create IPUIPlugin
2024-02-02 20:51:08,657 [INFO] PluginManager:220 - loadIPPluginJar : add comp
2024-02-02 20:51:08,659 [INFO] IPUIPlugin:80 - create IPUIPlugin
2024-02-02 20:51:08,659 [INFO] PluginManager:220 - loadIPPluginJar : add tracer_emb
2024-02-02 20:51:08,661 [INFO] IPUIPlugin:80 - create IPUIPlugin
2024-02-02 20:51:08,661 [INFO] PluginManager:220 - loadIPPluginJar : add openamp
2024-02-02 20:51:08,665 [INFO] IPUIPlugin:80 - create IPUIPlugin
2024-02-02 20:51:08,665 [INFO] PluginManager:220 - loadIPPluginJar : add stm32_wpan
2024-02-02 20:51:08,669 [INFO] IPUIPlugin:80 - create IPUIPlugin
2024-02-02 20:51:08,671 [INFO] PluginManager:220 - loadIPPluginJar : add plateformsettings
2024-02-02 20:51:08,674 [INFO] IPUIPlugin:80 - create IPUIPlugin
2024-02-02 20:51:08,675 [INFO] PluginManager:220 - loadIPPluginJar : add ipddr
2024-02-02 20:51:08,676 [INFO] IPUIPlugin:80 - create IPUIPlugin
2024-02-02 20:51:08,676 [INFO] PluginManager:220 - loadIPPluginJar : add usart
2024-02-02 20:51:08,677 [INFO] IPUIPlugin:80 - create IPUIPlugin
2024-02-02 20:51:08,677 [INFO] PluginManager:220 - loadIPPluginJar : add ltdc
2024-02-02 20:51:08,680 [INFO] IPUIPlugin:80 - create IPUIPlugin
2024-02-02 20:51:08,680 [INFO] PluginManager:220 - loadIPPluginJar : add nvic
2024-02-02 20:51:08,681 [INFO] IPUIPlugin:80 - create IPUIPlugin
2024-02-02 20:51:08,681 [INFO] PluginManager:220 - loadIPPluginJar : add fatfs
2024-02-02 20:51:08,686 [INFO] IPUIPlugin:80 - create IPUIPlugin
2024-02-02 20:51:08,686 [INFO] PluginManager:220 - loadIPPluginJar : add linkedlist
2024-02-02 20:51:08,690 [INFO] IPUIPlugin:80 - create IPUIPlugin
2024-02-02 20:51:08,690 [INFO] PluginManager:220 - loadIPPluginJar : add dma
2024-02-02 20:51:08,693 [INFO] IPUIPlugin:80 - create IPUIPlugin
2024-02-02 20:51:08,693 [INFO] PluginManager:220 - loadIPPluginJar : add fmc
2024-02-02 20:51:08,695 [INFO] IPUIPlugin:80 - create IPUIPlugin
2024-02-02 20:51:08,695 [INFO] PluginManager:220 - loadIPPluginJar : add i2s
2024-02-02 20:51:08,696 [INFO] IPUIPlugin:80 - create IPUIPlugin
2024-02-02 20:51:08,696 [INFO] PluginManager:220 - loadIPPluginJar : add ucpd
2024-02-02 20:51:08,697 [INFO] IPUIPlugin:80 - create IPUIPlugin
2024-02-02 20:51:08,697 [INFO] PluginManager:220 - loadIPPluginJar : add lorawan
2024-02-02 20:51:08,699 [INFO] IPUIPlugin:80 - create IPUIPlugin
2024-02-02 20:51:08,699 [INFO] PluginManager:220 - loadIPPluginJar : add opamp
2024-02-02 20:51:08,701 [INFO] IPUIPlugin:80 - create IPUIPlugin
2024-02-02 20:51:08,701 [INFO] PluginManager:220 - loadIPPluginJar : add i3c
2024-02-02 20:51:08,704 [INFO] IPUIPlugin:80 - create IPUIPlugin
2024-02-02 20:51:08,704 [INFO] PluginManager:220 - loadIPPluginJar : add touchsensing
2024-02-02 20:51:08,705 [INFO] IPUIPlugin:80 - create IPUIPlugin
2024-02-02 20:51:08,705 [INFO] PluginManager:220 - loadIPPluginJar : add i2c
2024-02-02 20:51:08,708 [INFO] IPUIPlugin:80 - create IPUIPlugin
2024-02-02 20:51:08,708 [INFO] PluginManager:220 - loadIPPluginJar : add resmgrutility
2024-02-02 20:51:08,710 [INFO] IPUIPlugin:80 - create IPUIPlugin
2024-02-02 20:51:08,710 [INFO] PluginManager:220 - loadIPPluginJar : add sai
2024-02-02 20:51:08,713 [INFO] IPUIPlugin:80 - create IPUIPlugin
2024-02-02 20:51:08,713 [INFO] PluginManager:220 - loadIPPluginJar : add usbx
2024-02-02 20:51:08,811 [INFO] CADModel:165 - CPN selected for project level
2024-02-02 20:51:08,811 [INFO] CADModel:114 - Register for checkConnection events
2024-02-02 20:51:08,812 [FATAL] Updater:308 - Updater called before beeing initialized
2024-02-02 20:51:08,812 [ERROR] CADModel:125 - Updater not yet initialized, retry later 
2024-02-02 20:51:08,953 [INFO] CADModel:165 - CPN selected for project level
2024-02-02 20:51:08,953 [INFO] CADModel:114 - Register for checkConnection events
2024-02-02 20:51:08,953 [FATAL] Updater:308 - Updater called before beeing initialized
2024-02-02 20:51:08,953 [ERROR] CADModel:125 - Updater not yet initialized, retry later 
2024-02-02 20:51:08,956 [FATAL] Updater:308 - Updater called before beeing initialized
2024-02-02 20:51:09,047 [FATAL] Updater:308 - Updater called before beeing initialized
2024-02-02 20:51:09,051 [INFO] DbMcusAds:53 - JSON generation date=Wed Nov 29 18:52:27 SGT 2023 (1701255147200)
2024-02-02 20:51:09,052 [FATAL] Updater:308 - Updater called before beeing initialized
2024-02-02 20:51:09,718 [WARN] DetailPanel:346 - Failed to get advertising image, set to default
2024-02-02 20:51:09,800 [FATAL] Updater:308 - Updater called before beeing initialized
2024-02-02 20:51:09,802 [FATAL] Updater:308 - Updater called before beeing initialized
2024-02-02 20:51:09,802 [FATAL] Updater:308 - Updater called before beeing initialized
2024-02-02 20:51:09,802 [WARN] DetailPanel:346 - Failed to get advertising image, set to default
2024-02-02 20:51:09,802 [FATAL] Updater:308 - Updater called before beeing initialized
2024-02-02 20:51:09,831 [ERROR] Updater:1120 - MainUpdater not yet initialized. External WinMGr cannot be set.
2024-02-02 20:51:09,854 [INFO] Updater:1056 - Updater Version found : 6.10.0
2024-02-02 20:51:09,872 [INFO] ApplicationProperties:184 - Using Application install path: /Applications/STM32CubeIDE.app/Contents/Eclipse/plugins/com.st.stm32cube.common.mx_6.10.0.202311202037
2024-02-02 20:51:10,783 [INFO] MainUpdater:2873 - connection check result : 10
2024-02-02 20:51:10,783 [INFO] MainUpdater:3567 - Updater definition file requires update
2024-02-02 20:51:10,784 [INFO] MainUpdater:290 - Updater Check For Update Now.
2024-02-02 20:51:10,784 [INFO] MicroXplorer:498 - Change Database Version : DB.6.0.100
2024-02-02 20:51:10,788 [INFO] McuFinderGlobals:63 - Set McuFinder mode to 2 (CubeIDE integrated)
2024-02-02 20:51:10,795 [INFO] UserAuth:404 - Internet connection configuration mode: 1
2024-02-02 20:51:10,809 [INFO] JxBrowserEngine:152 - Initiate JxBrowser Engine with user profile folder
2024-02-02 20:51:10,883 [INFO] ServerAccessManage:473 - Download File updaters.zip
2024-02-02 20:51:11,012 [INFO] FileExtend:240 - Unzip File : updaters.zip
2024-02-02 20:51:11,012 [INFO] FileExtend:255 - Standard Zip Deflate
2024-02-02 20:51:11,233 [WARN] MainUpdater:1194 - Updater busy. Cannot search thirdparties
2024-02-02 20:51:11,233 [INFO] ThirdPartyUpdaterWithRetryManager:96 - Updater plugin is busy. [1/15]
2024-02-02 20:51:11,235 [ERROR] LogOutputStream:75 - [STDERR_REDIRECT] [Fatal Error] :2:10: DOCTYPE is disallowed when the feature "http://apache.org/xml/features/disallow-doctype-decl" set to true.
2024-02-02 20:51:11,236 [ERROR] LogOutputStream:75 - [STDERR_REDIRECT] 
2024-02-02 20:51:11,279 [INFO] ServerAccessManage:473 - Download File PacksControlFlags.xml
2024-02-02 20:51:11,339 [INFO] ServerAccessManage:473 - Download File cubemx.pidx
2024-02-02 20:51:11,693 [INFO] ServerAccessManage:473 - Download File STMicroelectronics.X-CUBE-EEPRMA1.pdsc
2024-02-02 20:51:12,319 [INFO] WebApp:161 - Instantiating new browser for Auth
2024-02-02 20:51:12,747 [ERROR] ServerAccessManage:1089 - Problem, file not found on Server
2024-02-02 20:51:13,118 [INFO] WebApp:780 - Register for checkConnection events
2024-02-02 20:51:13,127 [INFO] WebApp:414 - Apply proxy settings
2024-02-02 20:51:13,167 [INFO] WebApp:459 - Chromium authenticates against Manually configured proxy
2024-02-02 20:51:13,189 [INFO] WebApp:467 - Username used for proxy authentication: 
2024-02-02 20:51:13,375 [INFO] WebApp:192 - Starting web application
2024-02-02 20:51:13,376 [INFO] WebApp:544 - Web application path used /Applications/STM32CubeIDE.app/Contents/Eclipse/plugins/com.st.stm32cube.common.mx_6.10.0.202311202037/db/plugins/mcufinder/reactClient1/index.html
2024-02-02 20:51:14,064 [ERROR] ServerAccessManage:1089 - Problem, file not found on Server
2024-02-02 20:51:14,237 [WARN] MainUpdater:1194 - Updater busy. Cannot search thirdparties
2024-02-02 20:51:14,237 [INFO] ThirdPartyUpdaterWithRetryManager:96 - Updater plugin is busy. [2/15]
2024-02-02 20:51:17,237 [WARN] MainUpdater:1194 - Updater busy. Cannot search thirdparties
2024-02-02 20:51:17,253 [INFO] ThirdPartyUpdaterWithRetryManager:96 - Updater plugin is busy. [3/15]
2024-02-02 20:51:17,488 [INFO] ServerAccessManage:473 - Download File SEGGER.I-CUBE-embOS.pdsc
2024-02-02 20:51:19,048 [WARN] PackLoader:240 - Cannot read IP mode file for STMicroelectronics.X-CUBE-EEPRMA1.5.1.0
2024-02-02 20:51:19,096 [WARN] PackLoader:240 - Cannot read IP mode file for SEGGER.I-CUBE-embOS.1.3.1
2024-02-02 20:51:19,141 [INFO] PopulateThirdPartyThread:66 - Ending populate Thread
2024-02-02 20:51:19,143 [INFO] ThirdParty:1030 - CMSIS Pack Vendor :STMicroelectronics X-CUBE-EEPRMA1 5.1.0
2024-02-02 20:51:19,143 [INFO] ThirdParty:1030 - CMSIS Pack Vendor :SEGGER I-CUBE-embOS 1.3.1
2024-02-02 20:51:19,143 [INFO] LoadServerUpdatesThread:375 - End of LoadServerUpdate Thread
2024-02-02 20:51:19,170 [INFO] CheckServerUpdateThread:120 - End of CheckServer Thread
2024-02-02 20:51:20,480 [WARN] PackLoader:240 - Cannot read IP mode file for STMicroelectronics.X-CUBE-SMBUS.2.1.0
2024-02-02 20:51:20,485 [WARN] PackLoader:240 - Cannot read IP mode file for STMicroelectronics.X-CUBE-TOUCHGFX.4.23.0
2024-02-02 20:51:20,513 [WARN] PackLoader:240 - Cannot read IP mode file for STMicroelectronics.X-CUBE-AZRTOS-F7.1.1.0
2024-02-02 20:51:20,524 [WARN] PackLoader:240 - Cannot read IP mode file for STMicroelectronics.FP-SNS-MOTENV1.4.3.2
2024-02-02 20:51:20,533 [WARN] PackLoader:240 - Cannot read IP mode file for STMicroelectronics.X-CUBE-BLE1.6.2.4
2024-02-02 20:51:20,539 [WARN] PackLoader:240 - Cannot read IP mode file for STMicroelectronics.X-CUBE-BLE1.6.2.1
2024-02-02 20:51:20,546 [WARN] PackLoader:240 - Cannot read IP mode file for STMicroelectronics.X-CUBE-BLE2.3.2.1
2024-02-02 20:51:20,552 [WARN] PackLoader:240 - Cannot read IP mode file for STMicroelectronics.FP-SNS-FLIGHT1.5.0.2
2024-02-02 20:51:20,562 [WARN] PackLoader:240 - Cannot read IP mode file for STMicroelectronics.X-CUBE-DISPLAY.3.0.0
2024-02-02 20:51:20,578 [WARN] PackLoader:240 - Cannot read IP mode file for STMicroelectronics.X-CUBE-BLE1.7.0.0
2024-02-02 20:51:20,590 [WARN] PackLoader:240 - Cannot read IP mode file for STMicroelectronics.X-CUBE-SUBG2.4.2.0
2024-02-02 20:51:20,623 [WARN] PackLoader:240 - Cannot read IP mode file for STMicroelectronics.X-CUBE-AZRTOS-H7.1.0.0
2024-02-02 20:51:20,633 [WARN] PackLoader:240 - Cannot read IP mode file for STMicroelectronics.FP-SNS-SMARTAG2.1.2.0
2024-02-02 20:51:20,641 [INFO] LogOutputStream:77 - [STDOUT_REDIRECT] 1 : Invalid condition id : UX_CORESTACK_Condition cause : null
2024-02-02 20:51:20,641 [INFO] LogOutputStream:77 - [STDOUT_REDIRECT] 1 : Invalid condition id : UX_CORESTACK_Condition cause : null
2024-02-02 20:51:20,642 [INFO] LogOutputStream:77 - [STDOUT_REDIRECT] 1 : Invalid condition id : UX_CORESTACK_Condition cause : null
2024-02-02 20:51:20,642 [INFO] LogOutputStream:77 - [STDOUT_REDIRECT] 1 : Invalid condition id : UX_CORESTACK_Condition cause : null
2024-02-02 20:51:20,642 [INFO] LogOutputStream:77 - [STDOUT_REDIRECT] 1 : Invalid condition id : UX_CORESTACK_Condition cause : null
2024-02-02 20:51:20,644 [WARN] PackLoader:240 - Cannot read IP mode file for STMicroelectronics.X-CUBE-AZRTOS-WL.2.0.0
2024-02-02 20:51:20,650 [WARN] PackLoader:240 - Cannot read IP mode file for STMicroelectronics.X-CUBE-ALGOBUILD.1.2.1
2024-02-02 20:51:20,656 [WARN] PackLoader:240 - Cannot read IP mode file for WES.I-CUBE-Cesium.1.3.0
2024-02-02 20:51:20,662 [WARN] PackLoader:240 - Cannot read IP mode file for STMicroelectronics.X-CUBE-DISPLAY.2.2.0
2024-02-02 20:51:20,678 [WARN] PackLoader:240 - Cannot read IP mode file for STMicroelectronics.X-CUBE-TOF1.3.2.0
2024-02-02 20:51:20,687 [WARN] PackLoader:240 - Cannot read IP mode file for STMicroelectronics.X-CUBE-TOUCHGFX.4.21.1
2024-02-02 20:51:20,691 [WARN] PackLoader:240 - Cannot read IP mode file for STMicroelectronics.X-CUBE-TOUCHGFX.4.21.0
2024-02-02 20:51:20,737 [WARN] PackLoader:240 - Cannot read IP mode file for STMicroelectronics.X-CUBE-MEMS1.9.4.0
2024-02-02 20:51:20,913 [WARN] PackLoader:240 - Cannot read IP mode file for STMicroelectronics.X-CUBE-AI.7.3.0
2024-02-02 20:51:20,941 [WARN] PackLoader:240 - Cannot read IP mode file for STMicroelectronics.X-CUBE-AZRTOS-G0.1.1.0
2024-02-02 20:51:20,951 [WARN] PackLoader:240 - Cannot read IP mode file for STMicroelectronics.X-CUBE-NFC4.3.0.0
2024-02-02 20:51:21,002 [WARN] PackLoader:240 - Cannot read IP mode file for SEGGER.I-CUBE-embOS.1.2.0
2024-02-02 20:51:21,057 [WARN] PackLoader:240 - Cannot read IP mode file for STMicroelectronics.X-CUBE-TOUCHGFX.4.17.0
2024-02-02 20:51:21,065 [WARN] PackLoader:240 - Cannot read IP mode file for STMicroelectronics.X-CUBE-BLEMGR.3.0.0
2024-02-02 20:51:21,076 [WARN] PackLoader:240 - Cannot read IP mode file for STMicroelectronics.X-CUBE-BLEMGR.1.3.0
2024-02-02 20:51:21,083 [WARN] PackLoader:240 - Cannot read IP mode file for STMicroelectronics.X-CUBE-EEPRMA1.5.1.0
2024-02-02 20:51:21,133 [WARN] PackLoader:240 - Cannot read IP mode file for STMicroelectronics.X-CUBE-MEMS1.9.5.0
2024-02-02 20:51:21,310 [WARN] PackLoader:240 - Cannot read IP mode file for SEGGER.I-CUBE-embOS.1.3.1
2024-02-02 20:51:21,347 [WARN] PackLoader:240 - Cannot read IP mode file for STMicroelectronics.X-CUBE-AZRTOS-F4.1.1.0
2024-02-02 20:51:21,362 [WARN] PackLoader:240 - Cannot read IP mode file for STMicroelectronics.X-CUBE-AZRTOS-L5.2.0.0
2024-02-02 20:51:21,368 [WARN] PackLoader:240 - Cannot read IP mode file for STMicroelectronics.X-CUBE-EEPRMA1.4.2.0
2024-02-02 20:51:21,374 [WARN] PackLoader:240 - Cannot read IP mode file for ITTIA_DB.I-CUBE-ITTIADB.8.8.0
2024-02-02 20:51:21,380 [WARN] PackLoader:240 - Cannot read IP mode file for emotas.I-CUBE-CANOPEN.1.1.3
2024-02-02 20:51:21,384 [WARN] PackLoader:240 - Cannot read IP mode file for STMicroelectronics.X-CUBE-NFC4.2.0.5
2024-02-02 20:51:21,388 [WARN] PackLoader:240 - Cannot read IP mode file for STMicroelectronics.X-CUBE-NFC4.2.0.3
2024-02-02 20:51:21,392 [WARN] PackLoader:240 - Cannot read IP mode file for wolfSSL.I-CUBE-wolfSSL.4.8.0
2024-02-02 20:51:21,397 [WARN] PackLoader:240 - Cannot read IP mode file for STMicroelectronics.X-CUBE-SFXS2LP1.3.1.0
2024-02-02 20:51:21,402 [WARN] PackLoader:240 - Cannot read IP mode file for STMicroelectronics.X-CUBE-NFC7.1.0.1
2024-02-02 20:51:21,407 [WARN] PackLoader:240 - Cannot read IP mode file for STMicroelectronics.X-CUBE-NFC7.1.0.0
2024-02-02 20:51:21,413 [WARN] PackLoader:240 - Cannot read IP mode file for STMicroelectronics.X-CUBE-NFC6.3.0.0
2024-02-02 20:51:21,420 [WARN] PackLoader:240 - Cannot read IP mode file for STMicroelectronics.X-CUBE-EEPRMA1.4.1.0
2024-02-02 20:51:21,424 [WARN] PackLoader:240 - Cannot read IP mode file for STMicroelectronics.X-CUBE-DISPLAY.1.0.0
2024-02-02 20:51:21,428 [WARN] PackLoader:240 - Cannot read IP mode file for STMicroelectronics.X-CUBE-AI.8.1.0
2024-02-02 20:51:21,441 [WARN] ConditionMgr:438 - getConditionDescription Invalid condition id : LAN8742 Phy interface Condition cause : null
2024-02-02 20:51:21,441 [WARN] PackLoader:240 - Cannot read IP mode file for STMicroelectronics.X-CUBE-AZRTOS-L4.2.0.0
2024-02-02 20:51:21,442 [WARN] ConditionMgr:1039 - genDependencies : Invalid condition id : LAN8742 Phy interface Condition cause : null
2024-02-02 20:51:21,443 [WARN] ConditionMgr:1039 - genDependencies : Invalid condition id : LAN8742 Phy interface Condition cause : null
2024-02-02 20:51:21,443 [WARN] ConditionMgr:1039 - genDependencies : Invalid condition id : LAN8742 Phy interface Condition cause : null
2024-02-02 20:51:21,457 [WARN] PackLoader:240 - Cannot read IP mode file for STMicroelectronics.X-CUBE-AZRTOS-H7.3.0.0
2024-02-02 20:51:21,462 [WARN] PackLoader:240 - Cannot read IP mode file for STMicroelectronics.X-CUBE-ISPU.1.1.0
2024-02-02 20:51:21,467 [WARN] PackLoader:240 - Cannot read IP mode file for RoweBots.I-CUBE-UNISONRTOS.5.5.0-4
2024-02-02 20:51:21,470 [WARN] PackLoader:240 - Cannot read IP mode file for STMicroelectronics.X-CUBE-AI.8.0.0
2024-02-02 20:51:21,481 [WARN] ConditionMgr:438 - getConditionDescription Invalid condition id : UX DEVICE CLASS RTOS Condition cause : null
2024-02-02 20:51:21,481 [WARN] ConditionMgr:438 - getConditionDescription Invalid condition id : UX DEVICE CLASS RTOS Condition cause : null
2024-02-02 20:51:21,482 [WARN] PackLoader:240 - Cannot read IP mode file for STMicroelectronics.X-CUBE-AZRTOS-WB.2.0.0
2024-02-02 20:51:21,483 [WARN] ConditionMgr:1039 - genDependencies : Invalid condition id : UX DEVICE CLASS RTOS Condition cause : null
2024-02-02 20:51:21,483 [WARN] ConditionMgr:1039 - genDependencies : Invalid condition id : UX DEVICE CLASS RTOS Condition cause : null
2024-02-02 20:51:21,484 [WARN] ConditionMgr:1039 - genDependencies : Invalid condition id : UX DEVICE CLASS RTOS Condition cause : null
2024-02-02 20:51:21,484 [WARN] ConditionMgr:1039 - genDependencies : Invalid condition id : UX DEVICE CLASS RTOS Condition cause : null
2024-02-02 20:51:21,484 [WARN] ConditionMgr:1039 - genDependencies : Invalid condition id : UX DEVICE CLASS RTOS Condition cause : null
2024-02-02 20:51:21,510 [WARN] PackLoader:240 - Cannot read IP mode file for STMicroelectronics.X-CUBE-MEMS1.9.0.0
2024-02-02 20:51:21,603 [WARN] PackLoader:240 - Cannot read IP mode file for STMicroelectronics.X-CUBE-AZRTOS-L5.1.1.0
2024-02-02 20:51:21,618 [WARN] PackLoader:240 - Cannot read IP mode file for STMicroelectronics.X-CUBE-AZRTOS-G4.2.0.0
2024-02-02 20:51:21,622 [WARN] PackLoader:240 - Cannot read IP mode file for STMicroelectronics.FP-ATR-ASTRA1.1.1.1
2024-02-02 20:51:21,632 [WARN] PackLoader:240 - Cannot read IP mode file for Infineon.AIROC-Wi-Fi-Bluetooth-STM32.1.5.1
2024-02-02 20:51:21,637 [WARN] PackLoader:240 - Cannot read IP mode file for STMicroelectronics.FP-SNS-MOTENVWB1.1.3.1
2024-02-02 20:51:21,652 [WARN] PackLoader:240 - Cannot read IP mode file for STMicroelectronics.X-CUBE-AZRTOS-G4.1.0.0
2024-02-02 20:51:21,667 [WARN] PackLoader:240 - Cannot read IP mode file for STMicroelectronics.X-CUBE-AZRTOS-L4.1.0.0
2024-02-02 20:51:21,672 [WARN] PackLoader:240 - Cannot read IP mode file for STMicroelectronics.X-CUBE-ISPU.2.0.0
2024-02-02 20:51:21,699 [WARN] PackLoader:240 - Cannot read IP mode file for STMicroelectronics.X-CUBE-MEMS1.10.0.0
2024-02-02 20:51:21,790 [WARN] PackLoader:240 - Cannot read IP mode file for STMicroelectronics.X-CUBE-FREERTOS.1.1.0
2024-02-02 20:51:21,798 [WARN] PackLoader:240 - Cannot read IP mode file for STMicroelectronics.X-CUBE-AZRTOS-WL.1.0.0
2024-02-02 20:51:21,802 [WARN] PackLoader:240 - Cannot read IP mode file for STMicroelectronics.X-CUBE-TOF1.1.0.0
2024-02-02 20:51:21,805 [WARN] PackLoader:240 - Cannot read IP mode file for STMicroelectronics.X-CUBE-ALS.1.0.0
2024-02-02 20:51:21,809 [WARN] PackLoader:240 - Cannot read IP mode file for portGmbH.I-Cube-SoM-uGOAL.1.1.0
2024-02-02 20:51:21,811 [WARN] PackLoader:240 - Cannot read IP mode file for STMicroelectronics.X-CUBE-AI.7.0.0
2024-02-02 20:51:21,821 [WARN] PackLoader:240 - Cannot read IP mode file for STMicroelectronics.X-CUBE-AZRTOS-WB.1.1.0
2024-02-02 20:51:21,824 [WARN] PackLoader:240 - Cannot read IP mode file for STMicroelectronics.X-CUBE-EEPRMA1.3.1.0
2024-02-02 20:51:21,829 [WARN] PackLoader:240 - Cannot read IP mode file for STMicroelectronics.X-CUBE-GNSS1.5.2.0
2024-02-02 20:51:21,832 [WARN] PackLoader:240 - Cannot read IP mode file for STMicroelectronics.FP-ATR-ASTRA1.2.0.0
2024-02-02 20:51:21,840 [WARN] PackLoader:240 - Cannot read IP mode file for STMicroelectronics.X-CUBE-TOF1.3.4.0
2024-02-02 20:51:21,860 [WARN] PackLoader:240 - Cannot read IP mode file for STMicroelectronics.X-CUBE-AZRTOS-H7.3.2.0
2024-02-02 20:51:21,862 [INFO] ThirdParty:978 - Integrity check success = true
2024-02-02 20:51:21,863 [INFO] IntegrityCheckThread:100 - exiting critical section [integrity check]
2024-02-02 20:51:21,863 [INFO] IntegrityCheckThread:103 - End integrity checks thread
2024-02-02 20:51:26,915 [ERROR] LogOutputStream:75 - [STDERR_REDIRECT] SLF4J: Failed to load class "org.slf4j.impl.StaticLoggerBinder".
2024-02-02 20:51:26,916 [ERROR] LogOutputStream:75 - [STDERR_REDIRECT] SLF4J: Defaulting to no-operation (NOP) logger implementation
2024-02-02 20:51:26,916 [ERROR] LogOutputStream:75 - [STDERR_REDIRECT] SLF4J: See http://www.slf4j.org/codes.html#StaticLoggerBinder for further details.
